{
  "stats": {
    "suites": 5,
    "tests": 12,
    "passes": 12,
    "pending": 0,
    "failures": 0,
    "start": "2022-08-03T10:39:22.307Z",
    "end": "2022-08-03T10:42:56.210Z",
    "duration": 213903,
    "testsRegistered": 12,
    "passPercent": 100,
    "pendingPercent": 0,
    "other": 0,
    "hasOther": false,
    "skipped": 0,
    "hasSkipped": false
  },
  "results": [
    {
      "uuid": "3630728b-fce8-47df-8a0c-f912cdb8217f",
      "title": "",
      "fullFile": "cypress\\e2e\\ads.cy.js",
      "file": "cypress\\e2e\\ads.cy.js",
      "beforeHooks": [],
      "afterHooks": [],
      "tests": [],
      "suites": [
        {
          "uuid": "c66708f7-6668-41ba-bf77-80566c2416b6",
          "title": "Ads",
          "fullFile": "",
          "file": "",
          "beforeHooks": [],
          "afterHooks": [],
          "tests": [],
          "suites": [
            {
              "uuid": "66924b17-4e44-46c8-98bd-7163849c7875",
              "title": "Dashboard ",
              "fullFile": "",
              "file": "",
              "beforeHooks": [],
              "afterHooks": [],
              "tests": [
                {
                  "title": "Insights - C2791",
                  "fullTitle": "Ads Dashboard  Insights - C2791",
                  "timedOut": null,
                  "duration": 20251,
                  "state": "passed",
                  "speed": "slow",
                  "pass": true,
                  "fail": false,
                  "pending": false,
                  "context": null,
                  "code": "cy.visit('/admin/account/3854/office/0/project/320406/ads_dashboard');\ncy.wait(6000);\ncy.get('.date-range-container').click();\ncy.get('[data-range-key=\"Last Year\"]').click();\ncy.get('.dashboard_controls').should('be.visible');\ncy.get('.AdsDashboardView').should('be.visible');\ncy.get('.stat_module_spend > .AdsMetricView > .metric_view_container').should('be.visible');\ncy.get('.stat_module_impressions > .AdsMetricView').should('be.visible');\ncy.get('.stat_module_engagement > .AdsMetricView > .metric_view_container').should('be.visible');\ncy.get('.stat_module_active_ads > .AdsMetricView').should('be.visible');\ncy.get('.AdsTopPerformingCreativesView').should('be.visible');",
                  "err": {},
                  "uuid": "ad4acbc2-d7af-46dc-8865-705956bd281a",
                  "parentUUID": "66924b17-4e44-46c8-98bd-7163849c7875",
                  "isHook": false,
                  "skipped": false
                }
              ],
              "suites": [],
              "passes": [
                "ad4acbc2-d7af-46dc-8865-705956bd281a"
              ],
              "failures": [],
              "pending": [],
              "skipped": [],
              "duration": 20251,
              "root": false,
              "rootEmpty": false,
              "_timeout": 2000
            },
            {
              "uuid": "2fdcdcbe-d8a2-4661-98bb-2b84ecf36b77",
              "title": "Library-creative",
              "fullFile": "",
              "file": "",
              "beforeHooks": [],
              "afterHooks": [],
              "tests": [
                {
                  "title": "Creatve Lib - C2793",
                  "fullTitle": "Ads Library-creative Creatve Lib - C2793",
                  "timedOut": null,
                  "duration": 19005,
                  "state": "passed",
                  "speed": "slow",
                  "pass": true,
                  "fail": false,
                  "pending": false,
                  "context": null,
                  "code": "cy.visit('/admin/account/3854/office/0/project/320406/ads_creatives');\ncy.wait(5000);\ncy.get('.btn_add_library').click();\ncy.get('#name').type(LibName);\ncy.get('.primary_button').click();\ncy.wait(5000);",
                  "err": {},
                  "uuid": "e1f297ef-1be1-4ace-a5d4-05ec51b295dc",
                  "parentUUID": "2fdcdcbe-d8a2-4661-98bb-2b84ecf36b77",
                  "isHook": false,
                  "skipped": false
                },
                {
                  "title": "Add creative - C2794",
                  "fullTitle": "Ads Library-creative Add creative - C2794",
                  "timedOut": null,
                  "duration": 27948,
                  "state": "passed",
                  "speed": "slow",
                  "pass": true,
                  "fail": false,
                  "pending": false,
                  "context": null,
                  "code": "cy.visit('/admin/account/3854/office/0/project/320406/ads_creatives');\ncy.contains('.select2-chosen', 'All libraries').click();\ncy.wait(6000);\ncy.get('#s2id_autogen2_search').type(LibName);\ncy.wait(7000);\ncy.get('[class=\"select2-result-label\"][role=\"option\"]').first().click();\ncy.get('.btn_add_creative').click();\ncy.get('.AdCreativeImageFormatView > .btn_container > .left-col > .label_check').click();\ncy.get('.primary_button').click({\n  force: true\n});\ncy.wait(5000);",
                  "err": {},
                  "uuid": "e5988016-3b27-4a3e-acb9-1e46c26d3312",
                  "parentUUID": "2fdcdcbe-d8a2-4661-98bb-2b84ecf36b77",
                  "isHook": false,
                  "skipped": false
                },
                {
                  "title": "edit creative - C2795",
                  "fullTitle": "Ads Library-creative edit creative - C2795",
                  "timedOut": null,
                  "duration": 823,
                  "state": "passed",
                  "speed": "fast",
                  "pass": true,
                  "fail": false,
                  "pending": false,
                  "context": null,
                  "code": "cy.get('.creative_toolbar > .edit').first().click();\ncy.get('.AdCreativeImageFormatView > .text_input_container > :nth-child(1) > textarea').first().type('arsenal');\ncy.get('.primary_button').click({\n  force: true\n});",
                  "err": {},
                  "uuid": "48a6bf39-e682-41d4-8758-fa13e42ce2e2",
                  "parentUUID": "2fdcdcbe-d8a2-4661-98bb-2b84ecf36b77",
                  "isHook": false,
                  "skipped": false
                },
                {
                  "title": "Transfer creative - C2796",
                  "fullTitle": "Ads Library-creative Transfer creative - C2796",
                  "timedOut": null,
                  "duration": 26720,
                  "state": "passed",
                  "speed": "slow",
                  "pass": true,
                  "fail": false,
                  "pending": false,
                  "context": null,
                  "code": "cy.visit('/admin/account/3854/office/0/project/320406/ads_creatives');\ncy.wait(5000); // cy.get(':nth-child(3) > .wrapper > .section_title > .title_box > .truncate')\ncy.get(':nth-child(3) > .wrapper').click();\ncy.wait(4000);\ncy.get(':nth-child(1) > .creative_toolbar > .transfer').first().click();\ncy.wait(4000);\ncy.get('.label_checkbox').click();\ncy.contains('.select2-chosen', 'All libraries').click().type('...Lib17thfeb');\ncy.wait(5000);\ncy.contains('[class=\"name\"]', '...Lib17thfeb').click();\ncy.get('.primary_button').click();",
                  "err": {},
                  "uuid": "1b0466d8-d73e-4587-a186-f5af78a3b5b8",
                  "parentUUID": "2fdcdcbe-d8a2-4661-98bb-2b84ecf36b77",
                  "isHook": false,
                  "skipped": false
                }
              ],
              "suites": [],
              "passes": [
                "e1f297ef-1be1-4ace-a5d4-05ec51b295dc",
                "e5988016-3b27-4a3e-acb9-1e46c26d3312",
                "48a6bf39-e682-41d4-8758-fa13e42ce2e2",
                "1b0466d8-d73e-4587-a186-f5af78a3b5b8"
              ],
              "failures": [],
              "pending": [],
              "skipped": [],
              "duration": 74496,
              "root": false,
              "rootEmpty": false,
              "_timeout": 2000
            },
            {
              "uuid": "b484b37d-62b3-4262-9219-370f7c8153b5",
              "title": "Leads",
              "fullFile": "",
              "file": "",
              "beforeHooks": [],
              "afterHooks": [],
              "tests": [
                {
                  "title": "Create Lead - C2801",
                  "fullTitle": "Ads Leads Create Lead - C2801",
                  "timedOut": null,
                  "duration": 24468,
                  "state": "passed",
                  "speed": "slow",
                  "pass": true,
                  "fail": false,
                  "pending": false,
                  "context": null,
                  "code": "cy.visit('/admin/account/3854/office/0/project/320406/ads_leads');\ncy.get('[data-href=\"ads_leads\"]').click();\ncy.get('.control_btn_group > .AdLeadsControlBarView > .icon_button').click();\ncy.get(':nth-child(1) > .row > input').type('Leadz' + Hdate + xMen[Math.floor(Math.random() * 6)]);\ncy.get(':nth-child(5) > .header').click();\ncy.wait(4000);\ncy.get('.open > .content > :nth-child(2) > input').type(CompleteURL);\ncy.wait(4000);\ncy.get(':nth-child(7) > .header').click();\ncy.get(':nth-child(5) > input').type(CompleteURL);\ncy.get('.primary_button').click({\n  force: true\n});\ncy.wait(5000);",
                  "err": {},
                  "uuid": "b8f19971-8698-4b1a-9d36-4918813245cd",
                  "parentUUID": "b484b37d-62b3-4262-9219-370f7c8153b5",
                  "isHook": false,
                  "skipped": false
                },
                {
                  "title": "Leads Form-Download - C2803",
                  "fullTitle": "Ads Leads Leads Form-Download - C2803",
                  "timedOut": null,
                  "duration": 17006,
                  "state": "passed",
                  "speed": "slow",
                  "pass": true,
                  "fail": false,
                  "pending": false,
                  "context": null,
                  "code": "cy.visit('/admin/account/3854/office/0/project/320406/ads_leads');\ncy.wait(5000);\ncy.get('[class=\"icon_button export fa fa-download\"][title=\"Export Leads\"]').first().click();\ncy.get('.btn_export').click();\ncy.wait(5000);",
                  "err": {},
                  "uuid": "9c875985-2eb6-4fcd-a30f-b67326b09aa0",
                  "parentUUID": "b484b37d-62b3-4262-9219-370f7c8153b5",
                  "isHook": false,
                  "skipped": false
                },
                {
                  "title": "Leads Form-Copy - C2802",
                  "fullTitle": "Ads Leads Leads Form-Copy - C2802",
                  "timedOut": null,
                  "duration": 16343,
                  "state": "passed",
                  "speed": "slow",
                  "pass": true,
                  "fail": false,
                  "pending": false,
                  "context": null,
                  "code": "cy.visit('/admin/account/3854/office/0/project/320406/ads_leads');\ncy.wait(5000);\ncy.get('[class=\"icon_button copy fa fa-copy\"][title=\"Copy Form\"]').first().click();\ncy.wait(5000);\ncy.get('.primary_button').click();\ncy.get('.bbm-modal__icon_close').click();",
                  "err": {},
                  "uuid": "b6de5161-d6da-4b5c-8b4a-50cae902d73a",
                  "parentUUID": "b484b37d-62b3-4262-9219-370f7c8153b5",
                  "isHook": false,
                  "skipped": false
                },
                {
                  "title": "Leads Form-Delete",
                  "fullTitle": "Ads Leads Leads Form-Delete",
                  "timedOut": null,
                  "duration": 17359,
                  "state": "passed",
                  "speed": "slow",
                  "pass": true,
                  "fail": false,
                  "pending": false,
                  "context": null,
                  "code": "cy.visit('/admin/account/3854/office/0/project/320406/ads_leads');\ncy.wait(5000);\ncy.get('[class=\"icon_button delete fa fa-trash\"][title=\"Delete Form\"]').first().click();\ncy.wait(5000);\ncy.get('.primary_button').click();\ncy.get('.bbm-modal__icon_close').click();",
                  "err": {},
                  "uuid": "16dfb710-546b-4f2a-a32b-7e605a9b0a1a",
                  "parentUUID": "b484b37d-62b3-4262-9219-370f7c8153b5",
                  "isHook": false,
                  "skipped": false
                }
              ],
              "suites": [
                {
                  "uuid": "50675688-2af5-402d-bd90-22656b16739c",
                  "title": "Ads PLUS",
                  "fullFile": "",
                  "file": "",
                  "beforeHooks": [],
                  "afterHooks": [],
                  "tests": [
                    {
                      "title": "Audience - C2792",
                      "fullTitle": "Ads Leads Ads PLUS Audience - C2792",
                      "timedOut": null,
                      "duration": 5190,
                      "state": "passed",
                      "speed": "medium",
                      "pass": true,
                      "fail": false,
                      "pending": false,
                      "context": null,
                      "code": "cy.get('[data-href=\"ads_audiences\"]').click({\n  force: true\n});\ncy.get('.btn_create_audience').click();\ncy.get('.audience_name').type('Audience-' + Hdate);\ncy.wait(4000); // cy.get('#s2id_autogen30 > .select2-choices').type('batman')\n// cy.xpath('/html/body/div[21]/ul/li[1]/div/div[2]').click()\ncy.get('.primary_button').click();",
                      "err": {},
                      "uuid": "727f20d8-f270-4dc0-86fb-8b2f81cb8a88",
                      "parentUUID": "50675688-2af5-402d-bd90-22656b16739c",
                      "isHook": false,
                      "skipped": false
                    },
                    {
                      "title": "Management - C2797",
                      "fullTitle": "Ads Leads Ads PLUS Management - C2797",
                      "timedOut": null,
                      "duration": 25181,
                      "state": "passed",
                      "speed": "slow",
                      "pass": true,
                      "fail": false,
                      "pending": false,
                      "context": null,
                      "code": "cy.visit('/admin/account/3854/office/0/project/320406/ads_management');\ncy.wait(5000);\ncy.get('.control_btn_group > .active').click();\ncy.get('.campaign > .field_input > .promote_input').type('Oranges');\ncy.contains('Custom Objective Per Ad').click(); // cy.xpath('//*[contains(text(),\"Reach\")][@class=\"select2-result-label\"]').click()\ncy.contains('[class=\"select2-result-label\"][role=\"option\"]', 'Reach').click();\ncy.contains('Use Location Default Audience').click();\ncy.wait(9000); // cy.xpath(\"//*[contains(text(),'Audience-')]\").first().click()\ncy.contains('[class=\"select2-result-label\"][role=\"option\"]', 'Audience-').first().click();\ncy.get('.prefixed_input > .promote_input').type('99');\ncy.get(':nth-child(1) > .post_checkbox > .label_check').click();\ncy.get('.primary_button').click();\ncy.log('Ad created successfully'); // cy.contains(\"Reach\").click()\n// cy.contains('.select2-match', 'Reach').click()",
                      "err": {},
                      "uuid": "75df0ee4-6d47-4b64-9bad-ec73ba19970b",
                      "parentUUID": "50675688-2af5-402d-bd90-22656b16739c",
                      "isHook": false,
                      "skipped": false
                    },
                    {
                      "title": "Pause Ads - C2798",
                      "fullTitle": "Ads Leads Ads PLUS Pause Ads - C2798",
                      "timedOut": null,
                      "duration": 13350,
                      "state": "passed",
                      "speed": "slow",
                      "pass": true,
                      "fail": false,
                      "pending": false,
                      "context": null,
                      "code": "cy.visit('/admin/account/3854/office/0/project/320406/ads_management');\ncy.wait(6000);\ncy.get('.dropdown').click();\ncy.get('.overflow_menu_item').click();",
                      "err": {},
                      "uuid": "cb20a6e0-04ba-4610-8589-2d4ea5f8b68d",
                      "parentUUID": "50675688-2af5-402d-bd90-22656b16739c",
                      "isHook": false,
                      "skipped": false
                    }
                  ],
                  "suites": [],
                  "passes": [
                    "727f20d8-f270-4dc0-86fb-8b2f81cb8a88",
                    "75df0ee4-6d47-4b64-9bad-ec73ba19970b",
                    "cb20a6e0-04ba-4610-8589-2d4ea5f8b68d"
                  ],
                  "failures": [],
                  "pending": [],
                  "skipped": [],
                  "duration": 43721,
                  "root": false,
                  "rootEmpty": false,
                  "_timeout": 2000
                }
              ],
              "passes": [
                "b8f19971-8698-4b1a-9d36-4918813245cd",
                "9c875985-2eb6-4fcd-a30f-b67326b09aa0",
                "b6de5161-d6da-4b5c-8b4a-50cae902d73a",
                "16dfb710-546b-4f2a-a32b-7e605a9b0a1a"
              ],
              "failures": [],
              "pending": [],
              "skipped": [],
              "duration": 75176,
              "root": false,
              "rootEmpty": false,
              "_timeout": 2000
            }
          ],
          "passes": [],
          "failures": [],
          "pending": [],
          "skipped": [],
          "duration": 0,
          "root": false,
          "rootEmpty": false,
          "_timeout": 2000
        }
      ],
      "passes": [],
      "failures": [],
      "pending": [],
      "skipped": [],
      "duration": 0,
      "root": true,
      "rootEmpty": true,
      "_timeout": 2000
    }
  ],
  "meta": {
    "mocha": {
      "version": "7.0.1"
    },
    "mochawesome": {
      "options": {
        "quiet": false,
        "reportFilename": "mochawesome",
        "saveHtml": true,
        "saveJson": true,
        "consoleReporter": "spec",
        "useInlineDiffs": false,
        "code": true
      },
      "version": "7.1.3"
    },
    "marge": {
      "options": {
        "charts": true,
        "reportDir": "cypress/reports",
        "reportPageTitle": "Demo-title1",
        "embeddedScreenshots": true,
        "inlineAssets": true,
        "saveAllAttempts": false,
        "overwrite": false,
        "html": true
      },
      "version": "6.2.0"
    }
  }
}