{
  "stats": {
    "suites": 1,
    "tests": 13,
    "passes": 12,
    "pending": 1,
    "failures": 0,
    "start": "2022-08-03T10:50:48.354Z",
    "end": "2022-08-03T10:55:37.123Z",
    "duration": 288769,
    "testsRegistered": 13,
    "passPercent": 100,
    "pendingPercent": 7.6923076923076925,
    "other": 0,
    "hasOther": false,
    "skipped": 0,
    "hasSkipped": false
  },
  "results": [
    {
      "uuid": "c22dd22c-d339-419c-afd2-48d4c3a5ed3c",
      "title": "",
      "fullFile": "cypress\\e2e\\groups.cy.js",
      "file": "cypress\\e2e\\groups.cy.js",
      "beforeHooks": [],
      "afterHooks": [],
      "tests": [],
      "suites": [
        {
          "uuid": "03fcbe5b-856b-4fdd-a848-4fc59e25a251",
          "title": "Groups",
          "fullFile": "",
          "file": "",
          "beforeHooks": [],
          "afterHooks": [],
          "tests": [
            {
              "title": "Create a group & Add Locations to Group - C2746,47",
              "fullTitle": "Groups Create a group & Add Locations to Group - C2746,47",
              "timedOut": null,
              "duration": 22582,
              "state": "passed",
              "speed": "slow",
              "pass": true,
              "fail": false,
              "pending": false,
              "context": null,
              "code": "cy.visit('/admin/account/3854');\ncy.get('[data-href=\"groups\"]').click();\ncy.get('.control_wrapper > .icon_button').click();\ncy.get('.name').type('AAAuto-Group-to-D');\ncy.get('.primary_button').click();\ncy.wait(8000);\ncy.get(':nth-child(3) > .action_buttons > .white_button').click();\ncy.get(':nth-child(4) > .action_buttons > .white_button').click();\ncy.get(':nth-child(5) > .action_buttons > .white_button').click();\ncy.get('.secondary_button').click();",
              "err": {},
              "uuid": "9a1f8fd6-e851-45d2-86d0-7285987512b9",
              "parentUUID": "03fcbe5b-856b-4fdd-a848-4fc59e25a251",
              "isHook": false,
              "skipped": false
            },
            {
              "title": "Remove Locations from Group - C2748",
              "fullTitle": "Groups Remove Locations from Group - C2748",
              "timedOut": null,
              "duration": 5703,
              "state": "passed",
              "speed": "medium",
              "pass": true,
              "fail": false,
              "pending": false,
              "context": null,
              "code": "Cypress.on('uncaught:exception', (err, runnable) => {\n  return false;\n});\ncy.contains('Locations').click();\ncy.wait(5000);\ncy.get('[class=\"icon_button fa fa-trash btn_delete\"][title=\"Delete\"]').first().click();\ncy.get('.primary_button').click();",
              "err": {},
              "uuid": "c0eb80ae-94b1-4ebb-bd88-f7e460804024",
              "parentUUID": "03fcbe5b-856b-4fdd-a848-4fc59e25a251",
              "isHook": false,
              "skipped": false
            },
            {
              "title": "Delete group - C2767",
              "fullTitle": "Groups Delete group - C2767",
              "timedOut": null,
              "duration": 21535,
              "state": "passed",
              "speed": "slow",
              "pass": true,
              "fail": false,
              "pending": false,
              "context": null,
              "code": "cy.get('.account_crumb').click();\ncy.contains('Groups').click();\ncy.wait(5000);\ncy.get('[class=\"icon_button fa fa-trash btn_delete\"][title=\"Delete\"]').first().click();\ncy.wait(5000);\ncy.get('#confirmation_input').type('DELETE');\ncy.wait(5000);\ncy.get('.primary_button').click({\n  force: true\n});\ncy.wait(5000);",
              "err": {},
              "uuid": "d7a3f3a6-d707-40cf-9c81-7ea1bc654812",
              "parentUUID": "03fcbe5b-856b-4fdd-a848-4fc59e25a251",
              "isHook": false,
              "skipped": false
            },
            {
              "title": "Edit Group - C2749",
              "fullTitle": "Groups Edit Group - C2749",
              "timedOut": null,
              "duration": 40491,
              "state": "passed",
              "speed": "slow",
              "pass": true,
              "fail": false,
              "pending": false,
              "context": null,
              "code": "Cypress.on('uncaught:exception', (err, runnable) => {\n  return false;\n});\ncy.visit('/admin/account/3854/group/36523/dashboard');\ncy.wait(5000);\ncy.get('.btn_group_edit > .fa').click();\ncy.wait(5000);\ncy.get(\".editgroup_input_name\").click().type('E');\ncy.get('.primary_button').click({\n  force: true\n});\ncy.wait(5000); //Going back\ncy.get('.btn_group_edit > .fa').click();\ncy.wait(5000);\ncy.get(\".editgroup_input_name\").type('{backspace}');\ncy.wait(5000);\ncy.get('.primary_button').click({\n  force: true\n});\ncy.wait(5000);",
              "err": {},
              "uuid": "1323634b-89c2-4450-8b87-2ee904a223c3",
              "parentUUID": "03fcbe5b-856b-4fdd-a848-4fc59e25a251",
              "isHook": false,
              "skipped": false
            },
            {
              "title": "Post Image on group -C2750",
              "fullTitle": "Groups Post Image on group -C2750",
              "timedOut": null,
              "duration": 29542,
              "state": "passed",
              "speed": "slow",
              "pass": true,
              "fail": false,
              "pending": false,
              "context": null,
              "code": "cy.visit('/admin/account/3854/group/36523/scheduler_dashboard/week?t__SuggestedContentTab=Suggested');\ncy.wait(5000);\ncy.get('.btn_postnow').click();\ncy.wait(5000);\ncy.get('.ComponentMessageEditor').type('Group-Post');\ncy.get('.btn_choose_image').click();\ncy.wait(5000);\ncy.get('.visual_container').first().click();\ncy.wait(5000);\ncy.get('.gray_button').click();",
              "err": {},
              "uuid": "b240fcca-61f8-49bf-9dad-783eabd3932a",
              "parentUUID": "03fcbe5b-856b-4fdd-a848-4fc59e25a251",
              "isHook": false,
              "skipped": false
            },
            {
              "title": "shorten URL - C2753",
              "fullTitle": "Groups shorten URL - C2753",
              "timedOut": null,
              "duration": 25142,
              "state": "passed",
              "speed": "slow",
              "pass": true,
              "fail": false,
              "pending": false,
              "context": null,
              "code": "cy.visit('/admin/account/3854/group/36523/scheduler_dashboard/week?t__SuggestedContentTab=Suggested');\ncy.wait(5000);\ncy.get('.btn_postnow').click();\ncy.wait(5000);\ncy.get('.btn_bitly').click();\ncy.get('.bbm-modal__section > input').type(Urltoshort);\ncy.get('.DlgUtilityInput > .bbm-modal > .bbm-modal__bottombar > .primary_button').click({\n  force: true\n});\ncy.wait(7000);\ncy.get('.gray_button').click({\n  force: true\n});",
              "err": {},
              "uuid": "86c49587-e854-4b58-be73-05e0b18c9c62",
              "parentUUID": "03fcbe5b-856b-4fdd-a848-4fc59e25a251",
              "isHook": false,
              "skipped": false
            },
            {
              "title": "Choose a Message- C2754,55",
              "fullTitle": "Groups Choose a Message- C2754,55",
              "timedOut": null,
              "duration": 32082,
              "state": "passed",
              "speed": "slow",
              "pass": true,
              "fail": false,
              "pending": false,
              "context": null,
              "code": "cy.visit('/admin/account/3854/group/36523/scheduler_dashboard/week?t__SuggestedContentTab=Suggested');\ncy.wait(5000);\ncy.get('.btn_postnow').click();\ncy.get('.btn_message_select').click();\ncy.wait(7000);\ncy.contains('.component_tab_text', '___Loc-level-lib').click();\ncy.wait(7000);\ncy.get(' .upcoming > .message').first().click();\ncy.wait(5000);\ncy.get('.gray_button').click({\n  force: true\n});",
              "err": {},
              "uuid": "98ba7d89-5907-45c6-a953-f61085565a26",
              "parentUUID": "03fcbe5b-856b-4fdd-a848-4fc59e25a251",
              "isHook": false,
              "skipped": false
            },
            {
              "title": "Meta fields- C2756",
              "fullTitle": "Groups Meta fields- C2756",
              "timedOut": null,
              "duration": 21911,
              "state": "passed",
              "speed": "slow",
              "pass": true,
              "fail": false,
              "pending": false,
              "context": null,
              "code": "cy.visit('/admin/account/3854/group/36523/scheduler_dashboard/week?t__SuggestedContentTab=Suggested');\ncy.wait(5000);\ncy.get('.btn_postnow').click();\ncy.wait(4000);\ncy.get('.ComponentMessageEditor').type('{%Name}' + '\\n' + '{%Website URL}', {\n  parseSpecialCharSequences: false\n});\ncy.get('.network_selection > .instagram').click();\ncy.get('.gray_button').click({\n  force: true\n});",
              "err": {},
              "uuid": "1f1ac554-a74a-422b-bcaa-a66794402f4f",
              "parentUUID": "03fcbe5b-856b-4fdd-a848-4fc59e25a251",
              "isHook": false,
              "skipped": false
            },
            {
              "title": "Future Post - C2757",
              "fullTitle": "Groups Future Post - C2757",
              "timedOut": null,
              "duration": 34152,
              "state": "passed",
              "speed": "slow",
              "pass": true,
              "fail": false,
              "pending": false,
              "context": null,
              "code": "cy.visit('/admin/account/3854/group/36523/scheduler_dashboard/week?t__SuggestedContentTab=Suggested');\ncy.wait(5000);\ncy.get('.fa-angle-right').click();\ncy.wait(5000);\ncy.get('[data-hour=\"23\"]').last().click();\ncy.wait(5000);\ncy.get('.ComponentMessageEditor').type('Future Post');\ncy.get('.btn_choose_image').click({\n  force: true\n});\ncy.wait(5000);\ncy.get('.visual_container').first().click();\ncy.wait(5000);\ncy.get('.gray_button').click();",
              "err": {},
              "uuid": "94e1bec0-2899-4309-a94e-646c254c89da",
              "parentUUID": "03fcbe5b-856b-4fdd-a848-4fc59e25a251",
              "isHook": false,
              "skipped": false
            },
            {
              "title": "Edit future -C2758",
              "fullTitle": "Groups Edit future -C2758",
              "timedOut": null,
              "duration": 6965,
              "state": "passed",
              "speed": "medium",
              "pass": true,
              "fail": false,
              "pending": false,
              "context": null,
              "code": "cy.get('[data-hour=\"23\"]').last().click();\ncy.wait(5000);\ncy.get('.ComponentMessageEditor').type('Edit Future Post');\ncy.get('.gray_button').click();",
              "err": {},
              "uuid": "bf4cc6d1-8497-428c-87ff-4b93225dda33",
              "parentUUID": "03fcbe5b-856b-4fdd-a848-4fc59e25a251",
              "isHook": false,
              "skipped": false
            },
            {
              "title": "Post Plan - C2765",
              "fullTitle": "Groups Post Plan - C2765",
              "timedOut": null,
              "duration": 30138,
              "state": "passed",
              "speed": "slow",
              "pass": true,
              "fail": false,
              "pending": false,
              "context": null,
              "code": "cy.visit('/admin/account/3854/group/36523/scheduler_dashboard/week?t__SuggestedContentTab=Suggested');\ncy.wait(5000);\ncy.get('.btn_plans').click();\ncy.wait(5000);\ncy.get('.btn_new_plan').click();\ncy.get('.title').type('Group Post Plan');\ncy.get('.label_check').children('input').check({\n  force: true\n});\ncy.contains('.select2-chosen', 'All libraries').click();\ncy.wait(5000);\ncy.get('.select2-input').last().type('___Loc-level-lib');\ncy.wait(5000);\ncy.get('.content_selector_element').click();\ncy.get('.btn_next').click();",
              "err": {},
              "uuid": "9d9de8e2-fbd1-4d75-b8cc-e33e2e3ec94c",
              "parentUUID": "03fcbe5b-856b-4fdd-a848-4fc59e25a251",
              "isHook": false,
              "skipped": false
            },
            {
              "title": "Delete Post Plan - C2766",
              "fullTitle": "Groups Delete Post Plan - C2766",
              "timedOut": null,
              "duration": 18283,
              "state": "passed",
              "speed": "slow",
              "pass": true,
              "fail": false,
              "pending": false,
              "context": null,
              "code": "cy.visit('/admin/account/3854/group/36523/scheduler_dashboard/week?calendarId=942701&t__SuggestedContentTab=Suggested');\ncy.wait(4000);\ncy.get('.btn_plans').click();\ncy.wait(5000);\ncy.contains('.gray_button', 'Delete').click();\ncy.contains('.primary_button', 'Delete').click();",
              "err": {},
              "uuid": "cec4dc85-e314-4779-ac12-c742e7a206c7",
              "parentUUID": "03fcbe5b-856b-4fdd-a848-4fc59e25a251",
              "isHook": false,
              "skipped": false
            },
            {
              "title": "Reschedule Post(Drag-transfer) - C2759",
              "fullTitle": "Groups Reschedule Post(Drag-transfer) - C2759",
              "timedOut": null,
              "duration": 0,
              "state": "pending",
              "speed": null,
              "pass": false,
              "fail": false,
              "pending": true,
              "context": null,
              "code": "",
              "err": {},
              "uuid": "0d8e67c4-605a-4723-9acc-2c253cfe0909",
              "parentUUID": "03fcbe5b-856b-4fdd-a848-4fc59e25a251",
              "isHook": false,
              "skipped": false
            }
          ],
          "suites": [],
          "passes": [
            "9a1f8fd6-e851-45d2-86d0-7285987512b9",
            "c0eb80ae-94b1-4ebb-bd88-f7e460804024",
            "d7a3f3a6-d707-40cf-9c81-7ea1bc654812",
            "1323634b-89c2-4450-8b87-2ee904a223c3",
            "b240fcca-61f8-49bf-9dad-783eabd3932a",
            "86c49587-e854-4b58-be73-05e0b18c9c62",
            "98ba7d89-5907-45c6-a953-f61085565a26",
            "1f1ac554-a74a-422b-bcaa-a66794402f4f",
            "94e1bec0-2899-4309-a94e-646c254c89da",
            "bf4cc6d1-8497-428c-87ff-4b93225dda33",
            "9d9de8e2-fbd1-4d75-b8cc-e33e2e3ec94c",
            "cec4dc85-e314-4779-ac12-c742e7a206c7"
          ],
          "failures": [],
          "pending": [
            "0d8e67c4-605a-4723-9acc-2c253cfe0909"
          ],
          "skipped": [],
          "duration": 288526,
          "root": false,
          "rootEmpty": false,
          "_timeout": 2000
        }
      ],
      "passes": [],
      "failures": [],
      "pending": [],
      "skipped": [],
      "duration": 0,
      "root": true,
      "rootEmpty": true,
      "_timeout": 2000
    }
  ],
  "meta": {
    "mocha": {
      "version": "7.0.1"
    },
    "mochawesome": {
      "options": {
        "quiet": false,
        "reportFilename": "mochawesome",
        "saveHtml": true,
        "saveJson": true,
        "consoleReporter": "spec",
        "useInlineDiffs": false,
        "code": true
      },
      "version": "7.1.3"
    },
    "marge": {
      "options": {
        "charts": true,
        "reportDir": "cypress/reports",
        "reportPageTitle": "Demo-title1",
        "embeddedScreenshots": true,
        "inlineAssets": true,
        "saveAllAttempts": false,
        "overwrite": false,
        "html": true
      },
      "version": "6.2.0"
    }
  }
}