{
  "stats": {
    "suites": 1,
    "tests": 5,
    "passes": 5,
    "pending": 0,
    "failures": 0,
    "start": "2022-08-03T10:46:10.202Z",
    "end": "2022-08-03T10:47:53.484Z",
    "duration": 103282,
    "testsRegistered": 5,
    "passPercent": 100,
    "pendingPercent": 0,
    "other": 0,
    "hasOther": false,
    "skipped": 0,
    "hasSkipped": false
  },
  "results": [
    {
      "uuid": "992ccefe-882e-4c40-9116-fb4498e2ad64",
      "title": "",
      "fullFile": "cypress\\e2e\\Cag-Groups.cy.js",
      "file": "cypress\\e2e\\Cag-Groups.cy.js",
      "beforeHooks": [],
      "afterHooks": [],
      "tests": [],
      "suites": [
        {
          "uuid": "86e8b3ac-c7ec-400e-b618-71f624d6a7ba",
          "title": "CAG",
          "fullFile": "",
          "file": "",
          "beforeHooks": [],
          "afterHooks": [],
          "tests": [
            {
              "title": "Turn on CAG- C2761",
              "fullTitle": "CAG Turn on CAG- C2761",
              "timedOut": null,
              "duration": 61767,
              "state": "passed",
              "speed": "slow",
              "pass": true,
              "fail": false,
              "pending": false,
              "context": null,
              "code": "cy.visit('/admin/account/3854/group/36523/scheduler_dashboard/week?calendarId=942701&t__SuggestedContentTab=Suggested');\ncy.wait(5000);\nfutureCAG();",
              "err": {},
              "uuid": "c84f257a-a566-4ee2-a93a-7249ff3bcbd0",
              "parentUUID": "86e8b3ac-c7ec-400e-b618-71f624d6a7ba",
              "isHook": false,
              "skipped": false
            },
            {
              "title": "To CAG_Approve Post- C2762",
              "fullTitle": "CAG To CAG_Approve Post- C2762",
              "timedOut": null,
              "duration": 9257,
              "state": "passed",
              "speed": "medium",
              "pass": true,
              "fail": false,
              "pending": false,
              "context": null,
              "code": "cy.visit('https://sneaky.meetsoci.com/approve?group_id=36523&token=1649955458');\ncy.wait(4000);\ncy.contains('.approval_post_body > .approval_actions_area > .btn_approval_approve', 'Approve').first().click();",
              "err": {},
              "uuid": "b7a6c815-ac7e-45c8-8879-495bfd464ba8",
              "parentUUID": "86e8b3ac-c7ec-400e-b618-71f624d6a7ba",
              "isHook": false,
              "skipped": false
            },
            {
              "title": "Reject Post- C2763",
              "fullTitle": "CAG Reject Post- C2763",
              "timedOut": null,
              "duration": 7830,
              "state": "passed",
              "speed": "medium",
              "pass": true,
              "fail": false,
              "pending": false,
              "context": null,
              "code": "cy.visit('https://sneaky.meetsoci.com/approve?group_id=36523&token=1649955458');\ncy.wait(4000);\ncy.contains('.approval_post_body > .approval_actions_area > .btn_approval_reject', 'Reject').first().click(); // #post_49343982 > .approval_post_body > .rejection_actions_area > .rejection_textarea_container > .rejection_textarea\ncy.get('[class=\"rejection_textarea\"][name=\"reject_reason\"][placeholder=\"Explain why you are rejecting this message.\"]').first().type('Reject for test');\ncy.contains('.approval_post_body > .rejection_actions_area > .rejection_buttons_area > .btn_approval_reject_confirm', 'Confirm Rejection').click();",
              "err": {},
              "uuid": "a5717070-8ceb-4e8d-896c-58573f18e0d1",
              "parentUUID": "86e8b3ac-c7ec-400e-b618-71f624d6a7ba",
              "isHook": false,
              "skipped": false
            },
            {
              "title": "Verify Pending- C2764",
              "fullTitle": "CAG Verify Pending- C2764",
              "timedOut": null,
              "duration": 7645,
              "state": "passed",
              "speed": "medium",
              "pass": true,
              "fail": false,
              "pending": false,
              "context": null,
              "code": "cy.visit('https://sneaky.meetsoci.com/approve?group_id=36523&token=1649955458');\ncy.wait(4000);\ncy.get('.active > :nth-child(1) > .component_tab_text').should('be.visible');",
              "err": {},
              "uuid": "6bad5d46-ff5b-4c22-902b-72500a53923a",
              "parentUUID": "86e8b3ac-c7ec-400e-b618-71f624d6a7ba",
              "isHook": false,
              "skipped": false
            },
            {
              "title": "Turn off CAG",
              "fullTitle": "CAG Turn off CAG",
              "timedOut": null,
              "duration": 16702,
              "state": "passed",
              "speed": "slow",
              "pass": true,
              "fail": false,
              "pending": false,
              "context": null,
              "code": "cy.visit('/admin/account/3854/group/36523/scheduler_dashboard/week?calendarId=942701&t__SuggestedContentTab=Suggested');\ncy.wait(5000);\ncy.get('.control_wrapper > .fa-thumbs-up').click();\ncy.wait(4000);\ncy.get('.require_approval_block > .label_check').click();\ncy.get('.secondary_button').click({\n  force: true\n});",
              "err": {},
              "uuid": "5125ac41-3d7b-42ef-a692-2238c8e68904",
              "parentUUID": "86e8b3ac-c7ec-400e-b618-71f624d6a7ba",
              "isHook": false,
              "skipped": false
            }
          ],
          "suites": [],
          "passes": [
            "c84f257a-a566-4ee2-a93a-7249ff3bcbd0",
            "b7a6c815-ac7e-45c8-8879-495bfd464ba8",
            "a5717070-8ceb-4e8d-896c-58573f18e0d1",
            "6bad5d46-ff5b-4c22-902b-72500a53923a",
            "5125ac41-3d7b-42ef-a692-2238c8e68904"
          ],
          "failures": [],
          "pending": [],
          "skipped": [],
          "duration": 103201,
          "root": false,
          "rootEmpty": false,
          "_timeout": 2000
        }
      ],
      "passes": [],
      "failures": [],
      "pending": [],
      "skipped": [],
      "duration": 0,
      "root": true,
      "rootEmpty": true,
      "_timeout": 2000
    }
  ],
  "meta": {
    "mocha": {
      "version": "7.0.1"
    },
    "mochawesome": {
      "options": {
        "quiet": false,
        "reportFilename": "mochawesome",
        "saveHtml": true,
        "saveJson": true,
        "consoleReporter": "spec",
        "useInlineDiffs": false,
        "code": true
      },
      "version": "7.1.3"
    },
    "marge": {
      "options": {
        "charts": true,
        "reportDir": "cypress/reports",
        "reportPageTitle": "Demo-title1",
        "embeddedScreenshots": true,
        "inlineAssets": true,
        "saveAllAttempts": false,
        "overwrite": false,
        "html": true
      },
      "version": "6.2.0"
    }
  }
}