{
  "stats": {
    "suites": 1,
    "tests": 9,
    "passes": 9,
    "pending": 0,
    "failures": 0,
    "start": "2022-08-03T10:43:12.173Z",
    "end": "2022-08-03T10:45:57.498Z",
    "duration": 165325,
    "testsRegistered": 9,
    "passPercent": 100,
    "pendingPercent": 0,
    "other": 0,
    "hasOther": false,
    "skipped": 0,
    "hasSkipped": false
  },
  "results": [
    {
      "uuid": "42978f67-d22f-4ea4-b96f-d90e0f603323",
      "title": "",
      "fullFile": "cypress\\e2e\\Boost.cy.js",
      "file": "cypress\\e2e\\Boost.cy.js",
      "beforeHooks": [],
      "afterHooks": [],
      "tests": [],
      "suites": [
        {
          "uuid": "cbf2e773-bb55-4fd6-bd4c-5859d709980f",
          "title": "Boost",
          "fullFile": "",
          "file": "",
          "beforeHooks": [],
          "afterHooks": [],
          "tests": [
            {
              "title": "Insights - C2804",
              "fullTitle": "Boost Insights - C2804",
              "timedOut": null,
              "duration": 17190,
              "state": "passed",
              "speed": "slow",
              "pass": true,
              "fail": false,
              "pending": false,
              "context": null,
              "code": "Cypress.on('uncaught:exception', (err, runnable) => {\n  return false;\n});\ncy.visit('/admin/account/3854/office/0/project/320406/boost_dashboard');\ncy.wait(5000);\ncy.get('.AdsRecommendationsContainerView > .ads_content_container').should('be.visible');\ncy.get('.BoostDashboardView').should('be.visible');\ncy.get('.dashboard_controls').should('be.visible');",
              "err": {},
              "uuid": "3e0e39a1-d083-4380-966c-b5bd92ade3ed",
              "parentUUID": "cbf2e773-bb55-4fd6-bd4c-5859d709980f",
              "isHook": false,
              "skipped": false
            },
            {
              "title": "Update Insights",
              "fullTitle": "Boost Update Insights",
              "timedOut": null,
              "duration": 547,
              "state": "passed",
              "speed": "fast",
              "pass": true,
              "fail": false,
              "pending": false,
              "context": null,
              "code": "cy.get('.date-range-container').click();\ncy.get('[data-range-key=\"Last 90 Days\"]').click();\ncy.get('.AdsRecommendationsContainerView > .ads_content_container').should('be.visible');",
              "err": {},
              "uuid": "a05c2c32-f12f-4169-b967-cd82fe0b5e72",
              "parentUUID": "cbf2e773-bb55-4fd6-bd4c-5859d709980f",
              "isHook": false,
              "skipped": false
            },
            {
              "title": "Create Audience - C2805",
              "fullTitle": "Boost Create Audience - C2805",
              "timedOut": null,
              "duration": 19476,
              "state": "passed",
              "speed": "slow",
              "pass": true,
              "fail": false,
              "pending": false,
              "context": null,
              "code": "Cypress.on('uncaught:exception', (err, runnable) => {\n  return false;\n});\ncy.visit('/admin/account/3854/office/0/project/320406/boost_audiences');\ncy.wait(5000);\ncy.get('.btn_create_audience').click();\ncy.get('.audience_name').type('Audience-' + Hdate);\ncy.wait(4000); // cy.get('#s2id_autogen30 > .select2-choices').type('batman')\n// cy.xpath('/html/body/div[21]/ul/li[1]/div/div[2]').click()\ncy.get('.primary_button').click();",
              "err": {},
              "uuid": "4f08c059-267c-4c49-9ef3-4364c5b211a4",
              "parentUUID": "cbf2e773-bb55-4fd6-bd4c-5859d709980f",
              "isHook": false,
              "skipped": false
            },
            {
              "title": "Delete Audience - C2806",
              "fullTitle": "Boost Delete Audience - C2806",
              "timedOut": null,
              "duration": 17850,
              "state": "passed",
              "speed": "slow",
              "pass": true,
              "fail": false,
              "pending": false,
              "context": null,
              "code": "cy.visit('/admin/account/3854/office/0/project/320406/boost_audiences');\ncy.wait(7000);\ncy.get(':nth-child(3) > .AdItemView > .item_row > .action > .label_check').click();\ncy.get('.delete').click();\ncy.get('.primary_button').click();",
              "err": {},
              "uuid": "84c4df37-e9e7-4f44-a256-af0b2dca1b9b",
              "parentUUID": "cbf2e773-bb55-4fd6-bd4c-5859d709980f",
              "isHook": false,
              "skipped": false
            },
            {
              "title": "Navigating to Boost/Edit Audience ",
              "fullTitle": "Boost Navigating to Boost/Edit Audience ",
              "timedOut": null,
              "duration": 22254,
              "state": "passed",
              "speed": "slow",
              "pass": true,
              "fail": false,
              "pending": false,
              "context": null,
              "code": "Cypress.on('uncaught:exception', (err, runnable) => {\n  return false;\n});\ncy.visit('/admin/account/3854/office/0/project/320406/boost_audiences');\ncy.wait(8000); //    cy.get('div[data-href=\"boost\"] > .section-heading > .section-label').should('contain.text', 'Boost')\n//    cy.wait(4000)\n//    cy.get('[data-href=\"boost_audiences\"]').click()\ncy.get(':nth-child(2) > .AdItemView > .item_row > .action > .label_check').click();\ncy.get('.edit').click();\ncy.get('.audience_name').type('editBoostaud');\ncy.wait(4000);\ncy.get('.primary_button').click();",
              "err": {},
              "uuid": "651920c0-2d1c-48ca-8165-c71baa23977f",
              "parentUUID": "cbf2e773-bb55-4fd6-bd4c-5859d709980f",
              "isHook": false,
              "skipped": false
            },
            {
              "title": "Management - C2807",
              "fullTitle": "Boost Management - C2807",
              "timedOut": null,
              "duration": 32763,
              "state": "passed",
              "speed": "slow",
              "pass": true,
              "fail": false,
              "pending": false,
              "context": null,
              "code": "cy.visit('/admin/account/3854/office/0/project/320406/boost_management');\ncy.wait(5000);\ncy.get('[data-href=\"boost_management\"]').click();\ncy.wait(4000);\ncy.get('.control_btn_group > .active').click();\ncy.wait(4000);\ncy.get('.campaign > .field_input > .promote_input').type('Batman'); // cy.contains('Custom Objective Per Ad').click()\n// cy.xpath('//*[contains(text(),\"Reach\")][@class=\"select2-result-label\"]').click()\ncy.contains('.select2-choice', 'Use Location Default Audience').click();\ncy.wait(4000); // cy.xpath(\"//*[contains(text(),'Audience')]\").first().click({force:true})\ncy.contains('[class=\"select2-result-label\"][role=\"option\"]', 'Audience-').first().click();\ncy.get('.prefixed_input > .promote_input').type('99');\ncy.get('.date-range-container').click();\ncy.get('[data-range-key=\"Last 30 Days\"]').click();\ncy.get(':nth-child(1) > .post_checkbox > .label_check').click();\ncy.get('.primary_button').click();\ncy.wait(5000);\ncy.log('Boost Created Successfully !');",
              "err": {},
              "uuid": "c370f5fc-0c4d-44c3-802f-71a2ce9cfe53",
              "parentUUID": "cbf2e773-bb55-4fd6-bd4c-5859d709980f",
              "isHook": false,
              "skipped": false
            },
            {
              "title": "Pause Ads",
              "fullTitle": "Boost Pause Ads",
              "timedOut": null,
              "duration": 23133,
              "state": "passed",
              "speed": "slow",
              "pass": true,
              "fail": false,
              "pending": false,
              "context": null,
              "code": "cy.visit('/admin/account/3854/office/0/project/320406/boost_management');\ncy.wait(6000);\ncy.get('.dropdown').click();\ncy.get('.overflow_menu_item').click();\ncy.wait(10000);",
              "err": {},
              "uuid": "ca773bef-fd5b-4068-ada3-0a6699e44e17",
              "parentUUID": "cbf2e773-bb55-4fd6-bd4c-5859d709980f",
              "isHook": false,
              "skipped": false
            },
            {
              "title": "Notifications - C2808",
              "fullTitle": "Boost Notifications - C2808",
              "timedOut": null,
              "duration": 12716,
              "state": "passed",
              "speed": "slow",
              "pass": true,
              "fail": false,
              "pending": false,
              "context": null,
              "code": "cy.visit('/admin/account/3854/office/0/project/320406/boost_notif');\ncy.wait(6000);\ncy.get('.single_notif_container').first().should('be.visible');",
              "err": {},
              "uuid": "a631ea56-8bd2-4dac-8372-6eebd1612318",
              "parentUUID": "cbf2e773-bb55-4fd6-bd4c-5859d709980f",
              "isHook": false,
              "skipped": false
            },
            {
              "title": "Resolve Notifications - C2809",
              "fullTitle": "Boost Resolve Notifications - C2809",
              "timedOut": null,
              "duration": 19128,
              "state": "passed",
              "speed": "slow",
              "pass": true,
              "fail": false,
              "pending": false,
              "context": null,
              "code": "cy.visit('/admin/account/3854/office/0/project/320406/boost_notif');\ncy.wait(6000);\ncy.get('.resolve-selected > .label_check').click();\ncy.wait(4000);\ncy.get('.resolve_Selected').should('be.enabled');\ncy.get('.resolve_Selected').click();\ncy.get('.secondary_button').click();\ncy.get('.resolve_All').click();\ncy.get('.primary_button').click();",
              "err": {},
              "uuid": "3afb9806-3a09-42d2-9efd-e33b2d5594c2",
              "parentUUID": "cbf2e773-bb55-4fd6-bd4c-5859d709980f",
              "isHook": false,
              "skipped": false
            }
          ],
          "suites": [],
          "passes": [
            "3e0e39a1-d083-4380-966c-b5bd92ade3ed",
            "a05c2c32-f12f-4169-b967-cd82fe0b5e72",
            "4f08c059-267c-4c49-9ef3-4364c5b211a4",
            "84c4df37-e9e7-4f44-a256-af0b2dca1b9b",
            "651920c0-2d1c-48ca-8165-c71baa23977f",
            "c370f5fc-0c4d-44c3-802f-71a2ce9cfe53",
            "ca773bef-fd5b-4068-ada3-0a6699e44e17",
            "a631ea56-8bd2-4dac-8372-6eebd1612318",
            "3afb9806-3a09-42d2-9efd-e33b2d5594c2"
          ],
          "failures": [],
          "pending": [],
          "skipped": [],
          "duration": 165057,
          "root": false,
          "rootEmpty": false,
          "_timeout": 2000
        }
      ],
      "passes": [],
      "failures": [],
      "pending": [],
      "skipped": [],
      "duration": 0,
      "root": true,
      "rootEmpty": true,
      "_timeout": 2000
    }
  ],
  "meta": {
    "mocha": {
      "version": "7.0.1"
    },
    "mochawesome": {
      "options": {
        "quiet": false,
        "reportFilename": "mochawesome",
        "saveHtml": true,
        "saveJson": true,
        "consoleReporter": "spec",
        "useInlineDiffs": false,
        "code": true
      },
      "version": "7.1.3"
    },
    "marge": {
      "options": {
        "charts": true,
        "reportDir": "cypress/reports",
        "reportPageTitle": "Demo-title1",
        "embeddedScreenshots": true,
        "inlineAssets": true,
        "saveAllAttempts": false,
        "overwrite": false,
        "html": true
      },
      "version": "6.2.0"
    }
  }
}