{
  "stats": {
    "suites": 0,
    "tests": 1,
    "passes": 1,
    "pending": 0,
    "failures": 0,
    "start": "2022-08-03T10:39:04.483Z",
    "end": "2022-08-03T10:39:18.702Z",
    "duration": 14219,
    "testsRegistered": 1,
    "passPercent": 100,
    "pendingPercent": 0,
    "other": 0,
    "hasOther": false,
    "skipped": 0,
    "hasSkipped": false
  },
  "results": [
    {
      "uuid": "1928b38a-e6ce-435d-863e-9bd57c78835b",
      "title": "",
      "fullFile": "cypress\\e2e\\Admin.cy.js",
      "file": "cypress\\e2e\\Admin.cy.js",
      "beforeHooks": [],
      "afterHooks": [],
      "tests": [
        {
          "title": "login",
          "fullTitle": "login",
          "timedOut": null,
          "duration": 14190,
          "state": "passed",
          "speed": "slow",
          "pass": true,
          "fail": false,
          "pending": false,
          "context": null,
          "code": "loginPage.toURL();\nloginPage.userName();\nloginPage.password();\nloginPage.clickSignIn();",
          "err": {},
          "uuid": "62569b6b-2c1d-41a2-8a0b-e9c11ad4c0e6",
          "parentUUID": "1928b38a-e6ce-435d-863e-9bd57c78835b",
          "isHook": false,
          "skipped": false
        }
      ],
      "suites": [],
      "passes": [
        "62569b6b-2c1d-41a2-8a0b-e9c11ad4c0e6"
      ],
      "failures": [],
      "pending": [],
      "skipped": [],
      "duration": 14190,
      "root": true,
      "rootEmpty": false,
      "_timeout": 2000
    }
  ],
  "meta": {
    "mocha": {
      "version": "7.0.1"
    },
    "mochawesome": {
      "options": {
        "quiet": false,
        "reportFilename": "mochawesome",
        "saveHtml": true,
        "saveJson": true,
        "consoleReporter": "spec",
        "useInlineDiffs": false,
        "code": true
      },
      "version": "7.1.3"
    },
    "marge": {
      "options": {
        "charts": true,
        "reportDir": "cypress/reports",
        "reportPageTitle": "Demo-title1",
        "embeddedScreenshots": true,
        "inlineAssets": true,
        "saveAllAttempts": false,
        "overwrite": false,
        "html": true
      },
      "version": "6.2.0"
    }
  }
}