{
  "stats": {
    "suites": 1,
    "tests": 10,
    "passes": 10,
    "pending": 0,
    "failures": 0,
    "start": "2022-08-03T10:56:19.783Z",
    "end": "2022-08-03T11:00:14.900Z",
    "duration": 235117,
    "testsRegistered": 10,
    "passPercent": 100,
    "pendingPercent": 0,
    "other": 0,
    "hasOther": false,
    "skipped": 0,
    "hasSkipped": false
  },
  "results": [
    {
      "uuid": "d823006d-3762-4f68-b1fb-fe0d7d09472b",
      "title": "",
      "fullFile": "cypress\\e2e\\Libraries.cy.js",
      "file": "cypress\\e2e\\Libraries.cy.js",
      "beforeHooks": [],
      "afterHooks": [],
      "tests": [],
      "suites": [
        {
          "uuid": "7ff69e32-e821-4755-b609-1ab888adfa8a",
          "title": "Libraries",
          "fullFile": "",
          "file": "",
          "beforeHooks": [],
          "afterHooks": [],
          "tests": [
            {
              "title": "Library on Account Level - C2920",
              "fullTitle": "Libraries Library on Account Level - C2920",
              "timedOut": null,
              "duration": 31500,
              "state": "passed",
              "speed": "slow",
              "pass": true,
              "fail": false,
              "pending": false,
              "context": null,
              "code": "cy.visit('/admin/account/3854/canned');\nLibrary.createLibrary();\nLibrary.deleteLibrary();",
              "err": {},
              "uuid": "56f0a2b5-e850-4ff3-89a3-35b2fbe78684",
              "parentUUID": "7ff69e32-e821-4755-b609-1ab888adfa8a",
              "isHook": false,
              "skipped": false
            },
            {
              "title": "On Location Level - C2921",
              "fullTitle": "Libraries On Location Level - C2921",
              "timedOut": null,
              "duration": 28699,
              "state": "passed",
              "speed": "slow",
              "pass": true,
              "fail": false,
              "pending": false,
              "context": null,
              "code": "cy.visit('/admin/account/3854/office/0/project/320512/canned/overview');\nLibrary.createLibrary();\nLibrary.deleteLibrary();",
              "err": {},
              "uuid": "e6320c5a-c4fc-4db5-9a07-ad59a44749d5",
              "parentUUID": "7ff69e32-e821-4755-b609-1ab888adfa8a",
              "isHook": false,
              "skipped": false
            },
            {
              "title": "Create Library on Group Level - C2922",
              "fullTitle": "Libraries Create Library on Group Level - C2922",
              "timedOut": null,
              "duration": 31101,
              "state": "passed",
              "speed": "slow",
              "pass": true,
              "fail": false,
              "pending": false,
              "context": null,
              "code": "cy.visit('/admin/account/3854/group/36523/canned/overview');\nLibrary.createLibrary();\nLibrary.deleteLibrary();",
              "err": {},
              "uuid": "2a196055-9f25-4548-8ca4-771d76002917",
              "parentUUID": "7ff69e32-e821-4755-b609-1ab888adfa8a",
              "isHook": false,
              "skipped": false
            },
            {
              "title": "Search - C2923",
              "fullTitle": "Libraries Search - C2923",
              "timedOut": null,
              "duration": 29332,
              "state": "passed",
              "speed": "slow",
              "pass": true,
              "fail": false,
              "pending": false,
              "context": null,
              "code": "cy.visit('/admin/account/3854/canned');\nLibrary.searchLibrary();",
              "err": {},
              "uuid": "8edf3002-a506-452b-b70a-b652d84f077e",
              "parentUUID": "7ff69e32-e821-4755-b609-1ab888adfa8a",
              "isHook": false,
              "skipped": false
            },
            {
              "title": "Add Text-Message - C2924",
              "fullTitle": "Libraries Add Text-Message - C2924",
              "timedOut": null,
              "duration": 33530,
              "state": "passed",
              "speed": "slow",
              "pass": true,
              "fail": false,
              "pending": false,
              "context": null,
              "code": "cy.visit('/admin/account/3854/canned');\ncy.wait(5000);\nLibrary.createLibrary();\nLibrary.addText();",
              "err": {},
              "uuid": "440c60f2-f7e5-4b03-b9f7-c3507c73c29c",
              "parentUUID": "7ff69e32-e821-4755-b609-1ab888adfa8a",
              "isHook": false,
              "skipped": false
            },
            {
              "title": "Add Image ",
              "fullTitle": "Libraries Add Image ",
              "timedOut": null,
              "duration": 23394,
              "state": "passed",
              "speed": "slow",
              "pass": true,
              "fail": false,
              "pending": false,
              "context": null,
              "code": "Library.addImage();",
              "err": {},
              "uuid": "2998288b-2814-4ad7-b974-ce8021d26710",
              "parentUUID": "7ff69e32-e821-4755-b609-1ab888adfa8a",
              "isHook": false,
              "skipped": false
            },
            {
              "title": "Edit message - C2925",
              "fullTitle": "Libraries Edit message - C2925",
              "timedOut": null,
              "duration": 5689,
              "state": "passed",
              "speed": "medium",
              "pass": true,
              "fail": false,
              "pending": false,
              "context": null,
              "code": "Library.editMessage();",
              "err": {},
              "uuid": "6aaee64c-bcdd-4faa-a6b4-8154992c4c40",
              "parentUUID": "7ff69e32-e821-4755-b609-1ab888adfa8a",
              "isHook": false,
              "skipped": false
            },
            {
              "title": "Transfer Library Message to a different Library - C2926 ",
              "fullTitle": "Libraries Transfer Library Message to a different Library - C2926 ",
              "timedOut": null,
              "duration": 11197,
              "state": "passed",
              "speed": "slow",
              "pass": true,
              "fail": false,
              "pending": false,
              "context": null,
              "code": "Library.transferMessage(); // cy.xpath('//*[@id=\"canned_post_32502159\"]/div/div[2]/div/div/div[4]/div[3]').click()\n// cy.xpath(\"//*[contains(@class,'dlg_canned_move DlgCannedMove bbm-wrapper')]/following-sibling::div/div/input\").type('___J20-Lib')\n// cy.wait(5000)\n// cy.get('.name').click()\n// cy.wait(6000)\n// cy.get('.primary_button').click()\n// cy.get('.label_check').click()",
              "err": {},
              "uuid": "b9a7e8e6-1d1c-49a6-94af-767afe5bbdcf",
              "parentUUID": "7ff69e32-e821-4755-b609-1ab888adfa8a",
              "isHook": false,
              "skipped": false
            },
            {
              "title": "Delete Message - C2927,28,31",
              "fullTitle": "Libraries Delete Message - C2927,28,31",
              "timedOut": null,
              "duration": 13041,
              "state": "passed",
              "speed": "slow",
              "pass": true,
              "fail": false,
              "pending": false,
              "context": null,
              "code": "cy.get('[class=\"icon_button warning_button btn_del_message\"][title=\"Delete\"]').first().click();\ncy.wait(4000);\ncy.get('.primary_button').click({\n  force: true\n});\nLibrary.deleteLibrary();",
              "err": {},
              "uuid": "9bf9fc7a-039e-4f28-b327-15fb32b3f852",
              "parentUUID": "7ff69e32-e821-4755-b609-1ab888adfa8a",
              "isHook": false,
              "skipped": false
            },
            {
              "title": "Schedule",
              "fullTitle": "Libraries Schedule",
              "timedOut": null,
              "duration": 27452,
              "state": "passed",
              "speed": "slow",
              "pass": true,
              "fail": false,
              "pending": false,
              "context": null,
              "code": "Library.schedule();",
              "err": {},
              "uuid": "95b4139e-f80a-44c7-94bf-1b1831d4e594",
              "parentUUID": "7ff69e32-e821-4755-b609-1ab888adfa8a",
              "isHook": false,
              "skipped": false
            }
          ],
          "suites": [],
          "passes": [
            "56f0a2b5-e850-4ff3-89a3-35b2fbe78684",
            "e6320c5a-c4fc-4db5-9a07-ad59a44749d5",
            "2a196055-9f25-4548-8ca4-771d76002917",
            "8edf3002-a506-452b-b70a-b652d84f077e",
            "440c60f2-f7e5-4b03-b9f7-c3507c73c29c",
            "2998288b-2814-4ad7-b974-ce8021d26710",
            "6aaee64c-bcdd-4faa-a6b4-8154992c4c40",
            "b9a7e8e6-1d1c-49a6-94af-767afe5bbdcf",
            "9bf9fc7a-039e-4f28-b327-15fb32b3f852",
            "95b4139e-f80a-44c7-94bf-1b1831d4e594"
          ],
          "failures": [],
          "pending": [],
          "skipped": [],
          "duration": 234935,
          "root": false,
          "rootEmpty": false,
          "_timeout": 2000
        }
      ],
      "passes": [],
      "failures": [],
      "pending": [],
      "skipped": [],
      "duration": 0,
      "root": true,
      "rootEmpty": true,
      "_timeout": 2000
    }
  ],
  "meta": {
    "mocha": {
      "version": "7.0.1"
    },
    "mochawesome": {
      "options": {
        "quiet": false,
        "reportFilename": "mochawesome",
        "saveHtml": true,
        "saveJson": true,
        "consoleReporter": "spec",
        "useInlineDiffs": false,
        "code": true
      },
      "version": "7.1.3"
    },
    "marge": {
      "options": {
        "charts": true,
        "reportDir": "cypress/reports",
        "reportPageTitle": "Demo-title1",
        "embeddedScreenshots": true,
        "inlineAssets": true,
        "saveAllAttempts": false,
        "overwrite": false,
        "html": true
      },
      "version": "6.2.0"
    }
  }
}