{
  "stats": {
    "suites": 1,
    "tests": 4,
    "passes": 3,
    "pending": 3,
    "failures": -2,
    "start": "2022-07-21T08:32:26.069Z",
    "end": "2022-07-21T08:33:21.148Z",
    "duration": 55079,
    "testsRegistered": 7,
    "passPercent": 75,
    "pendingPercent": 42.857142857142854,
    "other": 3,
    "hasOther": true,
    "skipped": 0,
    "hasSkipped": false
  },
  "results": [
    {
      "uuid": "c06c1c4c-b89b-497b-8b04-0b600a1b33c4",
      "title": "",
      "fullFile": "cypress\\e2e\\Reports.cy.js",
      "file": "cypress\\e2e\\Reports.cy.js",
      "beforeHooks": [],
      "afterHooks": [],
      "tests": [],
      "suites": [
        {
          "uuid": "3164617d-5f84-4dbb-a815-bd1495231716",
          "title": "Reports",
          "fullFile": "",
          "file": "",
          "beforeHooks": [],
          "afterHooks": [],
          "tests": [
            {
              "title": "Navigating/Email Reports",
              "fullTitle": "Reports Navigating/Email Reports",
              "timedOut": null,
              "duration": 20276,
              "state": "failed",
              "speed": null,
              "pass": false,
              "fail": true,
              "pending": false,
              "context": "{\n  \"title\": \"cypress-mochawesome-reporter-screenshots\",\n  \"value\": [\n    [\n      {\n        \"title\": \"Failed screenshot\",\n        \"value\": \"\\\\Reports.cy.js\\\\Reports -- NavigatingEmail Reports (failed).png\"\n      }\n    ]\n  ]\n}",
              "code": "Cypress.on('uncaught:exception', (err, runnable) => {\n  // returning false here prevents Cypress from\n  // failing the test\n  return false;\n});\ncy.visit('/admin/account/3854/office/0/project/320406/page/82269/editor_v2#edit_content'); // cy.get('.overview > :nth-child(1)').click()\n// cy.wait(5000)\n// cy.get('.overview > :nth-child(1)').click()\n// cy.get('[onclick=\"download_report()\"]').click()\ncy.get('.email_report').click(); // cy.get('.dlg_email > form').focus()\ncy.get('[name=\"to\"]').type('skakade@meetsoci.com');\ncy.get('.primary_button').click();\ncy.wait(5000);",
              "err": {
                "message": "AssertionError: Timed out retrying after 4000ms: Expected to find element: `.email_report`, but never found it.",
                "estack": "AssertionError: Timed out retrying after 4000ms: Expected to find element: `.email_report`, but never found it.\n    at Context.eval (https://sneaky.meetsoci.com/__cypress/tests?p=cypress\\e2e\\Reports.cy.js:116:8)",
                "diff": null
              },
              "uuid": "ed540305-8ba7-4ed7-80ff-5f5a6769fcae",
              "parentUUID": "3164617d-5f84-4dbb-a815-bd1495231716",
              "isHook": false,
              "skipped": false
            },
            {
              "title": "Download Reports",
              "fullTitle": "Reports Download Reports",
              "timedOut": null,
              "duration": 20224,
              "state": "passed",
              "speed": "slow",
              "pass": true,
              "fail": false,
              "pending": false,
              "context": null,
              "code": "Cypress.on('fail', (error, runnable) => {\n  return false;\n});\ncy.visit('/admin/account/3854/office/0/project/320406/page/82269/editor_v2#edit_content');\ncy.wait(10000);\ncy.get('[onclick=\"download_report()\"]').click({\n  failOnStatusCode: false\n});",
              "err": {},
              "uuid": "82c8e11c-ebbf-48b7-94d7-9f36be160d92",
              "parentUUID": "3164617d-5f84-4dbb-a815-bd1495231716",
              "isHook": false,
              "skipped": false
            },
            {
              "title": "Logo check",
              "fullTitle": "Reports Logo check",
              "timedOut": null,
              "duration": 0,
              "state": "pending",
              "speed": null,
              "pass": false,
              "fail": false,
              "pending": true,
              "context": null,
              "code": "",
              "err": {},
              "uuid": "fb7dce50-1e5b-454b-bb3c-0eac02663355",
              "parentUUID": "3164617d-5f84-4dbb-a815-bd1495231716",
              "isHook": false,
              "skipped": false
            },
            {
              "title": "Check-logo",
              "fullTitle": "Reports Check-logo",
              "timedOut": null,
              "duration": 0,
              "state": "pending",
              "speed": null,
              "pass": false,
              "fail": false,
              "pending": true,
              "context": null,
              "code": "",
              "err": {},
              "uuid": "59eaa81b-b378-4afc-b0d6-30641ced657b",
              "parentUUID": "3164617d-5f84-4dbb-a815-bd1495231716",
              "isHook": false,
              "skipped": false
            },
            {
              "title": "Check-logo-2",
              "fullTitle": "Reports Check-logo-2",
              "timedOut": null,
              "duration": 0,
              "state": "pending",
              "speed": null,
              "pass": false,
              "fail": false,
              "pending": true,
              "context": null,
              "code": "",
              "err": {},
              "uuid": "37565478-c0fd-4150-acdc-1c13846df595",
              "parentUUID": "3164617d-5f84-4dbb-a815-bd1495231716",
              "isHook": false,
              "skipped": false
            },
            {
              "title": "Check logo",
              "fullTitle": "Reports Check logo",
              "timedOut": null,
              "duration": 10290,
              "state": "passed",
              "speed": "slow",
              "pass": true,
              "fail": false,
              "pending": false,
              "context": null,
              "code": "Cypress.on('uncaught:exception', (err, runnable) => {\n  return false;\n});\ncy.visit('/admin/account/3854/office/0/project/320406/page/82269/editor_v2#edit_content'); // cy.get('label.label_check').first().click({force:true}).should('have.class','c_on')\n// cy.get('label.label_check').first().click().should('have.class','c_on')\n//     var flag = true;\n// try {\n//     cy.get('label.label_check').first().click({force:true}).should('have.class','c_on')\n//     flag = true\n// } catch(e) {\n//     cy.get('label.label_check').first().click().should('have.class','c_on')\n//     console.log(e)\n//     flag = false\n//     done(e)\n// } finally {\n//     //do something\n//     cy.get('label.label_check').first().click()\n//     if(flag)\n//         done()\n// }\n// cy.get('label.label_check').first().then( check=>{\n//     cy.wrap(check)\n//     const checky = check.should('have.class', 'c_on')\n//     if (checky = true){\n//         //do nothing for now\n//     }else {\n//         checky.click()\n//     }\n// })\n// try{\n// if (cy.get('.overview > :nth-child(1)').contains('label.label_check.c_on', 'Show Logo')){\n//             //do nothing for now\n//         }else {\n//             cy.get('.overview > :nth-child(1)').click()\n//         }\n//     }catch{\n//          cy.get('.overview > :nth-child(1)').click()\n//     }\n// })\n// try {\n//     cy.get('.overview > :nth-child(1)').contains('label.label_check.c_on', 'Show Logo')\n// } catch {\n//     cy.get('.overview > :nth-child(1)').click()   \n// }\n// })\n// it('Alias', () => {\n//     Cypress.on('uncaught:exception', (err, runnable) => {\n//         return false\n//         });\n//         cy.visit('/admin/account/3854/office/0/project/320406/page/82269/editor_v2#edit_content')\n//         cy.wait(7000)\n// // try {\n// //     cy.get('.overview > :nth-child(1)').contains('label.label_check', 'Show Logo').as('Uncheck')\n// //     cy.get('@Uncheck').click()\n// // } catch (error) {\n// //     //nothing\n// //     cy.get('@Uncheck').click()\n// //     cy.get('@Uncheck').contains('label.label_check.c_on', 'Show Logo')\n// // }\n// // try {\n// //     cy.get('.overview > :nth-child(1)').contains('label.label_check', 'Show Logo').as('Uncheck')\n// //     cy.get('@Uncheck').click()\n// // } catch (error) {\n// //     //nothing\n// //     cy.get('@Uncheck').click()\n// //     cy.get('@Uncheck').contains('label.label_check.c_on', 'Show Logo')\n// // }\n// // cy.get('.overview > :nth-child(1)').contains('label.label_check', 'Show Logo').as('Uncheck')\n// // cy.get('.overview > :nth-child(1)').contains('label.label_check.c_on', 'Show Logo').as('Check')\n// // if((cy.get('@Uncheck')) != (cy.get('@Check')) ){\n// //     cy.get('@Uncheck').click()\n// //     this.Fail()\n// // } else {\n// //     cy.get('@Uncheck')\n// // }\ncy.get('.label_check').children('input').first().check({\n  force: true\n});\ncy.wait(5000);\ncy.scrollTo('top');\ncy.get('#frame').should('be.visible');\ncy.get('.label_check').children('input').as('All');\ncy.get('.label_check').children('input').first().as('logo');\ncy.get('@logo').click({\n  force: true\n});\ncy.get('@logo').check({\n  force: true\n});\ncy.get('@All').check({\n  force: true\n});",
              "err": {},
              "uuid": "425bd9c8-d596-4fb5-9f70-d29221d65719",
              "parentUUID": "3164617d-5f84-4dbb-a815-bd1495231716",
              "isHook": false,
              "skipped": false
            },
            {
              "title": "Email with all Checked",
              "fullTitle": "Reports Email with all Checked",
              "timedOut": null,
              "duration": 4192,
              "state": "passed",
              "speed": "fast",
              "pass": true,
              "fail": false,
              "pending": false,
              "context": null,
              "code": "cy.get('.email_report').click(); // cy.get('.dlg_email > form').focus()\ncy.get('[name=\"to\"]').type('skakade@meetsoci.com');\ncy.get('.primary_button').click();\ncy.wait(5000);",
              "err": {},
              "uuid": "e1df2996-e0ff-4468-8f8f-0b6438718c2c",
              "parentUUID": "3164617d-5f84-4dbb-a815-bd1495231716",
              "isHook": false,
              "skipped": false
            }
          ],
          "suites": [],
          "passes": [
            "82c8e11c-ebbf-48b7-94d7-9f36be160d92",
            "425bd9c8-d596-4fb5-9f70-d29221d65719",
            "e1df2996-e0ff-4468-8f8f-0b6438718c2c"
          ],
          "failures": [
            "ed540305-8ba7-4ed7-80ff-5f5a6769fcae"
          ],
          "pending": [
            "fb7dce50-1e5b-454b-bb3c-0eac02663355",
            "59eaa81b-b378-4afc-b0d6-30641ced657b",
            "37565478-c0fd-4150-acdc-1c13846df595"
          ],
          "skipped": [],
          "duration": 54982,
          "root": false,
          "rootEmpty": false,
          "_timeout": 2000
        }
      ],
      "passes": [],
      "failures": [],
      "pending": [],
      "skipped": [],
      "duration": 0,
      "root": true,
      "rootEmpty": true,
      "_timeout": 2000
    }
  ],
  "meta": {
    "mocha": {
      "version": "7.0.1"
    },
    "mochawesome": {
      "options": {
        "quiet": false,
        "reportFilename": "mochawesome",
        "saveHtml": true,
        "saveJson": true,
        "consoleReporter": "spec",
        "useInlineDiffs": false,
        "code": true
      },
      "version": "7.1.3"
    },
    "marge": {
      "options": {
        "charts": true,
        "reportDir": "cypress/reports",
        "reportPageTitle": "Demo-title1",
        "embeddedScreenshots": true,
        "inlineAssets": true,
        "saveAllAttempts": false,
        "overwrite": false,
        "html": true
      },
      "version": "6.2.0"
    }
  }
}