{
  "stats": {
    "suites": 1,
    "tests": 1,
    "passes": 0,
    "pending": 0,
    "failures": 1,
    "start": "2022-07-21T09:41:25.501Z",
    "end": "2022-07-21T09:41:44.983Z",
    "duration": 19482,
    "testsRegistered": 7,
    "passPercent": 0,
    "pendingPercent": 0,
    "other": 0,
    "hasOther": false,
    "skipped": 3,
    "hasSkipped": true
  },
  "results": [
    {
      "uuid": "6513a425-4895-463d-82a3-501b1679b986",
      "title": "",
      "fullFile": "cypress\\e2e\\Reports.cy.js",
      "file": "cypress\\e2e\\Reports.cy.js",
      "beforeHooks": [],
      "afterHooks": [],
      "tests": [],
      "suites": [
        {
          "uuid": "652a5a8f-2c89-46cc-a234-fdfaf5982327",
          "title": "Reports",
          "fullFile": "",
          "file": "",
          "beforeHooks": [],
          "afterHooks": [],
          "tests": [
            {
              "title": "Navigating/Email Reports",
              "fullTitle": "Reports Navigating/Email Reports",
              "timedOut": null,
              "duration": 15765,
              "state": "failed",
              "speed": null,
              "pass": false,
              "fail": true,
              "pending": false,
              "context": "{\n  \"title\": \"cypress-mochawesome-reporter-screenshots\",\n  \"value\": [\n    [\n      {\n        \"title\": \"Failed screenshot\",\n        \"value\": \"\\\\Reports.cy.js\\\\Reports -- NavigatingEmail Reports (failed).png\"\n      }\n    ]\n  ]\n}",
              "code": "Cypress.on('uncaught:exception', (err, runnable) => {\n  // returning false here prevents Cypress from\n  // failing the test\n  return false;\n});\ncy.visit('/admin/account/3854/office/0/project/320406/page/82269/editor_v2#edit_content'); // cy.get('.overview > :nth-child(1)').click()\n// cy.wait(5000)\n// cy.get('.overview > :nth-child(1)').click()\n// cy.get('[onclick=\"download_report()\"]').click()\ncy.get('.email_report').click(); // cy.get('.dlg_email > form').focus()\ncy.get('[name=\"to\"]').type('skakade@meetsoci.com');\ncy.get('.primary_button').click();\ncy.wait(5000);",
              "err": {
                "message": "AssertionError: Timed out retrying after 4000ms: Expected to find element: `.email_report`, but never found it.",
                "estack": "AssertionError: Timed out retrying after 4000ms: Expected to find element: `.email_report`, but never found it.\n    at Context.eval (https://sneaky.meetsoci.com/__cypress/tests?p=cypress\\e2e\\Reports.cy.js:116:8)",
                "diff": null
              },
              "uuid": "808f2840-9122-46a9-9c3c-364d5c14f804",
              "parentUUID": "652a5a8f-2c89-46cc-a234-fdfaf5982327",
              "isHook": false,
              "skipped": false
            },
            {
              "title": "Download Reports",
              "fullTitle": "Reports Download Reports",
              "timedOut": null,
              "duration": 0,
              "state": "skipped",
              "speed": null,
              "pass": false,
              "fail": false,
              "pending": false,
              "context": null,
              "code": "Cypress.on('fail', (error, runnable) => {\n  return false;\n});\ncy.visit('/admin/account/3854/office/0/project/320406/page/82269/editor_v2#edit_content');\ncy.wait(10000);\ncy.get('[onclick=\"download_report()\"]').click({\n  failOnStatusCode: false\n});",
              "err": {},
              "uuid": "e9aa803b-4566-4d7e-a990-972608b4e0e9",
              "parentUUID": "652a5a8f-2c89-46cc-a234-fdfaf5982327",
              "isHook": false,
              "skipped": true
            },
            {
              "title": "Logo check",
              "fullTitle": "Reports Logo check",
              "timedOut": null,
              "duration": 0,
              "state": "skipped",
              "speed": null,
              "pass": false,
              "fail": false,
              "pending": true,
              "context": null,
              "code": "",
              "err": {},
              "uuid": "b2008af7-d206-463f-a9d5-d5c3732cffbb",
              "parentUUID": "652a5a8f-2c89-46cc-a234-fdfaf5982327",
              "isHook": false,
              "skipped": false
            },
            {
              "title": "Check-logo",
              "fullTitle": "Reports Check-logo",
              "timedOut": null,
              "duration": 0,
              "state": "skipped",
              "speed": null,
              "pass": false,
              "fail": false,
              "pending": true,
              "context": null,
              "code": "",
              "err": {},
              "uuid": "6f4641d3-96cb-4507-bc44-3c9fb2b08ed1",
              "parentUUID": "652a5a8f-2c89-46cc-a234-fdfaf5982327",
              "isHook": false,
              "skipped": false
            },
            {
              "title": "Check-logo-2",
              "fullTitle": "Reports Check-logo-2",
              "timedOut": null,
              "duration": 0,
              "state": "skipped",
              "speed": null,
              "pass": false,
              "fail": false,
              "pending": true,
              "context": null,
              "code": "",
              "err": {},
              "uuid": "c7ab35b3-8501-4d78-8090-1de490c3d9e0",
              "parentUUID": "652a5a8f-2c89-46cc-a234-fdfaf5982327",
              "isHook": false,
              "skipped": false
            },
            {
              "title": "Check logo",
              "fullTitle": "Reports Check logo",
              "timedOut": null,
              "duration": 0,
              "state": "skipped",
              "speed": null,
              "pass": false,
              "fail": false,
              "pending": false,
              "context": null,
              "code": "Cypress.on('uncaught:exception', (err, runnable) => {\n  return false;\n});\ncy.visit('/admin/account/3854/office/0/project/320406/page/82269/editor_v2#edit_content'); // cy.get('label.label_check').first().click({force:true}).should('have.class','c_on')\n// cy.get('label.label_check').first().click().should('have.class','c_on')\n//     var flag = true;\n// try {\n//     cy.get('label.label_check').first().click({force:true}).should('have.class','c_on')\n//     flag = true\n// } catch(e) {\n//     cy.get('label.label_check').first().click().should('have.class','c_on')\n//     console.log(e)\n//     flag = false\n//     done(e)\n// } finally {\n//     //do something\n//     cy.get('label.label_check').first().click()\n//     if(flag)\n//         done()\n// }\n// cy.get('label.label_check').first().then( check=>{\n//     cy.wrap(check)\n//     const checky = check.should('have.class', 'c_on')\n//     if (checky = true){\n//         //do nothing for now\n//     }else {\n//         checky.click()\n//     }\n// })\n// try{\n// if (cy.get('.overview > :nth-child(1)').contains('label.label_check.c_on', 'Show Logo')){\n//             //do nothing for now\n//         }else {\n//             cy.get('.overview > :nth-child(1)').click()\n//         }\n//     }catch{\n//          cy.get('.overview > :nth-child(1)').click()\n//     }\n// })\n// try {\n//     cy.get('.overview > :nth-child(1)').contains('label.label_check.c_on', 'Show Logo')\n// } catch {\n//     cy.get('.overview > :nth-child(1)').click()   \n// }\n// })\n// it('Alias', () => {\n//     Cypress.on('uncaught:exception', (err, runnable) => {\n//         return false\n//         });\n//         cy.visit('/admin/account/3854/office/0/project/320406/page/82269/editor_v2#edit_content')\n//         cy.wait(7000)\n// // try {\n// //     cy.get('.overview > :nth-child(1)').contains('label.label_check', 'Show Logo').as('Uncheck')\n// //     cy.get('@Uncheck').click()\n// // } catch (error) {\n// //     //nothing\n// //     cy.get('@Uncheck').click()\n// //     cy.get('@Uncheck').contains('label.label_check.c_on', 'Show Logo')\n// // }\n// // try {\n// //     cy.get('.overview > :nth-child(1)').contains('label.label_check', 'Show Logo').as('Uncheck')\n// //     cy.get('@Uncheck').click()\n// // } catch (error) {\n// //     //nothing\n// //     cy.get('@Uncheck').click()\n// //     cy.get('@Uncheck').contains('label.label_check.c_on', 'Show Logo')\n// // }\n// // cy.get('.overview > :nth-child(1)').contains('label.label_check', 'Show Logo').as('Uncheck')\n// // cy.get('.overview > :nth-child(1)').contains('label.label_check.c_on', 'Show Logo').as('Check')\n// // if((cy.get('@Uncheck')) != (cy.get('@Check')) ){\n// //     cy.get('@Uncheck').click()\n// //     this.Fail()\n// // } else {\n// //     cy.get('@Uncheck')\n// // }\ncy.get('.label_check').children('input').first().check({\n  force: true\n});\ncy.wait(5000);\ncy.scrollTo('top');\ncy.get('#frame').should('be.visible');\ncy.get('.label_check').children('input').as('All');\ncy.get('.label_check').children('input').first().as('logo');\ncy.get('@logo').click({\n  force: true\n});\ncy.get('@logo').check({\n  force: true\n});\ncy.get('@All').check({\n  force: true\n});",
              "err": {},
              "uuid": "1f4a13c0-e593-45d2-93c3-3fef11000cc8",
              "parentUUID": "652a5a8f-2c89-46cc-a234-fdfaf5982327",
              "isHook": false,
              "skipped": true
            },
            {
              "title": "Email with all Checked",
              "fullTitle": "Reports Email with all Checked",
              "timedOut": null,
              "duration": 0,
              "state": "skipped",
              "speed": null,
              "pass": false,
              "fail": false,
              "pending": false,
              "context": null,
              "code": "cy.get('.email_report').click(); // cy.get('.dlg_email > form').focus()\ncy.get('[name=\"to\"]').type('skakade@meetsoci.com');\ncy.get('.primary_button').click();\ncy.wait(5000);",
              "err": {},
              "uuid": "994677e8-986a-42df-8edf-d4f20b56fcd4",
              "parentUUID": "652a5a8f-2c89-46cc-a234-fdfaf5982327",
              "isHook": false,
              "skipped": true
            }
          ],
          "suites": [],
          "passes": [],
          "failures": [
            "808f2840-9122-46a9-9c3c-364d5c14f804"
          ],
          "pending": [
            "b2008af7-d206-463f-a9d5-d5c3732cffbb",
            "6f4641d3-96cb-4507-bc44-3c9fb2b08ed1",
            "c7ab35b3-8501-4d78-8090-1de490c3d9e0"
          ],
          "skipped": [
            "e9aa803b-4566-4d7e-a990-972608b4e0e9",
            "1f4a13c0-e593-45d2-93c3-3fef11000cc8",
            "994677e8-986a-42df-8edf-d4f20b56fcd4"
          ],
          "duration": 15765,
          "root": false,
          "rootEmpty": false,
          "_timeout": 2000
        }
      ],
      "passes": [],
      "failures": [],
      "pending": [],
      "skipped": [],
      "duration": 0,
      "root": true,
      "rootEmpty": true,
      "_timeout": 2000
    }
  ],
  "meta": {
    "mocha": {
      "version": "7.0.1"
    },
    "mochawesome": {
      "options": {
        "quiet": false,
        "reportFilename": "mochawesome",
        "saveHtml": true,
        "saveJson": true,
        "consoleReporter": "spec",
        "useInlineDiffs": false,
        "code": true
      },
      "version": "7.1.3"
    },
    "marge": {
      "options": {
        "charts": true,
        "reportDir": "cypress/reports",
        "reportPageTitle": "Demo-title1",
        "embeddedScreenshots": true,
        "inlineAssets": true,
        "saveAllAttempts": false,
        "overwrite": false,
        "html": true
      },
      "version": "6.2.0"
    }
  }
}