{
  "stats": {
    "suites": 1,
    "tests": 6,
    "passes": 5,
    "pending": 0,
    "failures": 1,
    "start": "2022-08-03T10:48:02.313Z",
    "end": "2022-08-03T10:50:36.242Z",
    "duration": 153929,
    "testsRegistered": 6,
    "passPercent": 83.33333333333334,
    "pendingPercent": 0,
    "other": 0,
    "hasOther": false,
    "skipped": 0,
    "hasSkipped": false
  },
  "results": [
    {
      "uuid": "92f49353-b7c7-4e2f-a451-beb13070df87",
      "title": "",
      "fullFile": "cypress\\e2e\\Creative.cy.js",
      "file": "cypress\\e2e\\Creative.cy.js",
      "beforeHooks": [],
      "afterHooks": [],
      "tests": [],
      "suites": [
        {
          "uuid": "b848d88d-fb49-4226-a722-3c6168323244",
          "title": "Creative",
          "fullFile": "",
          "file": "",
          "beforeHooks": [],
          "afterHooks": [],
          "tests": [
            {
              "title": "Navigating to Locations level",
              "fullTitle": "Creative Navigating to Locations level",
              "timedOut": null,
              "duration": 20592,
              "state": "passed",
              "speed": "slow",
              "pass": true,
              "fail": false,
              "pending": false,
              "context": null,
              "code": "gotoLocation();",
              "err": {},
              "uuid": "6d669480-89ce-4052-9926-7eb07a799158",
              "parentUUID": "b848d88d-fb49-4226-a722-3c6168323244",
              "isHook": false,
              "skipped": false
            },
            {
              "title": "tag a Cover Image - C2846",
              "fullTitle": "Creative tag a Cover Image - C2846",
              "timedOut": null,
              "duration": 17878,
              "state": "passed",
              "speed": "slow",
              "pass": true,
              "fail": false,
              "pending": false,
              "context": null,
              "code": "gotoAccount();\ncy.get('.image > .image_info_container > .info > .btn_edit_tags').first().click();\ncy.get('.ComponentTagsEditor').type('Taggy').type('{enter}');\ncy.wait(4000);\ncy.get('.primary_button').click({\n  force: true\n});",
              "err": {},
              "uuid": "559e0852-80b8-4f28-9d6b-424aa6530588",
              "parentUUID": "b848d88d-fb49-4226-a722-3c6168323244",
              "isHook": false,
              "skipped": false
            },
            {
              "title": "Delete a Cover Image -  C2847",
              "fullTitle": "Creative Delete a Cover Image -  C2847",
              "timedOut": null,
              "duration": 18194,
              "state": "passed",
              "speed": "slow",
              "pass": true,
              "fail": false,
              "pending": false,
              "context": null,
              "code": "gotoAccount();\ncy.get('.image > .image_info_container > .info > .warning_button').first().click();\ncy.wait(4000);\ncy.get('.primary_button').click();\ncy.get('[data-cy=\"toast_message\"]').should('have.text', '\\n\\t\\tImage has been deleted from the library!\\n\\t\\t\\n\\t');",
              "err": {},
              "uuid": "1496aec2-3414-4e02-9947-e01070b759ef",
              "parentUUID": "b848d88d-fb49-4226-a722-3c6168323244",
              "isHook": false,
              "skipped": false
            },
            {
              "title": "to Creative",
              "fullTitle": "Creative to Creative",
              "timedOut": null,
              "duration": 19355,
              "state": "passed",
              "speed": "slow",
              "pass": true,
              "fail": false,
              "pending": false,
              "context": null,
              "code": "gotoLocation();\ncy.get('div[data-href=\"design_hub\"] > .section-heading > .section-label').click();\ncy.get('[data-href=\"create_cover\"]').click();\ncy.wait(5000);",
              "err": {},
              "uuid": "be4df350-ee03-4169-bea3-694fff49740d",
              "parentUUID": "b848d88d-fb49-4226-a722-3c6168323244",
              "isHook": false,
              "skipped": false
            },
            {
              "title": "Create Cover Image for FB - C2848",
              "fullTitle": "Creative Create Cover Image for FB - C2848",
              "timedOut": null,
              "duration": 62276,
              "state": "failed",
              "speed": null,
              "pass": false,
              "fail": true,
              "pending": false,
              "context": "{\n  \"title\": \"cypress-mochawesome-reporter-screenshots\",\n  \"value\": [\n    [\n      {\n        \"title\": \"Failed screenshot\",\n        \"value\": \"\\\\Creative.cy.js\\\\Creative -- Create Cover Image for FB - C2848 (failed).png\"\n      }\n    ]\n  ]\n}",
              "code": "cy.get('#create_page').click();\ncy.get('.customize_header > .section_right > .section_heading > table > tbody > tr > [valign=\"top\"]').click();\ncy.wait(4000);\ncy.get('.add_image_lib').click();\ncy.wait(5000); // cy.get('#s2id_autogen9 > .select2-choice').select('Santosh Kakade Demo Account (Account)')\n// cy.contains('SOCI Library (System)').select('Santosh Kakade Demo Account (Account)')\n// cy.contains('Santosh Kakade Demo Account (User)')\ncy.contains('.select2-choice', 'SOCI Library (System)').click();\ncy.wait(4000);\ncy.contains('.select2-result-label', 'Santosh Kakade Demo Account (Account)').click();\ncy.wait(4000);\ncy.get('.images_holder > :nth-child(1) > img').click();\ncy.wait(6000);\ncy.get('.btn_publish').click();\ncy.wait(20000);\ncy.get('.primary_button').click();",
              "err": {
                "message": "CypressError: Timed out retrying after 4050ms: `cy.click()` failed because this element:\n\n`<button type=\"button\" class=\"primary_button gray_button ui-button ui-widget ui-state-default ui-corner-all ui-button-text-only\" role=\"button\" aria-disabled=\"false\">...</button>`\n\nis being covered by another element:\n\n`<div class=\"DlgLoading bbm-no-bottombar bbm-wrapper\" data-l10n-namespace=\"DlgLoading\" tabindex=\"1\" style=\"display: block;\">...</div>`\n\nFix this problem, or use {force: true} to disable error checking.\n\nhttps://on.cypress.io/element-cannot-be-interacted-with",
                "estack": "CypressError: Timed out retrying after 4050ms: `cy.click()` failed because this element:\n\n`<button type=\"button\" class=\"primary_button gray_button ui-button ui-widget ui-state-default ui-corner-all ui-button-text-only\" role=\"button\" aria-disabled=\"false\">...</button>`\n\nis being covered by another element:\n\n`<div class=\"DlgLoading bbm-no-bottombar bbm-wrapper\" data-l10n-namespace=\"DlgLoading\" tabindex=\"1\" style=\"display: block;\">...</div>`\n\nFix this problem, or use {force: true} to disable error checking.\n\nhttps://on.cypress.io/element-cannot-be-interacted-with\n    at $Cy.ensureDescendents (https://sneaky.meetsoci.com/__cypress/runner/cypress_runner.js:162300:78)\n    at ensureDescendents (https://sneaky.meetsoci.com/__cypress/runner/cypress_runner.js:147714:8)\n    at ensureDescendentsAndScroll (https://sneaky.meetsoci.com/__cypress/runner/cypress_runner.js:147721:14)\n    at ensureElIsNotCovered (https://sneaky.meetsoci.com/__cypress/runner/cypress_runner.js:147853:5)\n    at runAllChecks (https://sneaky.meetsoci.com/__cypress/runner/cypress_runner.js:148043:52)\n    at retryActionability (https://sneaky.meetsoci.com/__cypress/runner/cypress_runner.js:148067:16)\n    at tryCatcher (https://sneaky.meetsoci.com/__cypress/runner/cypress_runner.js:13012:23)\n    at Function.Promise.attempt.Promise.try (https://sneaky.meetsoci.com/__cypress/runner/cypress_runner.js:10286:29)\n    at whenStable (https://sneaky.meetsoci.com/__cypress/runner/cypress_runner.js:167226:65)\n    at https://sneaky.meetsoci.com/__cypress/runner/cypress_runner.js:166680:14\n    at tryCatcher (https://sneaky.meetsoci.com/__cypress/runner/cypress_runner.js:13012:23)\n    at Promise._settlePromiseFromHandler (https://sneaky.meetsoci.com/__cypress/runner/cypress_runner.js:10947:31)\n    at Promise._settlePromise (https://sneaky.meetsoci.com/__cypress/runner/cypress_runner.js:11004:18)\n    at Promise._settlePromise0 (https://sneaky.meetsoci.com/__cypress/runner/cypress_runner.js:11049:10)\n    at Promise._settlePromises (https://sneaky.meetsoci.com/__cypress/runner/cypress_runner.js:11129:18)\n    at Promise._fulfill (https://sneaky.meetsoci.com/__cypress/runner/cypress_runner.js:11073:18)\n    at https://sneaky.meetsoci.com/__cypress/runner/cypress_runner.js:12687:46\nFrom Your Spec Code:\n    at Context.eval (https://sneaky.meetsoci.com/__cypress/tests?p=cypress\\e2e\\Creative.cy.js:157:31)",
                "diff": null
              },
              "uuid": "82bbf80d-c0f3-4eab-8ad3-8530d7ede22c",
              "parentUUID": "b848d88d-fb49-4226-a722-3c6168323244",
              "isHook": false,
              "skipped": false
            },
            {
              "title": "Download - C2990",
              "fullTitle": "Creative Download - C2990",
              "timedOut": null,
              "duration": 15494,
              "state": "passed",
              "speed": "slow",
              "pass": true,
              "fail": false,
              "pending": false,
              "context": null,
              "code": "gotoAccount();\nCypress.on('fail', (error, runnable) => {\n  return false;\n});\ncy.get('.image > .image_info_container > .info > .btn_download').first().click();",
              "err": {},
              "uuid": "2803d7e3-a3fc-46cc-b5d6-b616a5ef5208",
              "parentUUID": "b848d88d-fb49-4226-a722-3c6168323244",
              "isHook": false,
              "skipped": false
            }
          ],
          "suites": [],
          "passes": [
            "6d669480-89ce-4052-9926-7eb07a799158",
            "559e0852-80b8-4f28-9d6b-424aa6530588",
            "1496aec2-3414-4e02-9947-e01070b759ef",
            "be4df350-ee03-4169-bea3-694fff49740d",
            "2803d7e3-a3fc-46cc-b5d6-b616a5ef5208"
          ],
          "failures": [
            "82bbf80d-c0f3-4eab-8ad3-8530d7ede22c"
          ],
          "pending": [],
          "skipped": [],
          "duration": 153789,
          "root": false,
          "rootEmpty": false,
          "_timeout": 2000
        }
      ],
      "passes": [],
      "failures": [],
      "pending": [],
      "skipped": [],
      "duration": 0,
      "root": true,
      "rootEmpty": true,
      "_timeout": 2000
    }
  ],
  "meta": {
    "mocha": {
      "version": "7.0.1"
    },
    "mochawesome": {
      "options": {
        "quiet": false,
        "reportFilename": "mochawesome",
        "saveHtml": true,
        "saveJson": true,
        "consoleReporter": "spec",
        "useInlineDiffs": false,
        "code": true
      },
      "version": "7.1.3"
    },
    "marge": {
      "options": {
        "charts": true,
        "reportDir": "cypress/reports",
        "reportPageTitle": "Demo-title1",
        "embeddedScreenshots": true,
        "inlineAssets": true,
        "saveAllAttempts": false,
        "overwrite": false,
        "html": true
      },
      "version": "6.2.0"
    }
  }
}