{
  "stats": {
    "suites": 1,
    "tests": 4,
    "passes": 4,
    "pending": 3,
    "failures": -3,
    "start": "2022-07-21T09:43:39.137Z",
    "end": "2022-07-21T09:46:33.105Z",
    "duration": 173968,
    "testsRegistered": 7,
    "passPercent": 100,
    "pendingPercent": 42.857142857142854,
    "other": 3,
    "hasOther": true,
    "skipped": 0,
    "hasSkipped": false
  },
  "results": [
    {
      "uuid": "001d62d5-f4df-4844-bd83-7c2cc2b8be0b",
      "title": "",
      "fullFile": "cypress\\e2e\\Reports.cy.js",
      "file": "cypress\\e2e\\Reports.cy.js",
      "beforeHooks": [],
      "afterHooks": [],
      "tests": [],
      "suites": [
        {
          "uuid": "da585b56-6bfa-4837-84d9-3cf2e904a416",
          "title": "Reports",
          "fullFile": "",
          "file": "",
          "beforeHooks": [],
          "afterHooks": [],
          "tests": [
            {
              "title": "Navigating/Email Reports",
              "fullTitle": "Reports Navigating/Email Reports",
              "timedOut": null,
              "duration": 47208,
              "state": "passed",
              "speed": "slow",
              "pass": true,
              "fail": false,
              "pending": false,
              "context": null,
              "code": "Cypress.on('uncaught:exception', (err, runnable) => {\n  // returning false here prevents Cypress from\n  // failing the test\n  return false;\n});\ncy.visit('/admin/account/3854/office/0/project/320406/page/82269/editor_v2#edit_content'); // cy.get('.overview > :nth-child(1)').click()\n// cy.wait(5000)\n// cy.get('.overview > :nth-child(1)').click()\n// cy.get('[onclick=\"download_report()\"]').click()\ncy.get('.email_report').click(); // cy.get('.dlg_email > form').focus()\ncy.get('[name=\"to\"]').type('skakade@meetsoci.com');\ncy.get('.primary_button').click();\ncy.wait(5000);",
              "err": {},
              "uuid": "b69ed4bb-42f9-4988-baa7-2a410baf5e1c",
              "parentUUID": "da585b56-6bfa-4837-84d9-3cf2e904a416",
              "isHook": false,
              "skipped": false
            },
            {
              "title": "Download Reports",
              "fullTitle": "Reports Download Reports",
              "timedOut": null,
              "duration": 93175,
              "state": "passed",
              "speed": "slow",
              "pass": true,
              "fail": false,
              "pending": false,
              "context": null,
              "code": "Cypress.on('fail', (error, runnable) => {\n  return false;\n});\ncy.visit('/admin/account/3854/office/0/project/320406/page/82269/editor_v2#edit_content');\ncy.wait(10000);\ncy.get('[onclick=\"download_report()\"]').click({\n  failOnStatusCode: false\n});",
              "err": {},
              "uuid": "42a4543b-e937-4222-b1de-f00b37d2f8f3",
              "parentUUID": "da585b56-6bfa-4837-84d9-3cf2e904a416",
              "isHook": false,
              "skipped": false
            },
            {
              "title": "Logo check",
              "fullTitle": "Reports Logo check",
              "timedOut": null,
              "duration": 0,
              "state": "pending",
              "speed": null,
              "pass": false,
              "fail": false,
              "pending": true,
              "context": null,
              "code": "",
              "err": {},
              "uuid": "ce12bb18-0aad-44a0-aa8e-6da5a0381bf4",
              "parentUUID": "da585b56-6bfa-4837-84d9-3cf2e904a416",
              "isHook": false,
              "skipped": false
            },
            {
              "title": "Check-logo",
              "fullTitle": "Reports Check-logo",
              "timedOut": null,
              "duration": 0,
              "state": "pending",
              "speed": null,
              "pass": false,
              "fail": false,
              "pending": true,
              "context": null,
              "code": "",
              "err": {},
              "uuid": "53bd2e0c-96f7-4896-ba59-d02fc4254e88",
              "parentUUID": "da585b56-6bfa-4837-84d9-3cf2e904a416",
              "isHook": false,
              "skipped": false
            },
            {
              "title": "Check-logo-2",
              "fullTitle": "Reports Check-logo-2",
              "timedOut": null,
              "duration": 0,
              "state": "pending",
              "speed": null,
              "pass": false,
              "fail": false,
              "pending": true,
              "context": null,
              "code": "",
              "err": {},
              "uuid": "5ed79727-5410-4159-9402-287d449d1f1b",
              "parentUUID": "da585b56-6bfa-4837-84d9-3cf2e904a416",
              "isHook": false,
              "skipped": false
            },
            {
              "title": "Check logo",
              "fullTitle": "Reports Check logo",
              "timedOut": null,
              "duration": 27334,
              "state": "passed",
              "speed": "slow",
              "pass": true,
              "fail": false,
              "pending": false,
              "context": null,
              "code": "Cypress.on('uncaught:exception', (err, runnable) => {\n  return false;\n});\ncy.visit('/admin/account/3854/office/0/project/320406/page/82269/editor_v2#edit_content'); // cy.get('label.label_check').first().click({force:true}).should('have.class','c_on')\n// cy.get('label.label_check').first().click().should('have.class','c_on')\n//     var flag = true;\n// try {\n//     cy.get('label.label_check').first().click({force:true}).should('have.class','c_on')\n//     flag = true\n// } catch(e) {\n//     cy.get('label.label_check').first().click().should('have.class','c_on')\n//     console.log(e)\n//     flag = false\n//     done(e)\n// } finally {\n//     //do something\n//     cy.get('label.label_check').first().click()\n//     if(flag)\n//         done()\n// }\n// cy.get('label.label_check').first().then( check=>{\n//     cy.wrap(check)\n//     const checky = check.should('have.class', 'c_on')\n//     if (checky = true){\n//         //do nothing for now\n//     }else {\n//         checky.click()\n//     }\n// })\n// try{\n// if (cy.get('.overview > :nth-child(1)').contains('label.label_check.c_on', 'Show Logo')){\n//             //do nothing for now\n//         }else {\n//             cy.get('.overview > :nth-child(1)').click()\n//         }\n//     }catch{\n//          cy.get('.overview > :nth-child(1)').click()\n//     }\n// })\n// try {\n//     cy.get('.overview > :nth-child(1)').contains('label.label_check.c_on', 'Show Logo')\n// } catch {\n//     cy.get('.overview > :nth-child(1)').click()   \n// }\n// })\n// it('Alias', () => {\n//     Cypress.on('uncaught:exception', (err, runnable) => {\n//         return false\n//         });\n//         cy.visit('/admin/account/3854/office/0/project/320406/page/82269/editor_v2#edit_content')\n//         cy.wait(7000)\n// // try {\n// //     cy.get('.overview > :nth-child(1)').contains('label.label_check', 'Show Logo').as('Uncheck')\n// //     cy.get('@Uncheck').click()\n// // } catch (error) {\n// //     //nothing\n// //     cy.get('@Uncheck').click()\n// //     cy.get('@Uncheck').contains('label.label_check.c_on', 'Show Logo')\n// // }\n// // try {\n// //     cy.get('.overview > :nth-child(1)').contains('label.label_check', 'Show Logo').as('Uncheck')\n// //     cy.get('@Uncheck').click()\n// // } catch (error) {\n// //     //nothing\n// //     cy.get('@Uncheck').click()\n// //     cy.get('@Uncheck').contains('label.label_check.c_on', 'Show Logo')\n// // }\n// // cy.get('.overview > :nth-child(1)').contains('label.label_check', 'Show Logo').as('Uncheck')\n// // cy.get('.overview > :nth-child(1)').contains('label.label_check.c_on', 'Show Logo').as('Check')\n// // if((cy.get('@Uncheck')) != (cy.get('@Check')) ){\n// //     cy.get('@Uncheck').click()\n// //     this.Fail()\n// // } else {\n// //     cy.get('@Uncheck')\n// // }\ncy.get('.label_check').children('input').first().check({\n  force: true\n});\ncy.wait(5000);\ncy.scrollTo('top');\ncy.get('#frame').should('be.visible');\ncy.get('.label_check').children('input').as('All');\ncy.get('.label_check').children('input').first().as('logo');\ncy.get('@logo').click({\n  force: true\n});\ncy.get('@logo').check({\n  force: true\n});\ncy.get('@All').check({\n  force: true\n});",
              "err": {},
              "uuid": "9f909026-7aef-45bb-9373-a802a77c4b2d",
              "parentUUID": "da585b56-6bfa-4837-84d9-3cf2e904a416",
              "isHook": false,
              "skipped": false
            },
            {
              "title": "Email with all Checked",
              "fullTitle": "Reports Email with all Checked",
              "timedOut": null,
              "duration": 6058,
              "state": "passed",
              "speed": "medium",
              "pass": true,
              "fail": false,
              "pending": false,
              "context": null,
              "code": "cy.get('.email_report').click(); // cy.get('.dlg_email > form').focus()\ncy.get('[name=\"to\"]').type('skakade@meetsoci.com');\ncy.get('.primary_button').click();\ncy.wait(5000);",
              "err": {},
              "uuid": "51165be7-50f0-4685-af63-f361ac362236",
              "parentUUID": "da585b56-6bfa-4837-84d9-3cf2e904a416",
              "isHook": false,
              "skipped": false
            }
          ],
          "suites": [],
          "passes": [
            "b69ed4bb-42f9-4988-baa7-2a410baf5e1c",
            "42a4543b-e937-4222-b1de-f00b37d2f8f3",
            "9f909026-7aef-45bb-9373-a802a77c4b2d",
            "51165be7-50f0-4685-af63-f361ac362236"
          ],
          "failures": [],
          "pending": [
            "ce12bb18-0aad-44a0-aa8e-6da5a0381bf4",
            "53bd2e0c-96f7-4896-ba59-d02fc4254e88",
            "5ed79727-5410-4159-9402-287d449d1f1b"
          ],
          "skipped": [],
          "duration": 173775,
          "root": false,
          "rootEmpty": false,
          "_timeout": 2000
        }
      ],
      "passes": [],
      "failures": [],
      "pending": [],
      "skipped": [],
      "duration": 0,
      "root": true,
      "rootEmpty": true,
      "_timeout": 2000
    }
  ],
  "meta": {
    "mocha": {
      "version": "7.0.1"
    },
    "mochawesome": {
      "options": {
        "quiet": false,
        "reportFilename": "mochawesome",
        "saveHtml": true,
        "saveJson": true,
        "consoleReporter": "spec",
        "useInlineDiffs": false,
        "code": true
      },
      "version": "7.1.3"
    },
    "marge": {
      "options": {
        "charts": true,
        "reportDir": "cypress/reports",
        "reportPageTitle": "Demo-title1",
        "embeddedScreenshots": true,
        "inlineAssets": true,
        "saveAllAttempts": false,
        "overwrite": false,
        "html": true
      },
      "version": "6.2.0"
    }
  }
}