{
  "stats": {
    "suites": 0,
    "tests": 1,
    "passes": 1,
    "pending": 0,
    "failures": 0,
    "start": "2022-07-21T09:43:13.949Z",
    "end": "2022-07-21T09:43:35.389Z",
    "duration": 21440,
    "testsRegistered": 1,
    "passPercent": 100,
    "pendingPercent": 0,
    "other": 0,
    "hasOther": false,
    "skipped": 0,
    "hasSkipped": false
  },
  "results": [
    {
      "uuid": "8705d300-024d-42ca-8b87-bd87e0c9bf34",
      "title": "",
      "fullFile": "cypress\\e2e\\Admin.cy.js",
      "file": "cypress\\e2e\\Admin.cy.js",
      "beforeHooks": [],
      "afterHooks": [],
      "tests": [
        {
          "title": "login",
          "fullTitle": "login",
          "timedOut": null,
          "duration": 21416,
          "state": "passed",
          "speed": "slow",
          "pass": true,
          "fail": false,
          "pending": false,
          "context": null,
          "code": "Cypress.on('uncaught:exception', (err, runnable) => {\n  // returning false here prevents Cypress from\n  // failing the test\n  return false;\n});\ncy.visit('https://sneaky.meetsoci.com/admin/login');\ncy.get('#password_login > :nth-child(2) > .input_email').type('skakade@meetsoci.com');\ncy.get('.input_password').type('Logitech@2').type('{enter}');",
          "err": {},
          "uuid": "80ce93de-df98-4ea2-9459-2d21330ecec8",
          "parentUUID": "8705d300-024d-42ca-8b87-bd87e0c9bf34",
          "isHook": false,
          "skipped": false
        }
      ],
      "suites": [],
      "passes": [
        "80ce93de-df98-4ea2-9459-2d21330ecec8"
      ],
      "failures": [],
      "pending": [],
      "skipped": [],
      "duration": 21416,
      "root": true,
      "rootEmpty": false,
      "_timeout": 2000
    }
  ],
  "meta": {
    "mocha": {
      "version": "7.0.1"
    },
    "mochawesome": {
      "options": {
        "quiet": false,
        "reportFilename": "mochawesome",
        "saveHtml": true,
        "saveJson": true,
        "consoleReporter": "spec",
        "useInlineDiffs": false,
        "code": true
      },
      "version": "7.1.3"
    },
    "marge": {
      "options": {
        "charts": true,
        "reportDir": "cypress/reports",
        "reportPageTitle": "Demo-title1",
        "embeddedScreenshots": true,
        "inlineAssets": true,
        "saveAllAttempts": false,
        "overwrite": false,
        "html": true
      },
      "version": "6.2.0"
    }
  }
}