{
  "stats": {
    "suites": 1,
    "tests": 5,
    "passes": 5,
    "pending": 0,
    "failures": 0,
    "start": "2024-05-24T11:19:21.073Z",
    "end": "2024-05-24T11:20:17.788Z",
    "duration": 56715,
    "testsRegistered": 5,
    "passPercent": 100,
    "pendingPercent": 0,
    "other": 0,
    "hasOther": false,
    "skipped": 0,
    "hasSkipped": false
  },
  "results": [
    {
      "uuid": "c3ece956-e2a8-4414-a3f8-bfcc3dbea946",
      "title": "",
      "fullFile": "cypress\\e2e\\Images.cy.js",
      "file": "cypress\\e2e\\Images.cy.js",
      "beforeHooks": [],
      "afterHooks": [],
      "tests": [],
      "suites": [
        {
          "uuid": "29a882ac-0143-4280-b30a-21dca6a9dcf1",
          "title": "Images",
          "fullFile": "",
          "file": "",
          "beforeHooks": [],
          "afterHooks": [],
          "tests": [
            {
              "title": "Navigating to Images",
              "fullTitle": "Images Navigating to Images",
              "timedOut": null,
              "duration": 50764,
              "state": "passed",
              "speed": "slow",
              "pass": true,
              "fail": false,
              "pending": false,
              "context": null,
              "code": "Cypress.on('uncaught:exception', (err, runnable) => {\n  return false;\n});\ncy.visit('admin/account/3854/image_library');\ncy.wait(6000);",
              "err": {},
              "uuid": "08e81bde-d205-416a-ae7f-699f3f6394e8",
              "parentUUID": "29a882ac-0143-4280-b30a-21dca6a9dcf1",
              "isHook": false,
              "skipped": false
            },
            {
              "title": "upload Image",
              "fullTitle": "Images upload Image",
              "timedOut": null,
              "duration": 4405,
              "state": "passed",
              "speed": "fast",
              "pass": true,
              "fail": false,
              "pending": false,
              "context": null,
              "code": "const filepath = 'download.png'; //   const filepath = 'tesla.jpg'\n// cy.get('.control').selectFile('cypress/fixtures/download.png')\ncy.get(\"input[type='file']\").attachFile(filepath); // cy.get('.control').attachFile(filepath)\ncy.wait(4000);\ncy.get('.primary_button').click();",
              "err": {},
              "uuid": "b37e6e24-9bef-4d64-b9f6-dd5760b1ccd1",
              "parentUUID": "29a882ac-0143-4280-b30a-21dca6a9dcf1",
              "isHook": false,
              "skipped": false
            },
            {
              "title": "Edit",
              "fullTitle": "Images Edit",
              "timedOut": null,
              "duration": 861,
              "state": "passed",
              "speed": "fast",
              "pass": true,
              "fail": false,
              "pending": false,
              "context": null,
              "code": "cy.get('.image > .image_info_container > .info > .btn_edit_tags').first().click();\ncy.get('.bbm-modal__section').find('[class=\"select2-input\"]').type('Edited Tag');\ncy.get('.primary_button').click();\ncy.server({\n  enable: false\n});",
              "err": {},
              "uuid": "9c41de34-4484-4d7d-a423-66405cdc70b0",
              "parentUUID": "29a882ac-0143-4280-b30a-21dca6a9dcf1",
              "isHook": false,
              "skipped": false
            },
            {
              "title": "Download",
              "fullTitle": "Images Download",
              "timedOut": null,
              "duration": 248,
              "state": "passed",
              "speed": "fast",
              "pass": true,
              "fail": false,
              "pending": false,
              "context": null,
              "code": "cy.get(' .image > .image_info_container > .info > .btn_download').first().click();",
              "err": {},
              "uuid": "3574df3c-a3dd-435d-a7ed-3838e6f9bf0c",
              "parentUUID": "29a882ac-0143-4280-b30a-21dca6a9dcf1",
              "isHook": false,
              "skipped": false
            },
            {
              "title": "Delete",
              "fullTitle": "Images Delete",
              "timedOut": null,
              "duration": 388,
              "state": "passed",
              "speed": "fast",
              "pass": true,
              "fail": false,
              "pending": false,
              "context": null,
              "code": "cy.get('.image > .image_info_container > .info > .warning_button').first().click();\ncy.contains('Delete').click();",
              "err": {},
              "uuid": "5c238171-a576-4a3d-95dc-ffabc3781459",
              "parentUUID": "29a882ac-0143-4280-b30a-21dca6a9dcf1",
              "isHook": false,
              "skipped": false
            }
          ],
          "suites": [],
          "passes": [
            "08e81bde-d205-416a-ae7f-699f3f6394e8",
            "b37e6e24-9bef-4d64-b9f6-dd5760b1ccd1",
            "9c41de34-4484-4d7d-a423-66405cdc70b0",
            "3574df3c-a3dd-435d-a7ed-3838e6f9bf0c",
            "5c238171-a576-4a3d-95dc-ffabc3781459"
          ],
          "failures": [],
          "pending": [],
          "skipped": [],
          "duration": 56666,
          "root": false,
          "rootEmpty": false,
          "_timeout": 2000
        }
      ],
      "passes": [],
      "failures": [],
      "pending": [],
      "skipped": [],
      "duration": 0,
      "root": true,
      "rootEmpty": true,
      "_timeout": 2000
    }
  ],
  "meta": {
    "mocha": {
      "version": "7.0.1"
    },
    "mochawesome": {
      "options": {
        "quiet": false,
        "reportFilename": "mochawesome",
        "saveHtml": false,
        "saveJson": true,
        "consoleReporter": "spec",
        "useInlineDiffs": false,
        "code": true
      },
      "version": "7.1.3"
    },
    "marge": {
      "options": {
        "charts": true,
        "reportDir": "cypress\\reports\\.jsons",
        "reportPageTitle": "Demo-title1",
        "embeddedScreenshots": true,
        "inlineAssets": true,
        "saveAllAttempts": false,
        "overwrite": false,
        "html": false,
        "json": true
      },
      "version": "6.2.0"
    }
  }
}