{
  "stats": {
    "suites": 0,
    "tests": 1,
    "passes": 1,
    "pending": 0,
    "failures": 0,
    "start": "2022-11-21T06:21:41.934Z",
    "end": "2022-11-21T06:21:55.596Z",
    "duration": 13662,
    "testsRegistered": 1,
    "passPercent": 100,
    "pendingPercent": 0,
    "other": 0,
    "hasOther": false,
    "skipped": 0,
    "hasSkipped": false
  },
  "results": [
    {
      "uuid": "66c17072-0d09-4bb8-82b5-55a1d7cb2153",
      "title": "",
      "fullFile": "cypress\\e2e\\Admin.cy.js",
      "file": "cypress\\e2e\\Admin.cy.js",
      "beforeHooks": [],
      "afterHooks": [],
      "tests": [
        {
          "title": "login",
          "fullTitle": "login",
          "timedOut": null,
          "duration": 13648,
          "state": "passed",
          "speed": "slow",
          "pass": true,
          "fail": false,
          "pending": false,
          "context": null,
          "code": "//  const logout = (() => {\ncy.request('POST', '/api/logout').then(response => {\n  if (response.status !== 200) {\n    console.log(response);\n    const bodyStr = JSON.stringify(response.body);\n    throw new Error(`[cy.login: logout did not have status 200 ${bodyStr}`);\n  } // sometimes logout has status error \"You can not do this.\"\n\n  if (response.body.status !== 'ok') {\n    console.log('Logout error:', response);\n  }\n}); //     });\nloginPage.toURL();\nloginPage.userName();\nloginPage.password();\nloginPage.clickSignIn();",
          "err": {},
          "uuid": "fc1464f7-91b7-46be-90b9-eab4b8e82e82",
          "parentUUID": "66c17072-0d09-4bb8-82b5-55a1d7cb2153",
          "isHook": false,
          "skipped": false
        }
      ],
      "suites": [],
      "passes": [
        "fc1464f7-91b7-46be-90b9-eab4b8e82e82"
      ],
      "failures": [],
      "pending": [],
      "skipped": [],
      "duration": 13648,
      "root": true,
      "rootEmpty": false,
      "_timeout": 2000
    }
  ],
  "meta": {
    "mocha": {
      "version": "7.0.1"
    },
    "mochawesome": {
      "options": {
        "quiet": false,
        "reportFilename": "mochawesome",
        "saveHtml": false,
        "saveJson": true,
        "consoleReporter": "spec",
        "useInlineDiffs": false,
        "code": true
      },
      "version": "7.1.3"
    },
    "marge": {
      "options": {
        "charts": true,
        "reportDir": "cypress\\reports\\.jsons",
        "reportPageTitle": "Demo-title1",
        "embeddedScreenshots": true,
        "inlineAssets": true,
        "saveAllAttempts": false,
        "overwrite": false,
        "html": false,
        "json": true
      },
      "version": "6.2.0"
    }
  }
}