{
  "stats": {
    "suites": 1,
    "tests": 6,
    "passes": 6,
    "pending": 0,
    "failures": 0,
    "start": "2022-11-21T06:27:40.876Z",
    "end": "2022-11-21T06:28:59.096Z",
    "duration": 78220,
    "testsRegistered": 6,
    "passPercent": 100,
    "pendingPercent": 0,
    "other": 0,
    "hasOther": false,
    "skipped": 0,
    "hasSkipped": false
  },
  "results": [
    {
      "uuid": "c4cdc8fd-59ac-4f99-bce0-d7dfbca4d204",
      "title": "",
      "fullFile": "cypress\\e2e\\Creative.cy.js",
      "file": "cypress\\e2e\\Creative.cy.js",
      "beforeHooks": [],
      "afterHooks": [],
      "tests": [],
      "suites": [
        {
          "uuid": "e7d4e0dc-ee04-41c7-b5fa-86cecce7c9aa",
          "title": "Creative",
          "fullFile": "",
          "file": "",
          "beforeHooks": [],
          "afterHooks": [],
          "tests": [
            {
              "title": "Navigating to Locations level",
              "fullTitle": "Creative Navigating to Locations level",
              "timedOut": null,
              "duration": 9101,
              "state": "passed",
              "speed": "medium",
              "pass": true,
              "fail": false,
              "pending": false,
              "context": null,
              "code": "gotoLocation();",
              "err": {},
              "uuid": "d3261501-a7ae-4de0-96b9-f4cf8a8cc5b9",
              "parentUUID": "e7d4e0dc-ee04-41c7-b5fa-86cecce7c9aa",
              "isHook": false,
              "skipped": false
            },
            {
              "title": "tag a Cover Image - C2846",
              "fullTitle": "Creative tag a Cover Image - C2846",
              "timedOut": null,
              "duration": 13933,
              "state": "passed",
              "speed": "slow",
              "pass": true,
              "fail": false,
              "pending": false,
              "context": null,
              "code": "gotoAccount();\ncy.get('.image > .image_info_container > .info > .btn_edit_tags').first().click();\ncy.get('.ComponentTagsEditor').type('Taggy').type('{enter}');\ncy.wait(4000);\ncy.get('.primary_button').click({\n  force: true\n});",
              "err": {},
              "uuid": "38f30aa0-0dbc-4d4b-8c33-9c54ad425846",
              "parentUUID": "e7d4e0dc-ee04-41c7-b5fa-86cecce7c9aa",
              "isHook": false,
              "skipped": false
            },
            {
              "title": "Delete a Cover Image -  C2847",
              "fullTitle": "Creative Delete a Cover Image -  C2847",
              "timedOut": null,
              "duration": 14968,
              "state": "passed",
              "speed": "slow",
              "pass": true,
              "fail": false,
              "pending": false,
              "context": null,
              "code": "gotoAccount();\ncy.get('.image > .image_info_container > .info > .warning_button').first().click();\ncy.wait(4000);\ncy.get('.primary_button').click();\ncy.get('[data-cy=\"toast_message\"]').should('have.text', '\\n\\t\\tImage has been deleted from the library!\\n\\t\\t\\n\\t');",
              "err": {},
              "uuid": "b43f9b9e-4991-4527-8878-3491971ea55e",
              "parentUUID": "e7d4e0dc-ee04-41c7-b5fa-86cecce7c9aa",
              "isHook": false,
              "skipped": false
            },
            {
              "title": "to Creative",
              "fullTitle": "Creative to Creative",
              "timedOut": null,
              "duration": 14068,
              "state": "passed",
              "speed": "slow",
              "pass": true,
              "fail": false,
              "pending": false,
              "context": null,
              "code": "gotoLocation();\ncy.get('div[data-href=\"design_hub\"] > .section-heading > .section-label').click();\ncy.get('[data-href=\"create_cover\"]').click();\ncy.wait(5000);",
              "err": {},
              "uuid": "8ba44471-d0b3-4e3c-b1a5-12f24ca7938f",
              "parentUUID": "e7d4e0dc-ee04-41c7-b5fa-86cecce7c9aa",
              "isHook": false,
              "skipped": false
            },
            {
              "title": "Create Cover Image for FB - C2848",
              "fullTitle": "Creative Create Cover Image for FB - C2848",
              "timedOut": null,
              "duration": 15859,
              "state": "passed",
              "speed": "slow",
              "pass": true,
              "fail": false,
              "pending": false,
              "context": null,
              "code": "cy.get('#create_page').click();\ncy.wait(7000);\ncy.get('.customize_header > .section_right > .section_heading > table > tbody > tr > [valign=\"top\"]').click();\ncy.wait(4000);\ncy.get('.add_image_lib').click();\ncy.wait(5000); // cy.get('#s2id_autogen9 > .select2-choice').select('Santosh Kakade Demo Account (Account)')\n// cy.contains('SOCI Library (System)').select('Santosh Kakade Demo Account (Account)')\n// cy.contains('Santosh Kakade Demo Account (User)')\ncy.contains('.select2-choice', 'SOCI Library (System)').click();\ncy.wait(4000);\ncy.contains('.select2-result-label', 'Santosh Kakade Demo Account (Account)').click();\ncy.wait(4000);\ncy.get('.images_holder > :nth-child(1) > img').click();\ncy.wait(10000);\ncy.get('.btn_publish').click();\ncy.wait(20000);\ncy.get('.primary_button').click();",
              "err": {},
              "uuid": "145f7564-65c2-484b-91d3-89012c77efa0",
              "parentUUID": "e7d4e0dc-ee04-41c7-b5fa-86cecce7c9aa",
              "isHook": false,
              "skipped": false
            },
            {
              "title": "Download - C2990",
              "fullTitle": "Creative Download - C2990",
              "timedOut": null,
              "duration": 10193,
              "state": "passed",
              "speed": "slow",
              "pass": true,
              "fail": false,
              "pending": false,
              "context": null,
              "code": "gotoAccount();\nCypress.on('fail', (error, runnable) => {\n  return false;\n});\ncy.get('.image > .image_info_container > .info > .btn_download').first().click();",
              "err": {},
              "uuid": "e70b6697-6b42-4908-aecb-d6417183e574",
              "parentUUID": "e7d4e0dc-ee04-41c7-b5fa-86cecce7c9aa",
              "isHook": false,
              "skipped": false
            }
          ],
          "suites": [],
          "passes": [
            "d3261501-a7ae-4de0-96b9-f4cf8a8cc5b9",
            "38f30aa0-0dbc-4d4b-8c33-9c54ad425846",
            "b43f9b9e-4991-4527-8878-3491971ea55e",
            "8ba44471-d0b3-4e3c-b1a5-12f24ca7938f",
            "145f7564-65c2-484b-91d3-89012c77efa0",
            "e70b6697-6b42-4908-aecb-d6417183e574"
          ],
          "failures": [],
          "pending": [],
          "skipped": [],
          "duration": 78122,
          "root": false,
          "rootEmpty": false,
          "_timeout": 2000
        }
      ],
      "passes": [],
      "failures": [],
      "pending": [],
      "skipped": [],
      "duration": 0,
      "root": true,
      "rootEmpty": true,
      "_timeout": 2000
    }
  ],
  "meta": {
    "mocha": {
      "version": "7.0.1"
    },
    "mochawesome": {
      "options": {
        "quiet": false,
        "reportFilename": "mochawesome",
        "saveHtml": false,
        "saveJson": true,
        "consoleReporter": "spec",
        "useInlineDiffs": false,
        "code": true
      },
      "version": "7.1.3"
    },
    "marge": {
      "options": {
        "charts": true,
        "reportDir": "cypress\\reports\\.jsons",
        "reportPageTitle": "Demo-title1",
        "embeddedScreenshots": true,
        "inlineAssets": true,
        "saveAllAttempts": false,
        "overwrite": false,
        "html": false,
        "json": true
      },
      "version": "6.2.0"
    }
  }
}