{
  "stats": {
    "suites": 1,
    "tests": 22,
    "passes": 22,
    "pending": 1,
    "failures": -1,
    "start": "2022-08-29T05:04:35.078Z",
    "end": "2022-08-29T05:12:03.645Z",
    "duration": 448567,
    "testsRegistered": 23,
    "passPercent": 100,
    "pendingPercent": 4.3478260869565215,
    "other": 1,
    "hasOther": true,
    "skipped": 0,
    "hasSkipped": false
  },
  "results": [
    {
      "uuid": "e843cc2b-1237-45ad-8ec0-81fbf2467181",
      "title": "",
      "fullFile": "cypress\\e2e\\Post.cy.js",
      "file": "cypress\\e2e\\Post.cy.js",
      "beforeHooks": [],
      "afterHooks": [],
      "tests": [],
      "suites": [
        {
          "uuid": "f9fb31a2-5efa-402e-be19-014a7a753e28",
          "title": "Locations/Social",
          "fullFile": "",
          "file": "",
          "beforeHooks": [],
          "afterHooks": [],
          "tests": [
            {
              "title": "login",
              "fullTitle": "Locations/Social login",
              "timedOut": null,
              "duration": 13242,
              "state": "passed",
              "speed": "slow",
              "pass": true,
              "fail": false,
              "pending": false,
              "context": null,
              "code": "cy.visit('/'); // cy.login('santosh')\n// cy.get('#password_login > :nth-child(2) > .input_email').type('skakade@meetsoci.com')\n// cy.get('.input_password').type('Logitech@2').type('{enter}')\n// cy.wait(5000)\ncy.url().should('include', '3854');\ncy.get('.admin_logo').should('be.visible');\ncy.title().should('eq', 'SOCi - Social Media Management... Solved'); // cy.wait(6000)\n// cy.get('#select2-chosen-4').click()\n// cy.contains('A-zone').click()\n// cy.wait(5000)",
              "err": {},
              "uuid": "e633bf20-7a11-4188-a42c-d9a74e673535",
              "parentUUID": "f9fb31a2-5efa-402e-be19-014a7a753e28",
              "isHook": false,
              "skipped": false
            },
            {
              "title": "Create Location & Switch to Location - C2768, 69",
              "fullTitle": "Locations/Social Create Location & Switch to Location - C2768, 69",
              "timedOut": null,
              "duration": 15002,
              "state": "passed",
              "speed": "slow",
              "pass": true,
              "fail": false,
              "pending": false,
              "context": null,
              "code": "cy.visit('/admin/account/3854/locations');\ncy.get('.control_wrapper > .icon_button').click();\ncy.get('.location_name > .FormFieldView > .field_container > .input_container > .SingleLineInputView > input').type('AAAuto-Loc-to-D');\ncy.get('.primary_button').click({\n  force: true\n});\ncy.wait(5000);\ncy.get('.manage_networks_buttons > .gray_button').click();",
              "err": {},
              "uuid": "b07180f5-85fd-4101-add3-cbf0fabf4b0a",
              "parentUUID": "f9fb31a2-5efa-402e-be19-014a7a753e28",
              "isHook": false,
              "skipped": false
            },
            {
              "title": "Edit Location - C2770",
              "fullTitle": "Locations/Social Edit Location - C2770",
              "timedOut": null,
              "duration": 25982,
              "state": "passed",
              "speed": "slow",
              "pass": true,
              "fail": false,
              "pending": false,
              "context": null,
              "code": "cy.visit('/admin/account/3854/office/0/project/321267');\ncy.wait(5000);\ncy.get('.project_details_button > .fa').click();\ncy.wait(5000);\ncy.get('.listings_name > .FormFieldView > .field_container > .input_container > .NetworkSingleLineInputView > :nth-child(1) > .network_container > :nth-child(1) > input[placeholder=\"No data\"]').type('Edit');\ncy.get('.btn_save').click(); //Clearing the Earlier step (Going back)\ncy.get('.project_details_button > .fa').click();\ncy.wait(5000);\ncy.get('.listings_name > .FormFieldView > .field_container > .input_container > .NetworkSingleLineInputView > :nth-child(1) > .network_container > :nth-child(1) > input[placeholder=\"No data\"]').type('{selectAll}{backspace}');\ncy.get('.btn_save').click();",
              "err": {},
              "uuid": "b749822a-7542-4c36-918b-594d013baf6d",
              "parentUUID": "f9fb31a2-5efa-402e-be19-014a7a753e28",
              "isHook": false,
              "skipped": false
            },
            {
              "title": "Delete Location - C2771",
              "fullTitle": "Locations/Social Delete Location - C2771",
              "timedOut": null,
              "duration": 25775,
              "state": "passed",
              "speed": "slow",
              "pass": true,
              "fail": false,
              "pending": false,
              "context": null,
              "code": "cy.visit('/admin/account/3854');\ncy.wait(5000);\ncy.get('#select2-chosen-4').click(); // cy.get('[class=\"select2-results\"][id=\"select2-results-4\"]').scrollTo('bottom')\ncy.contains('AAAuto-Loc-to-D').click();\ncy.wait(4000);\ncy.get('.project_details_button > .fa').click();\ncy.wait(5000);\ncy.get('.btn_delete').click();\ncy.get('.ui-dialog-buttonset > .primary_button').click();\ncy.wait(4000);",
              "err": {},
              "uuid": "928737b1-2739-47cb-bcd6-0e598661d55a",
              "parentUUID": "f9fb31a2-5efa-402e-be19-014a7a753e28",
              "isHook": false,
              "skipped": false
            },
            {
              "title": "UnCheck CAG",
              "fullTitle": "Locations/Social UnCheck CAG",
              "timedOut": null,
              "duration": 20218,
              "state": "passed",
              "speed": "slow",
              "pass": true,
              "fail": false,
              "pending": false,
              "context": null,
              "code": "cy.visit('/admin/account/3854/office/0/project/320512/scheduler_dashboard/week?t__SuggestedContentTab=Create');\ncy.wait(5000);\ncy.get('.control_wrapper > .fa-thumbs-up').click();\ncy.wait(4000);\ncy.get('.require_approval_block > .label_check').children('input').check({\n  force: true\n});\ncy.wait(4000);\ncy.contains('.label_check', 'Require Client Approval of future outgoing posts').click();\ncy.get('.secondary_button').click();",
              "err": {},
              "uuid": "a194bb03-dd33-4e56-ab4f-72a7f3bbbcae",
              "parentUUID": "f9fb31a2-5efa-402e-be19-014a7a753e28",
              "isHook": false,
              "skipped": false
            },
            {
              "title": "Social - C2773",
              "fullTitle": "Locations/Social Social - C2773",
              "timedOut": null,
              "duration": 22639,
              "state": "passed",
              "speed": "slow",
              "pass": true,
              "fail": false,
              "pending": false,
              "context": null,
              "code": "Cypress.on('uncaught:exception', (err, runnable) => {\n  // returning false here prevents Cypress from\n  // failing the test\n  return false;\n});\ncy.visit('/admin/account/3854/office/0/project/320512/scheduler_dashboard/week?t__SuggestedContentTab=Create');\ncy.wait(5000);\ncy.get('@getpublisher');\ncy.contains('Social').click(); // cy.wait(5000)\ncy.get('.btn_postnow').click(); // cy.wait(7000)\ncy.get('.EditPostView');\ncy.wait(5000);\ncy.get('.ComponentMessageEditor').type(xMen[Math.floor(Math.random() * 6)]); // cy.wait(4000)\ncy.get('.instagramNetwork').click(); // cy.get('.schedule > .label_check').click()\ncy.get('.gray_button').click();\ncy.wait(5000);",
              "err": {},
              "uuid": "4baa6554-8155-4d86-87d5-65340c3102d1",
              "parentUUID": "f9fb31a2-5efa-402e-be19-014a7a753e28",
              "isHook": false,
              "skipped": false
            },
            {
              "title": "Check Instagram",
              "fullTitle": "Locations/Social Check Instagram",
              "timedOut": null,
              "duration": 4647,
              "state": "passed",
              "speed": "fast",
              "pass": true,
              "fail": false,
              "pending": false,
              "context": null,
              "code": "// Going Back\ncy.get('.btn_postnow').click();\ncy.wait(4000);\ncy.get('.instagramNetwork').click();",
              "err": {},
              "uuid": "c82920d1-2bd4-4bce-90ca-1912d5aae9e4",
              "parentUUID": "f9fb31a2-5efa-402e-be19-014a7a753e28",
              "isHook": false,
              "skipped": false
            },
            {
              "title": "Post dynamic text on meta fields - C2775",
              "fullTitle": "Locations/Social Post dynamic text on meta fields - C2775",
              "timedOut": null,
              "duration": 16830,
              "state": "passed",
              "speed": "slow",
              "pass": true,
              "fail": false,
              "pending": false,
              "context": null,
              "code": "Cypress.on('uncaught:exception', (err, runnable) => {\n  return false;\n});\ncy.visit('/admin/account/3854/office/0/project/320406/scheduler_dashboard/week?t__SuggestedContentTab=Create');\ncy.wait(5000);\ncy.get('.btn_postnow').click();\ncy.wait(4000);\ncy.get('.ComponentMessageEditor').type('{%Name}' + '\\n' + '{%Website URL}', {\n  parseSpecialCharSequences: false\n});\ncy.get('.instagramNetwork').click();\ncy.get('.gray_button').click();",
              "err": {},
              "uuid": "428f6457-e69d-42a1-928d-93b625fb4226",
              "parentUUID": "f9fb31a2-5efa-402e-be19-014a7a753e28",
              "isHook": false,
              "skipped": false
            },
            {
              "title": "Schedule a Post - C2777",
              "fullTitle": "Locations/Social Schedule a Post - C2777",
              "timedOut": null,
              "duration": 33395,
              "state": "passed",
              "speed": "slow",
              "pass": true,
              "fail": false,
              "pending": false,
              "context": null,
              "code": "cy.visit('/admin/account/3854/office/0/project/320406/scheduler_dashboard/week?t__SuggestedContentTab=Create');\ncy.wait(6000);\ncy.get('.btn_postnow').click();\ncy.wait(4000);\ncy.get('.ComponentMessageEditor > .message_editable').type('Schedule Post');\ncy.wait(4000);\ncy.get('.btn_choose_image').click();\ncy.wait(4000);\ncy.get('.visual_container').first().click();\ncy.wait(4000);\ncy.get('.schedule > .label_check').children('input').check({\n  force: true\n});\ncy.wait(3000);\ncy.get('.gray_button').click();",
              "err": {},
              "uuid": "dba649b6-2d90-48bc-bd4e-3dd3ab7e6c4b",
              "parentUUID": "f9fb31a2-5efa-402e-be19-014a7a753e28",
              "isHook": false,
              "skipped": false
            },
            {
              "title": "Post with Image - C2774",
              "fullTitle": "Locations/Social Post with Image - C2774",
              "timedOut": null,
              "duration": 24052,
              "state": "passed",
              "speed": "slow",
              "pass": true,
              "fail": false,
              "pending": false,
              "context": null,
              "code": "Cypress.on('uncaught:exception', (err, runnable) => {\n  // returning false here prevents Cypress from\n  // failing the test\n  return false;\n});\ncy.visit('/admin/account/3854/office/0/project/320512/scheduler_dashboard/week?t__SuggestedContentTab=Create');\ncy.wait(5000);\ncy.contains('Social').click();\ncy.wait(5000);\ncy.url().should('include', 'scheduler');\ncy.get('.btn_postnow').click();\ncy.get('.btn_choose_image').click();\ncy.get('[data-id=\"22603673\"] > .visual_container').click();\ncy.get('.ComponentMessageEditor').type('textwithImg');\ncy.get('.schedule > .label_check').click();\ncy.get('.gray_button').click();\ncy.wait(5000);",
              "err": {},
              "uuid": "a7a6a314-ac5a-46f6-85d0-8b7be636b377",
              "parentUUID": "f9fb31a2-5efa-402e-be19-014a7a753e28",
              "isHook": false,
              "skipped": false
            },
            {
              "title": "Delete Published - C2782",
              "fullTitle": "Locations/Social Delete Published - C2782",
              "timedOut": null,
              "duration": 49928,
              "state": "passed",
              "speed": "slow",
              "pass": true,
              "fail": false,
              "pending": false,
              "context": null,
              "code": "cy.visit('/admin/account/3854/office/0/project/321267/scheduler_dashboard/week?t__SuggestedContentTab=Create');\ncy.wait(6000);\ncy.get('.btn_postnow').click();\ncy.wait(4000);\ncy.get('.ComponentMessageEditor').type('Post to delete');\ncy.wait(5000);\ncy.get('.instagramNetwork').click();\ncy.get('.gray_button').click();\ncy.wait(6000);\ncy.visit('/admin/account/3854/office/0/project/321267/scheduler_dashboard/week?t__SuggestedContentTab=Create');\ncy.wait(6000);\ncy.get('.facebook > .msg_container > .message_main').first().click();\ncy.wait(4000);\ncy.get('[class=\"icon_button warning_button btn_del_message\"][title=\"Unpublish\"]').click();\ncy.wait(4000); // cy.contains('primary_button gray_button btn_submit', 'Unpublish').click()\n// cy.get('.DlgUtilityConfirm > .bbm-modal > .bbm-modal__bottombar > .primary_button').click({force:true})\n// cy.get('.DlgUtilityConfirm > .bbm-modal > .bbm-modal__bottombar').find('.primary_button').click({force:true})\ncy.contains('.DlgUtilityConfirm > .bbm-modal > .bbm-modal__bottombar > .primary_button', 'Unpublish').click({\n  force: true\n});",
              "err": {},
              "uuid": "41b3422b-e5e9-43d8-9bda-b6f9bc51d96a",
              "parentUUID": "f9fb31a2-5efa-402e-be19-014a7a753e28",
              "isHook": false,
              "skipped": false
            },
            {
              "title": "URL shortner-C2785",
              "fullTitle": "Locations/Social URL shortner-C2785",
              "timedOut": null,
              "duration": 4337,
              "state": "passed",
              "speed": "fast",
              "pass": true,
              "fail": false,
              "pending": false,
              "context": null,
              "code": "Cypress.on('uncaught:exception', (err, runnable) => {\n  // returning false here prevents Cypress from\n  // failing the test       \n  return false;\n});\ncy.get('.btn_postnow').click();\ncy.get('.btn_bitly').click();\ncy.get('.bbm-modal__section > input').type(CompleteURL);\ncy.get('.DlgUtilityInput > .bbm-modal > .bbm-modal__bottombar > .primary_button').click();\ncy.wait(7000);\ncy.get('.schedule > .label_check').click();\ncy.get('.ComponentMessageEditor').contains('bit.ly');\ncy.get('.gray_button').click();",
              "err": {},
              "uuid": "87ee9abf-529c-43bb-aa6c-574f2886f009",
              "parentUUID": "f9fb31a2-5efa-402e-be19-014a7a753e28",
              "isHook": false,
              "skipped": false
            },
            {
              "title": "CAG",
              "fullTitle": "Locations/Social CAG",
              "timedOut": null,
              "duration": 0,
              "state": "pending",
              "speed": null,
              "pass": false,
              "fail": false,
              "pending": true,
              "context": null,
              "code": "",
              "err": {},
              "uuid": "6f365dfa-4475-4204-8902-fd637708bd9b",
              "parentUUID": "f9fb31a2-5efa-402e-be19-014a7a753e28",
              "isHook": false,
              "skipped": false
            },
            {
              "title": "Future Post & Edit - C2778",
              "fullTitle": "Locations/Social Future Post & Edit - C2778",
              "timedOut": null,
              "duration": 61438,
              "state": "passed",
              "speed": "slow",
              "pass": true,
              "fail": false,
              "pending": false,
              "context": null,
              "code": "cy.visit('/admin/account/3854/office/0/project/320512/scheduler_dashboard/week?t__SuggestedContentTab=Create');\ncy.wait(5000);\ncy.get('.control_wrapper > .fa-thumbs-up').click();\ncy.wait(4000);\ncy.get('.require_approval_block > .label_check').children('input').check({\n  force: true\n});\ncy.get('.secondary_button').click();\ncy.wait(5000);\nfor (let i = 0; i < 4; i++) {\n  cy.get('.fa-angle-right').click();\n}\ncy.wait(4000);\ncy.get('[data-hour=\"20\"]').last().click();\ncy.wait(5000);\ncy.get('.ComponentMessageEditor').type('Future CAG-Post');\ncy.get('.btn_choose_image').click({\n  force: true\n});\ncy.wait(5000);\ncy.get('.visual_container').first().click();\ncy.wait(5000);\ncy.get('.gray_button').click();\ncy.wait(10000); //to edit\n// cy.get('[data-hour=\"20\"]').last().click()\ncy.log('Editing now');\ncy.get('.facebook > .msg_container > .message_main').click();\ncy.wait(4000);\ncy.get('.message_editable').type('Edited');\ncy.get('.gray_button').click({\n  force: true\n});\ncy.wait(5000);",
              "err": {},
              "uuid": "afb1d709-8f8d-470a-ae32-9f10d998849a",
              "parentUUID": "f9fb31a2-5efa-402e-be19-014a7a753e28",
              "isHook": false,
              "skipped": false
            },
            {
              "title": "Reschedule Future Post - C2779,80",
              "fullTitle": "Locations/Social Reschedule Future Post - C2779,80",
              "timedOut": null,
              "duration": 13032,
              "state": "passed",
              "speed": "slow",
              "pass": true,
              "fail": false,
              "pending": false,
              "context": null,
              "code": "cy.get('.facebook > .msg_container > .message_main').click();\ncy.wait(4000);\ncy.get('.check_schedule_data > .first').click();\ncy.wait(3000);\ncy.get('.peak_and_add_container > .white_button').click();\ncy.get('.gray_button').click();\ncy.wait(5000);",
              "err": {},
              "uuid": "2c67c9c0-9d80-4cc6-bcb9-03e8ad0f0d64",
              "parentUUID": "f9fb31a2-5efa-402e-be19-014a7a753e28",
              "isHook": false,
              "skipped": false
            },
            {
              "title": "Delete a future Post - C2781",
              "fullTitle": "Locations/Social Delete a future Post - C2781",
              "timedOut": null,
              "duration": 8610,
              "state": "passed",
              "speed": "medium",
              "pass": true,
              "fail": false,
              "pending": false,
              "context": null,
              "code": "cy.get('.facebook > .msg_container > .message_main').click();\ncy.wait(4000);\ncy.get('.btn_delete').click();\ncy.wait(4000);\ncy.get('.DlgUtilityConfirm > .bbm-modal > .bbm-modal__bottombar > .primary_button').click({\n  force: true\n});",
              "err": {},
              "uuid": "5b6acb47-fd50-4976-b9bb-5fb8cfc9d19d",
              "parentUUID": "f9fb31a2-5efa-402e-be19-014a7a753e28",
              "isHook": false,
              "skipped": false
            },
            {
              "title": "Approve a Post - C2783",
              "fullTitle": "Locations/Social Approve a Post - C2783",
              "timedOut": null,
              "duration": 12879,
              "state": "passed",
              "speed": "slow",
              "pass": true,
              "fail": false,
              "pending": false,
              "context": null,
              "code": "cy.visit(Smoke22CAG);\ncy.wait(4000);\ncy.contains('.approval_post_body > .approval_actions_area > .btn_approval_approve', 'Approve').first().click();",
              "err": {},
              "uuid": "3a934f6c-0c77-41db-a8a1-2863fcc88a29",
              "parentUUID": "f9fb31a2-5efa-402e-be19-014a7a753e28",
              "isHook": false,
              "skipped": false
            },
            {
              "title": "Reject a Post - C2784",
              "fullTitle": "Locations/Social Reject a Post - C2784",
              "timedOut": null,
              "duration": 6934,
              "state": "passed",
              "speed": "medium",
              "pass": true,
              "fail": false,
              "pending": false,
              "context": null,
              "code": "cy.visit(Smoke22CAG);\ncy.wait(4000);\ncy.contains('.approval_post_body > .approval_actions_area > .btn_approval_reject', 'Reject').first().click(); // #post_49343982 > .approval_post_body > .rejection_actions_area > .rejection_textarea_container > .rejection_textarea\ncy.get('[class=\"rejection_textarea\"][name=\"reject_reason\"][placeholder=\"Explain why you are rejecting this message.\"]').first().type('Reject for test');\ncy.contains('.approval_post_body > .rejection_actions_area > .rejection_buttons_area > .btn_approval_reject_confirm', 'Confirm Rejection').click();",
              "err": {},
              "uuid": "348623a0-4a05-457d-a341-08cc083e9880",
              "parentUUID": "f9fb31a2-5efa-402e-be19-014a7a753e28",
              "isHook": false,
              "skipped": false
            },
            {
              "title": "Create Post Plans - C2786",
              "fullTitle": "Locations/Social Create Post Plans - C2786",
              "timedOut": null,
              "duration": 36611,
              "state": "passed",
              "speed": "slow",
              "pass": true,
              "fail": false,
              "pending": false,
              "context": null,
              "code": "cy.visit('/admin/account/3854/office/0/project/320512/scheduler_dashboard/week?t__SuggestedContentTab=Create');\ncy.wait(5000);\ncy.get('.btn_plans').click();\ncy.get('.primary_button').click();\ncy.get('.title').type('Post Planz');\ncy.get(':nth-child(4) > .label_check').click();\ncy.get(':nth-child(5) > .label_check').click();\ncy.get('div.allow_duplicates > .label_check').click();\ncy.contains('.select2-chosen', 'All libraries').click();\ncy.wait(4000); // cy.get('[class=\"select2-input\"][role=\"combobox\"]').last().click()\n// cy.get('.select2-input').last().type('___Loc-level-lib') //working css selectors path\ncy.xpath('/descendant::input[starts-with(@id,\"s2id_autogen\")][32]').type('___Loc-level-lib');\ncy.wait(5000);\ncy.get('.content_selector_element').click();\ncy.wait(5000);\ncy.get('.btn_next').click();\ncy.wait(5000);",
              "err": {},
              "uuid": "cc7c5e4c-0556-4045-b33f-32bcc07c014d",
              "parentUUID": "f9fb31a2-5efa-402e-be19-014a7a753e28",
              "isHook": false,
              "skipped": false
            },
            {
              "title": "Delete Post Plans - C2787",
              "fullTitle": "Locations/Social Delete Post Plans - C2787",
              "timedOut": null,
              "duration": 16019,
              "state": "passed",
              "speed": "slow",
              "pass": true,
              "fail": false,
              "pending": false,
              "context": null,
              "code": "cy.visit('/admin/account/3854/office/0/project/320512/scheduler_dashboard/week?t__SuggestedContentTab=Create');\ncy.wait(5000);\ncy.get('.btn_plans').click();\ncy.wait(4000);\ncy.get(':nth-child(1) > .type_recurring > .plan_actions > .gray_button').click();\ncy.get('.DlgUtilityConfirm > .bbm-modal > .bbm-modal__bottombar > .primary_button').click({\n  force: true\n});\ncy.get('.bbm-modal__bottombar > .btn_cancel').click();",
              "err": {},
              "uuid": "639fa801-f448-492a-b564-01b810b87a0b",
              "parentUUID": "f9fb31a2-5efa-402e-be19-014a7a753e28",
              "isHook": false,
              "skipped": false
            },
            {
              "title": "Dicovery Page - C2788",
              "fullTitle": "Locations/Social Dicovery Page - C2788",
              "timedOut": null,
              "duration": 12897,
              "state": "passed",
              "speed": "slow",
              "pass": true,
              "fail": false,
              "pending": false,
              "context": null,
              "code": "cy.visit('/admin/account/3854/office/0/project/320406/digger/rss');\ncy.wait(6000);\ncy.get('#plan_bar').should('be.visible');",
              "err": {},
              "uuid": "91dcc9e5-6720-4d11-9190-baf0c120110e",
              "parentUUID": "f9fb31a2-5efa-402e-be19-014a7a753e28",
              "isHook": false,
              "skipped": false
            },
            {
              "title": "Queued Post - C2789",
              "fullTitle": "Locations/Social Queued Post - C2789",
              "timedOut": null,
              "duration": 8996,
              "state": "passed",
              "speed": "medium",
              "pass": true,
              "fail": false,
              "pending": false,
              "context": null,
              "code": "cy.visit('/admin/account/3854/upcoming');\ncy.wait(5000);\ncy.get('.message_inner').first().should('be.visible');",
              "err": {},
              "uuid": "1e46bde4-b664-4902-bc84-c417c8286dcb",
              "parentUUID": "f9fb31a2-5efa-402e-be19-014a7a753e28",
              "isHook": false,
              "skipped": false
            },
            {
              "title": "Published Posts - C2790",
              "fullTitle": "Locations/Social Published Posts - C2790",
              "timedOut": null,
              "duration": 14664,
              "state": "passed",
              "speed": "slow",
              "pass": true,
              "fail": false,
              "pending": false,
              "context": null,
              "code": "cy.visit('/admin/account/3854/office/0/project/320512/social_hub#513749/feed');\ncy.wait(6000);\ncy.get('.message_inner').first().should('be.visible');",
              "err": {},
              "uuid": "30c19483-a3d0-44db-8b90-2926a4b7b5fb",
              "parentUUID": "f9fb31a2-5efa-402e-be19-014a7a753e28",
              "isHook": false,
              "skipped": false
            }
          ],
          "suites": [],
          "passes": [
            "e633bf20-7a11-4188-a42c-d9a74e673535",
            "b07180f5-85fd-4101-add3-cbf0fabf4b0a",
            "b749822a-7542-4c36-918b-594d013baf6d",
            "928737b1-2739-47cb-bcd6-0e598661d55a",
            "a194bb03-dd33-4e56-ab4f-72a7f3bbbcae",
            "4baa6554-8155-4d86-87d5-65340c3102d1",
            "c82920d1-2bd4-4bce-90ca-1912d5aae9e4",
            "428f6457-e69d-42a1-928d-93b625fb4226",
            "dba649b6-2d90-48bc-bd4e-3dd3ab7e6c4b",
            "a7a6a314-ac5a-46f6-85d0-8b7be636b377",
            "41b3422b-e5e9-43d8-9bda-b6f9bc51d96a",
            "87ee9abf-529c-43bb-aa6c-574f2886f009",
            "afb1d709-8f8d-470a-ae32-9f10d998849a",
            "2c67c9c0-9d80-4cc6-bcb9-03e8ad0f0d64",
            "5b6acb47-fd50-4976-b9bb-5fb8cfc9d19d",
            "3a934f6c-0c77-41db-a8a1-2863fcc88a29",
            "348623a0-4a05-457d-a341-08cc083e9880",
            "cc7c5e4c-0556-4045-b33f-32bcc07c014d",
            "639fa801-f448-492a-b564-01b810b87a0b",
            "91dcc9e5-6720-4d11-9190-baf0c120110e",
            "1e46bde4-b664-4902-bc84-c417c8286dcb",
            "30c19483-a3d0-44db-8b90-2926a4b7b5fb"
          ],
          "failures": [],
          "pending": [
            "6f365dfa-4475-4204-8902-fd637708bd9b"
          ],
          "skipped": [],
          "duration": 448127,
          "root": false,
          "rootEmpty": false,
          "_timeout": 2000
        }
      ],
      "passes": [],
      "failures": [],
      "pending": [],
      "skipped": [],
      "duration": 0,
      "root": true,
      "rootEmpty": true,
      "_timeout": 2000
    }
  ],
  "meta": {
    "mocha": {
      "version": "7.0.1"
    },
    "mochawesome": {
      "options": {
        "quiet": false,
        "reportFilename": "mochawesome",
        "saveHtml": false,
        "saveJson": true,
        "consoleReporter": "spec",
        "useInlineDiffs": false,
        "code": true
      },
      "version": "7.1.3"
    },
    "marge": {
      "options": {
        "charts": true,
        "reportDir": "cypress\\reports\\.jsons",
        "reportPageTitle": "Demo-title1",
        "embeddedScreenshots": true,
        "inlineAssets": true,
        "saveAllAttempts": false,
        "overwrite": false,
        "html": false,
        "json": true
      },
      "version": "6.2.0"
    }
  }
}