{
  "stats": {
    "suites": 1,
    "tests": 5,
    "passes": 4,
    "pending": 0,
    "failures": 1,
    "start": "2022-08-29T04:45:34.478Z",
    "end": "2022-08-29T04:45:55.681Z",
    "duration": 21203,
    "testsRegistered": 5,
    "passPercent": 80,
    "pendingPercent": 0,
    "other": 0,
    "hasOther": false,
    "skipped": 0,
    "hasSkipped": false
  },
  "results": [
    {
      "uuid": "25b52b3b-53e3-47e4-b3dc-637f8e7c6143",
      "title": "",
      "fullFile": "cypress\\e2e\\Images.cy.js",
      "file": "cypress\\e2e\\Images.cy.js",
      "beforeHooks": [],
      "afterHooks": [],
      "tests": [],
      "suites": [
        {
          "uuid": "28accba0-cf43-47df-ad44-114425ac4176",
          "title": "Images",
          "fullFile": "",
          "file": "",
          "beforeHooks": [],
          "afterHooks": [],
          "tests": [
            {
              "title": "Navigating to Images",
              "fullTitle": "Images Navigating to Images",
              "timedOut": null,
              "duration": 19126,
              "state": "passed",
              "speed": "slow",
              "pass": true,
              "fail": false,
              "pending": false,
              "context": null,
              "code": "Cypress.on('uncaught:exception', (err, runnable) => {\n  // returning false here prevents Cypress from\n  // failing the test       \n  return false;\n});\ncy.visit('admin/account/3854/image_library');\ncy.wait(6000);",
              "err": {},
              "uuid": "f14d2bb4-034c-4b19-aa80-63cd9cbf13ad",
              "parentUUID": "28accba0-cf43-47df-ad44-114425ac4176",
              "isHook": false,
              "skipped": false
            },
            {
              "title": "upload Image",
              "fullTitle": "Images upload Image",
              "timedOut": null,
              "duration": 644,
              "state": "failed",
              "speed": null,
              "pass": false,
              "fail": true,
              "pending": false,
              "context": "{\n  \"title\": \"cypress-mochawesome-reporter-screenshots\",\n  \"value\": [\n    [\n      {\n        \"title\": \"Failed screenshot\",\n        \"value\": \"\\\\Images.cy.js\\\\Images -- upload Image (failed).png\"\n      }\n    ]\n  ]\n}",
              "code": "const filepath = 'download.png';\ncy.get('.control').selectFile('cypress/fixtures/download.png');",
              "err": {
                "message": "CypressError: `cy.selectFile()` can only be called on an `<input type=\"file\">` or a `<label for=\"fileInput\">` pointing to or containing one. Your subject is: `<div class=\"control icon_button btn_image\" title=\"Upload\" style=\"display: inline-block;\">...</div>`.\n\nhttps://on.cypress.io/selectfile",
                "estack": "CypressError: `cy.selectFile()` can only be called on an `<input type=\"file\">` or a `<label for=\"fileInput\">` pointing to or containing one. Your subject is: `<div class=\"control icon_button btn_image\" title=\"Upload\" style=\"display: inline-block;\">...</div>`.\n\nhttps://on.cypress.io/selectfile\n    at Context.selectFile (https://sneaky.meetsoci.com/__cypress/runner/cypress_runner.js:151708:80)\n    at Context.<anonymous> (https://sneaky.meetsoci.com/__cypress/runner/cypress_runner.js:172022:19)\nFrom Your Spec Code:\n    at Context.eval (https://sneaky.meetsoci.com/__cypress/tests?p=cypress\\e2e\\Images.cy.js:113:24)",
                "diff": null
              },
              "uuid": "f869c167-6d96-49a0-b12c-4603813b6a59",
              "parentUUID": "28accba0-cf43-47df-ad44-114425ac4176",
              "isHook": false,
              "skipped": false
            },
            {
              "title": "Edit",
              "fullTitle": "Images Edit",
              "timedOut": null,
              "duration": 722,
              "state": "passed",
              "speed": "fast",
              "pass": true,
              "fail": false,
              "pending": false,
              "context": null,
              "code": "cy.get('[data-id=\"22603675\"] > .image > .image_info_container > .info > .btn_edit_tags').click();\ncy.get('.bbm-modal__section').find('[class=\"select2-input\"]').type('aae bhai ');\ncy.get('.primary_button').click();\ncy.server({\n  enable: false\n});",
              "err": {},
              "uuid": "cae4ff87-20d3-4df5-99f0-29c71985fa83",
              "parentUUID": "28accba0-cf43-47df-ad44-114425ac4176",
              "isHook": false,
              "skipped": false
            },
            {
              "title": "Download",
              "fullTitle": "Images Download",
              "timedOut": null,
              "duration": 265,
              "state": "passed",
              "speed": "fast",
              "pass": true,
              "fail": false,
              "pending": false,
              "context": null,
              "code": "cy.get('[data-id=\"22603675\"] > .image > .image_info_container > .info > .btn_download').click();",
              "err": {},
              "uuid": "83014189-2f9c-4b98-8b71-dadae2696330",
              "parentUUID": "28accba0-cf43-47df-ad44-114425ac4176",
              "isHook": false,
              "skipped": false
            },
            {
              "title": "Delete",
              "fullTitle": "Images Delete",
              "timedOut": null,
              "duration": 364,
              "state": "passed",
              "speed": "fast",
              "pass": true,
              "fail": false,
              "pending": false,
              "context": null,
              "code": "cy.get('[data-id=\"22603675\"] > .image > .image_info_container > .info > .warning_button').click();\ncy.contains('Cancel').click();",
              "err": {},
              "uuid": "5d7462c6-945f-44eb-b52a-5ac6ab6c1ba3",
              "parentUUID": "28accba0-cf43-47df-ad44-114425ac4176",
              "isHook": false,
              "skipped": false
            }
          ],
          "suites": [],
          "passes": [
            "f14d2bb4-034c-4b19-aa80-63cd9cbf13ad",
            "cae4ff87-20d3-4df5-99f0-29c71985fa83",
            "83014189-2f9c-4b98-8b71-dadae2696330",
            "5d7462c6-945f-44eb-b52a-5ac6ab6c1ba3"
          ],
          "failures": [
            "f869c167-6d96-49a0-b12c-4603813b6a59"
          ],
          "pending": [],
          "skipped": [],
          "duration": 21121,
          "root": false,
          "rootEmpty": false,
          "_timeout": 2000
        }
      ],
      "passes": [],
      "failures": [],
      "pending": [],
      "skipped": [],
      "duration": 0,
      "root": true,
      "rootEmpty": true,
      "_timeout": 2000
    }
  ],
  "meta": {
    "mocha": {
      "version": "7.0.1"
    },
    "mochawesome": {
      "options": {
        "quiet": false,
        "reportFilename": "mochawesome",
        "saveHtml": false,
        "saveJson": true,
        "consoleReporter": "spec",
        "useInlineDiffs": false,
        "code": true
      },
      "version": "7.1.3"
    },
    "marge": {
      "options": {
        "charts": true,
        "reportDir": "cypress\\reports\\.jsons",
        "reportPageTitle": "Demo-title1",
        "embeddedScreenshots": true,
        "inlineAssets": true,
        "saveAllAttempts": false,
        "overwrite": false,
        "html": false,
        "json": true
      },
      "version": "6.2.0"
    }
  }
}