{
  "stats": {
    "suites": 2,
    "tests": 1,
    "passes": 0,
    "pending": 6,
    "failures": -5,
    "start": "2024-05-24T12:09:53.176Z",
    "end": "2024-05-24T12:09:53.199Z",
    "duration": 23,
    "testsRegistered": 6,
    "passPercent": null,
    "pendingPercent": 100,
    "other": 5,
    "hasOther": true,
    "skipped": 6,
    "hasSkipped": true
  },
  "results": [
    {
      "uuid": "a4ca50eb-7844-4a2a-a781-59661b5797e5",
      "title": "",
      "fullFile": "cypress\\e2e\\Proper.cy.js",
      "file": "cypress\\e2e\\Proper.cy.js",
      "beforeHooks": [],
      "afterHooks": [],
      "tests": [],
      "suites": [
        {
          "uuid": "fb501e3f-f08b-48cf-aa59-12ba45064337",
          "title": "My First Test",
          "fullFile": "",
          "file": "",
          "beforeHooks": [],
          "afterHooks": [],
          "tests": [
            {
              "title": "Clear downloads folder",
              "fullTitle": "My First Test Clear downloads folder",
              "timedOut": null,
              "duration": 0,
              "state": "pending",
              "speed": null,
              "pass": false,
              "fail": false,
              "pending": false,
              "context": null,
              "code": "cy.exec('del /q cypress\\\\downloads\\\\.', {\n  log: true,\n  failOnNonZeroExit: false\n});",
              "err": {},
              "uuid": "5de76cb6-616b-4f35-a9a3-f5475b7678e7",
              "parentUUID": "fb501e3f-f08b-48cf-aa59-12ba45064337",
              "isHook": false,
              "skipped": true
            },
            {
              "title": "Page Title",
              "fullTitle": "My First Test Page Title",
              "timedOut": null,
              "duration": 0,
              "state": "pending",
              "speed": null,
              "pass": false,
              "fail": false,
              "pending": false,
              "context": null,
              "code": "cy.logout();\ncy.login(this.data.Email, this.data.password); // cy.get('.logout').click()\ncy.title().should('eq', 'SOCi - Social Media Management... Solved');\nexpect(true).to.equal(true);",
              "err": {},
              "uuid": "a3d8b359-a125-40e8-9d01-e9034c8184c5",
              "parentUUID": "fb501e3f-f08b-48cf-aa59-12ba45064337",
              "isHook": false,
              "skipped": true
            },
            {
              "title": "Upload",
              "fullTitle": "My First Test Upload",
              "timedOut": null,
              "duration": 0,
              "state": "pending",
              "speed": null,
              "pass": false,
              "fail": false,
              "pending": false,
              "context": null,
              "code": "cy.visit('/admin/account/3854/office/0/project/320406/scheduler_dashboard/week?t__SuggestedContentTab=Create');\ncy.wait(5000);\ncy.get('.btn_postnow').click();\ncy.get('.btn_upload_video').selectFile('download.png');",
              "err": {},
              "uuid": "1d20fcbf-d61d-4ac5-a021-d8a1d1ab1856",
              "parentUUID": "fb501e3f-f08b-48cf-aa59-12ba45064337",
              "isHook": false,
              "skipped": true
            },
            {
              "title": "Delete file",
              "fullTitle": "My First Test Delete file",
              "timedOut": null,
              "duration": 0,
              "state": "pending",
              "speed": null,
              "pass": false,
              "fail": false,
              "pending": false,
              "context": null,
              "code": "cy.writeFile('Fileo.xlsx', 'Hello World Gunners\\n');\ncy.writeFile('Fileo.xlsx', 'Hello World1 \\n', {\n  flag: 'a+'\n});\ncy.writeFile('Fileo.txt', 'Hello World \\n', {\n  flag: 'a+'\n});\ncy.writeFile('Fileo.csv', 'Hello World \\n', {\n  flag: 'a+'\n});\ncy.writeFile('Fileo.xlsx', 'Hello World2 \\n', {\n  flag: 'a+'\n});\ncy.writeFile('Fileo.xlsx', 'Hello World3 \\n', {\n  flag: 'a+'\n});\ncy.writeFile('Fileo.xlsx', 'Hello World4 \\n', {\n  flag: 'a+'\n});\ncy.readFile('Fileo.xlsx').should('contains', 'Hello World Gunners');\nconsole.log(\"Hello World\"); // fs.unlink('cypress/downloads/all-networks-group__2022-10-14__10-42-08-088__EuXZOoys.xlsx')\n// fs.unlink('D:/Web/SOCi/cypress/downloads/all-networks-group__2022-10-14__10-42-08-088__EuXZOoys.xlsx', (err) => {\n//   if (err) throw err;\n//   console.log('File was deleted');\n// });\n// cy.readFile('cypress/downloads/all-networks-group__2022-10-14__10-42-08-088__EuXZOoys.xlsx').then( $file=> {\n//     cy.wrap($file).unlink()\n// })",
              "err": {},
              "uuid": "9a89d57e-ae40-4136-91b2-574790f11463",
              "parentUUID": "fb501e3f-f08b-48cf-aa59-12ba45064337",
              "isHook": false,
              "skipped": true
            }
          ],
          "suites": [
            {
              "uuid": "4a9523b9-9708-444d-ba4d-6ceee19e429b",
              "title": "Exception Handling In Cypress",
              "fullFile": "",
              "file": "",
              "beforeHooks": [],
              "afterHooks": [],
              "tests": [
                {
                  "title": "Navigate to webpage",
                  "fullTitle": "My First Test Exception Handling In Cypress Navigate to webpage",
                  "timedOut": null,
                  "duration": 0,
                  "state": "pending",
                  "speed": null,
                  "pass": false,
                  "fail": false,
                  "pending": false,
                  "context": null,
                  "code": "Cypress.on('fail', (error, runnable) => {\n  if (!error.message.includes('buttondoestexist')) {\n    throw error;\n  }\n});\nCypress.on('uncaught:exception', (err, runnable) => {\n  return false;\n});\nCypress.on('fail', (error, runnable) => {\n  return false;\n}); // cy.visit('https://accounts.google.com/');\n// // cy.visit('https://www.amazon.in/');\n// cy.wait(4000)\n// // cy.get('#nav-search').type('Iphone 13 {enter}')\n// // cy.get('#nav-search-submit-button').click()\n// // cy.get('#twotabsearchtextbox').type('Iphone 13 {enter}')\n// cy.wait(4000)\n// // cy.get('[data-index=\"2\"] > :nth-child(1)').click()\n// cy.get('.cxMOTc > .rFrNMe').type('siddharth.d@testriq.com')\n// cy.contains('Next').click()\n// cy.wait(6000)\n// cy.get('#password').type('Logitech@2')\n// cy.contains('Next').click()\n// cy.origin('')\n// cy.wait(6000)\n// cy.get('.gb_Ve').click()\n// cy.wait(6000)\n// cy.contains('Sign in').click()\n// cy.get('#buttons > ytd-button-renderer.style-scope > yt-button-shape > .yt-spec-button-shape-next > yt-touch-feedback-shape > .yt-spec-touch-feedback-shape > .yt-spec-touch-feedback-shape__fill')\n// cy.get('#buttondoestexist')",
                  "err": {},
                  "uuid": "6b75b748-d105-45be-83f9-0cb55abfaabd",
                  "parentUUID": "4a9523b9-9708-444d-ba4d-6ceee19e429b",
                  "isHook": false,
                  "skipped": true
                },
                {
                  "title": "Log in mail",
                  "fullTitle": "My First Test Exception Handling In Cypress Log in mail",
                  "timedOut": null,
                  "duration": 0,
                  "state": "pending",
                  "speed": null,
                  "pass": false,
                  "fail": false,
                  "pending": false,
                  "context": null,
                  "code": "cy.visit('https://mail.google.com/mail/u/0/#inbox');\ncy.wait(4000);\ncy.get('input[type=\"email\"]').type('siddharth.d@testriq.com');\ncy.contains('Next').click();\ncy.wait(4000);\ncy.get('input[type=\"password\"]').type('Logitech190421');\ncy.wait(4000);\ncy.contains('Next').click();\ncy.wait(7000);",
                  "err": {},
                  "uuid": "077b688d-22ae-4b41-a67d-07455d704555",
                  "parentUUID": "4a9523b9-9708-444d-ba4d-6ceee19e429b",
                  "isHook": false,
                  "skipped": true
                }
              ],
              "suites": [],
              "passes": [],
              "failures": [],
              "pending": [],
              "skipped": [
                "6b75b748-d105-45be-83f9-0cb55abfaabd",
                "077b688d-22ae-4b41-a67d-07455d704555"
              ],
              "duration": 0,
              "root": false,
              "rootEmpty": false,
              "_timeout": 2000
            }
          ],
          "passes": [],
          "failures": [],
          "pending": [],
          "skipped": [
            "5de76cb6-616b-4f35-a9a3-f5475b7678e7",
            "a3d8b359-a125-40e8-9d01-e9034c8184c5",
            "1d20fcbf-d61d-4ac5-a021-d8a1d1ab1856",
            "9a89d57e-ae40-4136-91b2-574790f11463"
          ],
          "duration": 0,
          "root": false,
          "rootEmpty": false,
          "_timeout": 2000
        }
      ],
      "passes": [],
      "failures": [],
      "pending": [],
      "skipped": [],
      "duration": 0,
      "root": true,
      "rootEmpty": true,
      "_timeout": 2000
    }
  ],
  "meta": {
    "mocha": {
      "version": "7.0.1"
    },
    "mochawesome": {
      "options": {
        "quiet": false,
        "reportFilename": "mochawesome",
        "saveHtml": false,
        "saveJson": true,
        "consoleReporter": "spec",
        "useInlineDiffs": false,
        "code": true
      },
      "version": "7.1.3"
    },
    "marge": {
      "options": {
        "charts": true,
        "reportDir": "cypress\\reports\\.jsons",
        "reportPageTitle": "Demo-title1",
        "embeddedScreenshots": true,
        "inlineAssets": true,
        "saveAllAttempts": false,
        "overwrite": false,
        "html": false,
        "json": true
      },
      "version": "6.2.0"
    }
  }
}