{
  "stats": {
    "suites": 5,
    "tests": 12,
    "passes": 12,
    "pending": 0,
    "failures": 0,
    "start": "2022-08-29T04:30:15.252Z",
    "end": "2022-08-29T04:33:44.800Z",
    "duration": 209548,
    "testsRegistered": 12,
    "passPercent": 100,
    "pendingPercent": 0,
    "other": 0,
    "hasOther": false,
    "skipped": 0,
    "hasSkipped": false
  },
  "results": [
    {
      "uuid": "1f5af384-2160-47f6-a4d6-fd587e84b72d",
      "title": "",
      "fullFile": "cypress\\e2e\\ads.cy.js",
      "file": "cypress\\e2e\\ads.cy.js",
      "beforeHooks": [],
      "afterHooks": [],
      "tests": [],
      "suites": [
        {
          "uuid": "94248847-07a2-465d-8f0d-2de4badb2bbe",
          "title": "Ads",
          "fullFile": "",
          "file": "",
          "beforeHooks": [],
          "afterHooks": [],
          "tests": [],
          "suites": [
            {
              "uuid": "870cef19-4342-41fd-9548-a6168d8f36e5",
              "title": "Dashboard ",
              "fullFile": "",
              "file": "",
              "beforeHooks": [],
              "afterHooks": [],
              "tests": [
                {
                  "title": "Insights - C2791",
                  "fullTitle": "Ads Dashboard  Insights - C2791",
                  "timedOut": null,
                  "duration": 18206,
                  "state": "passed",
                  "speed": "slow",
                  "pass": true,
                  "fail": false,
                  "pending": false,
                  "context": null,
                  "code": "cy.visit('/admin/account/3854/office/0/project/320406/ads_dashboard');\ncy.wait(6000);\ncy.get('.date-range-container').click();\ncy.get('[data-range-key=\"Last Year\"]').click();\ncy.get('.dashboard_controls').should('be.visible');\ncy.get('.AdsDashboardView').should('be.visible');\ncy.get('.stat_module_spend > .AdsMetricView > .metric_view_container').should('be.visible');\ncy.get('.stat_module_impressions > .AdsMetricView').should('be.visible');\ncy.get('.stat_module_engagement > .AdsMetricView > .metric_view_container').should('be.visible');\ncy.get('.stat_module_active_ads > .AdsMetricView').should('be.visible');\ncy.get('.AdsTopPerformingCreativesView').should('be.visible');",
                  "err": {},
                  "uuid": "409df294-b522-4e83-bcfe-cf207616e968",
                  "parentUUID": "870cef19-4342-41fd-9548-a6168d8f36e5",
                  "isHook": false,
                  "skipped": false
                }
              ],
              "suites": [],
              "passes": [
                "409df294-b522-4e83-bcfe-cf207616e968"
              ],
              "failures": [],
              "pending": [],
              "skipped": [],
              "duration": 18206,
              "root": false,
              "rootEmpty": false,
              "_timeout": 2000
            },
            {
              "uuid": "89339ad7-18c1-4f70-aebf-bae6ab50c0bb",
              "title": "Library-creative",
              "fullFile": "",
              "file": "",
              "beforeHooks": [],
              "afterHooks": [],
              "tests": [
                {
                  "title": "Creatve Lib - C2793",
                  "fullTitle": "Ads Library-creative Creatve Lib - C2793",
                  "timedOut": null,
                  "duration": 16996,
                  "state": "passed",
                  "speed": "slow",
                  "pass": true,
                  "fail": false,
                  "pending": false,
                  "context": null,
                  "code": "cy.visit('/admin/account/3854/office/0/project/320406/ads_creatives');\ncy.wait(5000);\ncy.get('.btn_add_library').click();\ncy.get('#name').type(LibName);\ncy.get('.primary_button').click();\ncy.wait(5000);",
                  "err": {},
                  "uuid": "fe2dd268-57ff-4b7b-bd02-0bab7b64b337",
                  "parentUUID": "89339ad7-18c1-4f70-aebf-bae6ab50c0bb",
                  "isHook": false,
                  "skipped": false
                },
                {
                  "title": "Add creative - C2794",
                  "fullTitle": "Ads Library-creative Add creative - C2794",
                  "timedOut": null,
                  "duration": 35096,
                  "state": "passed",
                  "speed": "slow",
                  "pass": true,
                  "fail": false,
                  "pending": false,
                  "context": null,
                  "code": "cy.visit('/admin/account/3854/office/0/project/320406/ads_creatives');\ncy.contains('.select2-chosen', 'All libraries').click();\ncy.wait(6000);\ncy.get('#s2id_autogen2_search').type(LibName);\ncy.wait(7000);\ncy.get('[class=\"select2-result-label\"][role=\"option\"]').first().click();\ncy.get('.btn_add_creative').click();\ncy.get('.AdCreativeImageFormatView > .btn_container > .left-col > .label_check').click();\ncy.get('.primary_button').click({\n  force: true\n});\ncy.wait(5000);",
                  "err": {},
                  "uuid": "6ba3ea51-721f-42db-b9fb-7ed62d728e9f",
                  "parentUUID": "89339ad7-18c1-4f70-aebf-bae6ab50c0bb",
                  "isHook": false,
                  "skipped": false
                },
                {
                  "title": "edit creative - C2795",
                  "fullTitle": "Ads Library-creative edit creative - C2795",
                  "timedOut": null,
                  "duration": 725,
                  "state": "passed",
                  "speed": "fast",
                  "pass": true,
                  "fail": false,
                  "pending": false,
                  "context": null,
                  "code": "cy.get('.creative_toolbar > .edit').first().click();\ncy.get('.AdCreativeImageFormatView > .text_input_container > :nth-child(1) > textarea').first().type('arsenal');\ncy.get('.primary_button').click({\n  force: true\n});",
                  "err": {},
                  "uuid": "dc1c27f9-db84-4f0f-abfd-ef7e9766eee9",
                  "parentUUID": "89339ad7-18c1-4f70-aebf-bae6ab50c0bb",
                  "isHook": false,
                  "skipped": false
                },
                {
                  "title": "Transfer creative - C2796",
                  "fullTitle": "Ads Library-creative Transfer creative - C2796",
                  "timedOut": null,
                  "duration": 26473,
                  "state": "passed",
                  "speed": "slow",
                  "pass": true,
                  "fail": false,
                  "pending": false,
                  "context": null,
                  "code": "cy.visit('/admin/account/3854/office/0/project/320406/ads_creatives');\ncy.wait(5000); // cy.get(':nth-child(3) > .wrapper > .section_title > .title_box > .truncate')\ncy.get(':nth-child(3) > .wrapper').click();\ncy.wait(4000);\ncy.get(':nth-child(1) > .creative_toolbar > .transfer').first().click();\ncy.wait(4000);\ncy.get('.label_checkbox').click();\ncy.contains('.select2-chosen', 'All libraries').click().type('...Lib17thfeb');\ncy.wait(5000);\ncy.contains('[class=\"name\"]', '...Lib17thfeb').click();\ncy.get('.primary_button').click();",
                  "err": {},
                  "uuid": "d4f7de52-f101-4ce0-8f92-8e9601bbe4bc",
                  "parentUUID": "89339ad7-18c1-4f70-aebf-bae6ab50c0bb",
                  "isHook": false,
                  "skipped": false
                }
              ],
              "suites": [],
              "passes": [
                "fe2dd268-57ff-4b7b-bd02-0bab7b64b337",
                "6ba3ea51-721f-42db-b9fb-7ed62d728e9f",
                "dc1c27f9-db84-4f0f-abfd-ef7e9766eee9",
                "d4f7de52-f101-4ce0-8f92-8e9601bbe4bc"
              ],
              "failures": [],
              "pending": [],
              "skipped": [],
              "duration": 79290,
              "root": false,
              "rootEmpty": false,
              "_timeout": 2000
            },
            {
              "uuid": "419e070f-c513-4e30-b670-4e8eebda5b35",
              "title": "Leads",
              "fullFile": "",
              "file": "",
              "beforeHooks": [],
              "afterHooks": [],
              "tests": [
                {
                  "title": "Create Lead - C2801",
                  "fullTitle": "Ads Leads Create Lead - C2801",
                  "timedOut": null,
                  "duration": 23435,
                  "state": "passed",
                  "speed": "slow",
                  "pass": true,
                  "fail": false,
                  "pending": false,
                  "context": null,
                  "code": "cy.visit('/admin/account/3854/office/0/project/320406/ads_leads');\ncy.get('[data-href=\"ads_leads\"]').click();\ncy.get('.control_btn_group > .AdLeadsControlBarView > .icon_button').click();\ncy.get(':nth-child(1) > .row > input').type('Leadz' + Hdate + xMen[Math.floor(Math.random() * 6)]);\ncy.get(':nth-child(5) > .header').click();\ncy.wait(4000);\ncy.get('.open > .content > :nth-child(2) > input').type(CompleteURL);\ncy.wait(4000);\ncy.get(':nth-child(7) > .header').click();\ncy.get(':nth-child(5) > input').type(CompleteURL);\ncy.get('.primary_button').click({\n  force: true\n});\ncy.wait(5000);",
                  "err": {},
                  "uuid": "971c440c-dbe8-429a-89e7-4e5c6d6d5546",
                  "parentUUID": "419e070f-c513-4e30-b670-4e8eebda5b35",
                  "isHook": false,
                  "skipped": false
                },
                {
                  "title": "Leads Form-Download - C2803",
                  "fullTitle": "Ads Leads Leads Form-Download - C2803",
                  "timedOut": null,
                  "duration": 16519,
                  "state": "passed",
                  "speed": "slow",
                  "pass": true,
                  "fail": false,
                  "pending": false,
                  "context": null,
                  "code": "Cypress.on('fail', (error, runnable) => {\n  return false;\n});\ncy.visit('/admin/account/3854/office/0/project/320406/ads_leads');\ncy.wait(5000);\ncy.get('[class=\"icon_button export fa fa-download\"][title=\"Export Leads\"]').first().click();\ncy.wait(5000);\ncy.contains('Download All Leads').click();\ncy.get('.btn_export').click();",
                  "err": {},
                  "uuid": "b3b6ea8c-68b8-4e86-aa05-9de4e764b88b",
                  "parentUUID": "419e070f-c513-4e30-b670-4e8eebda5b35",
                  "isHook": false,
                  "skipped": false
                },
                {
                  "title": "Leads Form-Copy - C2802",
                  "fullTitle": "Ads Leads Leads Form-Copy - C2802",
                  "timedOut": null,
                  "duration": 18680,
                  "state": "passed",
                  "speed": "slow",
                  "pass": true,
                  "fail": false,
                  "pending": false,
                  "context": null,
                  "code": "cy.visit('/admin/account/3854/office/0/project/320406/ads_leads');\ncy.wait(5000);\ncy.get('[class=\"icon_button copy fa fa-copy\"][title=\"Copy Form\"]').first().click();\ncy.wait(5000);\ncy.get('.primary_button').click();\ncy.get('.bbm-modal__icon_close').click();",
                  "err": {},
                  "uuid": "c876965e-0213-49fc-8122-a92ba399da0c",
                  "parentUUID": "419e070f-c513-4e30-b670-4e8eebda5b35",
                  "isHook": false,
                  "skipped": false
                },
                {
                  "title": "Leads Form-Delete",
                  "fullTitle": "Ads Leads Leads Form-Delete",
                  "timedOut": null,
                  "duration": 16210,
                  "state": "passed",
                  "speed": "slow",
                  "pass": true,
                  "fail": false,
                  "pending": false,
                  "context": null,
                  "code": "cy.visit('/admin/account/3854/office/0/project/320406/ads_leads');\ncy.wait(5000);\ncy.get('[class=\"icon_button delete fa fa-trash\"][title=\"Delete Form\"]').first().click();\ncy.wait(5000);\ncy.get('.primary_button').click();\ncy.get('.bbm-modal__icon_close').click();",
                  "err": {},
                  "uuid": "130b6b9b-1471-44a8-b2f8-b1e9455790e8",
                  "parentUUID": "419e070f-c513-4e30-b670-4e8eebda5b35",
                  "isHook": false,
                  "skipped": false
                }
              ],
              "suites": [
                {
                  "uuid": "70725fba-c480-45a1-93e0-202a341d3496",
                  "title": "Ads PLUS",
                  "fullFile": "",
                  "file": "",
                  "beforeHooks": [],
                  "afterHooks": [],
                  "tests": [
                    {
                      "title": "Audience - C2792",
                      "fullTitle": "Ads Leads Ads PLUS Audience - C2792",
                      "timedOut": null,
                      "duration": 5290,
                      "state": "passed",
                      "speed": "medium",
                      "pass": true,
                      "fail": false,
                      "pending": false,
                      "context": null,
                      "code": "cy.get('[data-href=\"ads_audiences\"]').click({\n  force: true\n});\ncy.get('.btn_create_audience').click();\ncy.get('.audience_name').type('Audience-' + Hdate);\ncy.wait(4000); // cy.get('#s2id_autogen30 > .select2-choices').type('batman')\n// cy.xpath('/html/body/div[21]/ul/li[1]/div/div[2]').click()\ncy.get('.primary_button').click();",
                      "err": {},
                      "uuid": "b1c1592b-4304-4272-9496-1adbcc0c21bb",
                      "parentUUID": "70725fba-c480-45a1-93e0-202a341d3496",
                      "isHook": false,
                      "skipped": false
                    },
                    {
                      "title": "Management - C2797",
                      "fullTitle": "Ads Leads Ads PLUS Management - C2797",
                      "timedOut": null,
                      "duration": 20762,
                      "state": "passed",
                      "speed": "slow",
                      "pass": true,
                      "fail": false,
                      "pending": false,
                      "context": null,
                      "code": "cy.visit('/admin/account/3854/office/0/project/320406/ads_management');\ncy.wait(5000);\ncy.get('.control_btn_group > .active').click();\ncy.get('.campaign > .field_input > .promote_input').type('Oranges');\ncy.contains('Custom Objective Per Ad').click(); // cy.xpath('//*[contains(text(),\"Reach\")][@class=\"select2-result-label\"]').click()\ncy.contains('[class=\"select2-result-label\"][role=\"option\"]', 'Reach').click();\ncy.contains('Use Location Default Audience').click();\ncy.wait(9000); // cy.xpath(\"//*[contains(text(),'Audience-')]\").first().click()\ncy.contains('[class=\"select2-result-label\"][role=\"option\"]', 'Audience-').first().click();\ncy.get('.prefixed_input > .promote_input').type('99');\ncy.get(':nth-child(1) > .post_checkbox > .label_check').click();\ncy.get('.primary_button').click();\ncy.log('Ad created successfully'); // cy.contains(\"Reach\").click()\n// cy.contains('.select2-match', 'Reach').click()",
                      "err": {},
                      "uuid": "869dc87d-aa15-423a-addb-440bf3b9a34b",
                      "parentUUID": "70725fba-c480-45a1-93e0-202a341d3496",
                      "isHook": false,
                      "skipped": false
                    },
                    {
                      "title": "Pause Ads - C2798",
                      "fullTitle": "Ads Leads Ads PLUS Pause Ads - C2798",
                      "timedOut": null,
                      "duration": 10944,
                      "state": "passed",
                      "speed": "slow",
                      "pass": true,
                      "fail": false,
                      "pending": false,
                      "context": null,
                      "code": "cy.visit('/admin/account/3854/office/0/project/320406/ads_management');\ncy.wait(6000);\ncy.get('.dropdown').click();\ncy.get('.overflow_menu_item').click();",
                      "err": {},
                      "uuid": "dc113fbd-130c-4481-9da8-207d9503772f",
                      "parentUUID": "70725fba-c480-45a1-93e0-202a341d3496",
                      "isHook": false,
                      "skipped": false
                    }
                  ],
                  "suites": [],
                  "passes": [
                    "b1c1592b-4304-4272-9496-1adbcc0c21bb",
                    "869dc87d-aa15-423a-addb-440bf3b9a34b",
                    "dc113fbd-130c-4481-9da8-207d9503772f"
                  ],
                  "failures": [],
                  "pending": [],
                  "skipped": [],
                  "duration": 36996,
                  "root": false,
                  "rootEmpty": false,
                  "_timeout": 2000
                }
              ],
              "passes": [
                "971c440c-dbe8-429a-89e7-4e5c6d6d5546",
                "b3b6ea8c-68b8-4e86-aa05-9de4e764b88b",
                "c876965e-0213-49fc-8122-a92ba399da0c",
                "130b6b9b-1471-44a8-b2f8-b1e9455790e8"
              ],
              "failures": [],
              "pending": [],
              "skipped": [],
              "duration": 74844,
              "root": false,
              "rootEmpty": false,
              "_timeout": 2000
            }
          ],
          "passes": [],
          "failures": [],
          "pending": [],
          "skipped": [],
          "duration": 0,
          "root": false,
          "rootEmpty": false,
          "_timeout": 2000
        }
      ],
      "passes": [],
      "failures": [],
      "pending": [],
      "skipped": [],
      "duration": 0,
      "root": true,
      "rootEmpty": true,
      "_timeout": 2000
    }
  ],
  "meta": {
    "mocha": {
      "version": "7.0.1"
    },
    "mochawesome": {
      "options": {
        "quiet": false,
        "reportFilename": "mochawesome",
        "saveHtml": false,
        "saveJson": true,
        "consoleReporter": "spec",
        "useInlineDiffs": false,
        "code": true
      },
      "version": "7.1.3"
    },
    "marge": {
      "options": {
        "charts": true,
        "reportDir": "cypress\\reports\\.jsons",
        "reportPageTitle": "Demo-title1",
        "embeddedScreenshots": true,
        "inlineAssets": true,
        "saveAllAttempts": false,
        "overwrite": false,
        "html": false,
        "json": true
      },
      "version": "6.2.0"
    }
  }
}