{
  "stats": {
    "suites": 1,
    "tests": 13,
    "passes": 12,
    "pending": 1,
    "failures": 0,
    "start": "2022-11-21T06:29:05.979Z",
    "end": "2022-11-21T06:31:12.354Z",
    "duration": 126375,
    "testsRegistered": 13,
    "passPercent": 100,
    "pendingPercent": 7.6923076923076925,
    "other": 0,
    "hasOther": false,
    "skipped": 0,
    "hasSkipped": false
  },
  "results": [
    {
      "uuid": "6296b8bf-7c39-41aa-823f-af44772b2d86",
      "title": "",
      "fullFile": "cypress\\e2e\\groups.cy.js",
      "file": "cypress\\e2e\\groups.cy.js",
      "beforeHooks": [],
      "afterHooks": [],
      "tests": [],
      "suites": [
        {
          "uuid": "745b2a59-04d4-41c9-9875-a33f80b1c9ff",
          "title": "Groups",
          "fullFile": "",
          "file": "",
          "beforeHooks": [],
          "afterHooks": [],
          "tests": [
            {
              "title": "Create a group & Add Locations to Group - C2746,47",
              "fullTitle": "Groups Create a group & Add Locations to Group - C2746,47",
              "timedOut": null,
              "duration": 21407,
              "state": "passed",
              "speed": "slow",
              "pass": true,
              "fail": false,
              "pending": false,
              "context": null,
              "code": "cy.visit('/admin/account/3854'); // cy.wait('@acc')\ncy.get('[data-href=\"groups\"]').click();\ncy.wait('@groups');\ncy.get('.control_wrapper > .icon_button').click();\ncy.get('.name').type('AAAuto-Group-to-D');\ncy.get('.primary_button').click();\ncy.wait('@groupsList');\ncy.get(':nth-child(3) > .action_buttons > .white_button').click();\ncy.get(':nth-child(4) > .action_buttons > .white_button').click();\ncy.get(':nth-child(5) > .action_buttons > .white_button').click();\ncy.get('.secondary_button').click();",
              "err": {},
              "uuid": "1e119a28-e31b-426f-b0f8-955e29254ec6",
              "parentUUID": "745b2a59-04d4-41c9-9875-a33f80b1c9ff",
              "isHook": false,
              "skipped": false
            },
            {
              "title": "Remove Locations from Group - C2748",
              "fullTitle": "Groups Remove Locations from Group - C2748",
              "timedOut": null,
              "duration": 2856,
              "state": "passed",
              "speed": "fast",
              "pass": true,
              "fail": false,
              "pending": false,
              "context": null,
              "code": "cy.contains('Locations').click();\ncy.wait('@member');\ncy.get('[class=\"icon_button fa fa-trash btn_delete\"][title=\"Delete\"]').first().click();\ncy.get('.primary_button').click();",
              "err": {},
              "uuid": "82db26e1-ecee-4e19-9a68-4ff90a65e7f2",
              "parentUUID": "745b2a59-04d4-41c9-9875-a33f80b1c9ff",
              "isHook": false,
              "skipped": false
            },
            {
              "title": "Delete group - C2767",
              "fullTitle": "Groups Delete group - C2767",
              "timedOut": null,
              "duration": 7628,
              "state": "passed",
              "speed": "medium",
              "pass": true,
              "fail": false,
              "pending": false,
              "context": null,
              "code": "cy.get('.account_crumb').click(); // cy.wait('@acc')\ncy.contains('Groups').click();\ncy.wait('@groups');\ncy.get('[class=\"icon_button fa fa-trash btn_delete\"][title=\"Delete\"]').first().click();\ncy.wait(5000);\ncy.get('#confirmation_input').type('DELETE'); // cy.wait(4000)\ncy.get('.primary_button').click({\n  force: true\n});\ncy.wait('@del');",
              "err": {},
              "uuid": "72642351-de2a-41cd-8b04-bd3599623f05",
              "parentUUID": "745b2a59-04d4-41c9-9875-a33f80b1c9ff",
              "isHook": false,
              "skipped": false
            },
            {
              "title": "Edit Group - C2749",
              "fullTitle": "Groups Edit Group - C2749",
              "timedOut": null,
              "duration": 9339,
              "state": "passed",
              "speed": "medium",
              "pass": true,
              "fail": false,
              "pending": false,
              "context": null,
              "code": "Cypress.on('uncaught:exception', (err, runnable) => {\n  return false;\n});\ncy.visit('/admin/account/3854/group/36523/dashboard');\ncy.wait('@April-14');\ncy.get('.btn_group_edit > .fa').click({\n  force: true\n});\ncy.wait('@edit');\ncy.get(\".editgroup_input_name\").click().type('E');\ncy.get('.primary_button').click({\n  force: true\n});\ncy.wait('@rename'); //Going back\ncy.get('.btn_group_edit > .fa').click({\n  force: true\n});\ncy.wait('@edit');\ncy.get(\".editgroup_input_name\").type('{backspace}'); // cy.wait(5000)\ncy.get('.primary_button').click({\n  force: true\n});\ncy.wait('@rename');",
              "err": {},
              "uuid": "23f7101b-f340-4351-88b4-0fbf9c885163",
              "parentUUID": "745b2a59-04d4-41c9-9875-a33f80b1c9ff",
              "isHook": false,
              "skipped": false
            },
            {
              "title": "Post Image on group -C2750",
              "fullTitle": "Groups Post Image on group -C2750",
              "timedOut": null,
              "duration": 13009,
              "state": "passed",
              "speed": "slow",
              "pass": true,
              "fail": false,
              "pending": false,
              "context": null,
              "code": "cy.visit('/admin/account/3854/group/36523/scheduler_dashboard/week?t__SuggestedContentTab=Suggested');\ncy.wait('@updateMeta');\ncy.wait('@edit');\ncy.get('.btn_postnow').click();\ncy.wait('@post');\ncy.wait('@edit'); // cy.get('.message_editable').type('Group-Post')\ncy.wait(4000);\ncy.get('.bbm-modal__section').find('.message_editable').type('Group-Posts'); // cy.get('.ComponentMessageEditor').find('.message_editable').type('Group-Post')\ncy.get('.btn_choose_image').click();\ncy.wait('@imgLib');\ncy.get('.visual_container').first().click();\ncy.get('.gray_button').click();",
              "err": {},
              "uuid": "cedc253f-3fa8-4297-b90c-2ef9e0251a07",
              "parentUUID": "745b2a59-04d4-41c9-9875-a33f80b1c9ff",
              "isHook": false,
              "skipped": false
            },
            {
              "title": "shorten URL - C2753",
              "fullTitle": "Groups shorten URL - C2753",
              "timedOut": null,
              "duration": 10792,
              "state": "passed",
              "speed": "slow",
              "pass": true,
              "fail": false,
              "pending": false,
              "context": null,
              "code": "cy.visit('/admin/account/3854/group/36523/scheduler_dashboard/week?t__SuggestedContentTab=Suggested');\ncy.wait('@updateMeta');\ncy.wait('@edit');\ncy.get('.btn_postnow').click();\ncy.wait('@post');\ncy.get('.btn_bitly').click();\ncy.get('.bbm-modal__section > input').type(Urltoshort);\ncy.get('.DlgUtilityInput > .bbm-modal > .bbm-modal__bottombar > .primary_button').click({\n  force: true\n});\ncy.wait('@shorten');\ncy.get('.gray_button').click({\n  force: true\n});",
              "err": {},
              "uuid": "4013bed6-2b55-4c4c-bc9d-22572a76e952",
              "parentUUID": "745b2a59-04d4-41c9-9875-a33f80b1c9ff",
              "isHook": false,
              "skipped": false
            },
            {
              "title": "Choose a Message- C2754,55",
              "fullTitle": "Groups Choose a Message- C2754,55",
              "timedOut": null,
              "duration": 10849,
              "state": "passed",
              "speed": "slow",
              "pass": true,
              "fail": false,
              "pending": false,
              "context": null,
              "code": "cy.visit('/admin/account/3854/group/36523/scheduler_dashboard/week?t__SuggestedContentTab=Suggested');\ncy.wait('@updateMeta');\ncy.wait('@edit');\ncy.get('.btn_postnow').click();\ncy.get('.btn_message_select').click();\ncy.wait('@post');\ncy.contains('.component_tab_text', '___Loc-level-lib').click();\ncy.wait('@post');\ncy.get('.upcoming > .message').first().click();\ncy.wait('@wait');\ncy.contains('.gray_button', 'Post Now').click(); // cy.get('.gray_button').click({force:true})",
              "err": {},
              "uuid": "89bd778a-7de1-4be8-8c74-e02ae7614c47",
              "parentUUID": "745b2a59-04d4-41c9-9875-a33f80b1c9ff",
              "isHook": false,
              "skipped": false
            },
            {
              "title": "Meta fields- C2756",
              "fullTitle": "Groups Meta fields- C2756",
              "timedOut": null,
              "duration": 7724,
              "state": "passed",
              "speed": "medium",
              "pass": true,
              "fail": false,
              "pending": false,
              "context": null,
              "code": "cy.visit('/admin/account/3854/group/36523/scheduler_dashboard/week?t__SuggestedContentTab=Suggested');\ncy.wait('@updateMeta');\ncy.wait('@edit');\ncy.get('.btn_postnow').click(); // cy.wait(3000)\ncy.get('.network_selection > .instagram').click();\ncy.get('.bbm-modal__section').find('.message_editable').type('{%Name}' + '\\n' + '{%Website URL}', {\n  parseSpecialCharSequences: false\n});\ncy.wait('@post'); // cy.get('.network_selection > .instagram').click()\ncy.get('.gray_button').click({\n  force: true\n});",
              "err": {},
              "uuid": "b0f893e1-a896-43ec-b7a7-212e0ca3d22e",
              "parentUUID": "745b2a59-04d4-41c9-9875-a33f80b1c9ff",
              "isHook": false,
              "skipped": false
            },
            {
              "title": "Future Post - C2757",
              "fullTitle": "Groups Future Post - C2757",
              "timedOut": null,
              "duration": 11494,
              "state": "passed",
              "speed": "slow",
              "pass": true,
              "fail": false,
              "pending": false,
              "context": null,
              "code": "cy.visit('/admin/account/3854/group/36523/scheduler_dashboard/week?t__SuggestedContentTab=Suggested');\ncy.wait('@updateMeta');\ncy.wait('@edit');\ncy.get('.fa-angle-right').click(); // cy.wait(4000)\ncy.get('[data-hour=\"23\"]').last().click();\ncy.wait('@post');\ncy.get('.ComponentMessageEditor').type('Future Post');\ncy.get('.btn_choose_image').click({\n  force: true\n});\ncy.wait('@imgLib');\ncy.get('.visual_container').first().click(); // cy.wait(5000)\ncy.get('.gray_button').click();",
              "err": {},
              "uuid": "9e34ae05-9be4-4954-8e30-30418b6d491e",
              "parentUUID": "745b2a59-04d4-41c9-9875-a33f80b1c9ff",
              "isHook": false,
              "skipped": false
            },
            {
              "title": "Edit future -C2758",
              "fullTitle": "Groups Edit future -C2758",
              "timedOut": null,
              "duration": 4263,
              "state": "passed",
              "speed": "fast",
              "pass": true,
              "fail": false,
              "pending": false,
              "context": null,
              "code": "cy.get('[data-hour=\"23\"]').last().click();\ncy.wait('@post');\ncy.get('.ComponentMessageEditor').type('Edit Near Future Post');\ncy.get('.gray_button').click();",
              "err": {},
              "uuid": "c9b89249-e6c7-4dcc-a003-f228964b69f5",
              "parentUUID": "745b2a59-04d4-41c9-9875-a33f80b1c9ff",
              "isHook": false,
              "skipped": false
            },
            {
              "title": "Post Plan - C2765",
              "fullTitle": "Groups Post Plan - C2765",
              "timedOut": null,
              "duration": 19924,
              "state": "passed",
              "speed": "slow",
              "pass": true,
              "fail": false,
              "pending": false,
              "context": null,
              "code": "cy.visit('/admin/account/3854/group/36523/scheduler_dashboard/week?t__SuggestedContentTab=Suggested');\ncy.wait('@post');\ncy.get('.btn_plans').click();\ncy.wait('@edit');\ncy.wait('@updateMeta');\ncy.get('.btn_new_plan').click();\ncy.get('.title').type('Group Post Plan');\ncy.get('.label_check').children('input').check({\n  force: true\n});\ncy.contains('.select2-chosen', 'All libraries').click();\ncy.wait('@libsdrp');\ncy.wait('@edit');\ncy.get('.select2-input').last().type('___Loc-level-lib');\ncy.wait('@libsdrp');\ncy.get('.content_selector_element').click();\ncy.get('.btn_next').click();",
              "err": {},
              "uuid": "30958e59-b728-40ff-ab55-a0f2610449aa",
              "parentUUID": "745b2a59-04d4-41c9-9875-a33f80b1c9ff",
              "isHook": false,
              "skipped": false
            },
            {
              "title": "Delete Post Plan - C2766",
              "fullTitle": "Groups Delete Post Plan - C2766",
              "timedOut": null,
              "duration": 6919,
              "state": "passed",
              "speed": "medium",
              "pass": true,
              "fail": false,
              "pending": false,
              "context": null,
              "code": "cy.visit('/admin/account/3854/group/36523/scheduler_dashboard/week?calendarId=942701&t__SuggestedContentTab=Suggested');\ncy.wait('@post');\ncy.get('.btn_plans').click();\ncy.wait('@edit');\ncy.contains('.gray_button', 'Delete').click();\ncy.contains('.primary_button', 'Delete').click();",
              "err": {},
              "uuid": "65f04de8-221e-424d-8988-eab4bb449a35",
              "parentUUID": "745b2a59-04d4-41c9-9875-a33f80b1c9ff",
              "isHook": false,
              "skipped": false
            },
            {
              "title": "Reschedule Post(Drag-transfer) - C2759",
              "fullTitle": "Groups Reschedule Post(Drag-transfer) - C2759",
              "timedOut": null,
              "duration": 0,
              "state": "pending",
              "speed": null,
              "pass": false,
              "fail": false,
              "pending": true,
              "context": null,
              "code": "",
              "err": {},
              "uuid": "b2a99a6f-d313-4646-83c5-2bab878b65c2",
              "parentUUID": "745b2a59-04d4-41c9-9875-a33f80b1c9ff",
              "isHook": false,
              "skipped": false
            }
          ],
          "suites": [],
          "passes": [
            "1e119a28-e31b-426f-b0f8-955e29254ec6",
            "82db26e1-ecee-4e19-9a68-4ff90a65e7f2",
            "72642351-de2a-41cd-8b04-bd3599623f05",
            "23f7101b-f340-4351-88b4-0fbf9c885163",
            "cedc253f-3fa8-4297-b90c-2ef9e0251a07",
            "4013bed6-2b55-4c4c-bc9d-22572a76e952",
            "89bd778a-7de1-4be8-8c74-e02ae7614c47",
            "b0f893e1-a896-43ec-b7a7-212e0ca3d22e",
            "9e34ae05-9be4-4954-8e30-30418b6d491e",
            "c9b89249-e6c7-4dcc-a003-f228964b69f5",
            "30958e59-b728-40ff-ab55-a0f2610449aa",
            "65f04de8-221e-424d-8988-eab4bb449a35"
          ],
          "failures": [],
          "pending": [
            "b2a99a6f-d313-4646-83c5-2bab878b65c2"
          ],
          "skipped": [],
          "duration": 126204,
          "root": false,
          "rootEmpty": false,
          "_timeout": 2000
        }
      ],
      "passes": [],
      "failures": [],
      "pending": [],
      "skipped": [],
      "duration": 0,
      "root": true,
      "rootEmpty": true,
      "_timeout": 2000
    }
  ],
  "meta": {
    "mocha": {
      "version": "7.0.1"
    },
    "mochawesome": {
      "options": {
        "quiet": false,
        "reportFilename": "mochawesome",
        "saveHtml": false,
        "saveJson": true,
        "consoleReporter": "spec",
        "useInlineDiffs": false,
        "code": true
      },
      "version": "7.1.3"
    },
    "marge": {
      "options": {
        "charts": true,
        "reportDir": "cypress\\reports\\.jsons",
        "reportPageTitle": "Demo-title1",
        "embeddedScreenshots": true,
        "inlineAssets": true,
        "saveAllAttempts": false,
        "overwrite": false,
        "html": false,
        "json": true
      },
      "version": "6.2.0"
    }
  }
}