{
  "stats": {
    "suites": 1,
    "tests": 9,
    "passes": 8,
    "pending": 0,
    "failures": 1,
    "start": "2022-11-21T06:24:37.741Z",
    "end": "2022-11-21T06:26:08.016Z",
    "duration": 90275,
    "testsRegistered": 9,
    "passPercent": 88.88888888888889,
    "pendingPercent": 0,
    "other": 0,
    "hasOther": false,
    "skipped": 0,
    "hasSkipped": false
  },
  "results": [
    {
      "uuid": "b36c7c19-b8a4-4c00-ad0f-c8faad7b0fee",
      "title": "",
      "fullFile": "cypress\\e2e\\Boost.cy.js",
      "file": "cypress\\e2e\\Boost.cy.js",
      "beforeHooks": [],
      "afterHooks": [],
      "tests": [],
      "suites": [
        {
          "uuid": "fa07efee-eafa-4678-a636-3780a29d52b1",
          "title": "Boost",
          "fullFile": "",
          "file": "",
          "beforeHooks": [],
          "afterHooks": [],
          "tests": [
            {
              "title": "Insights - C2804",
              "fullTitle": "Boost Insights - C2804",
              "timedOut": null,
              "duration": 13998,
              "state": "passed",
              "speed": "slow",
              "pass": true,
              "fail": false,
              "pending": false,
              "context": null,
              "code": "cy.visit('/admin/account/3854/office/0/project/320406/boost_dashboard');\ncy.wait('@dash');\ncy.get('.AdsRecommendationsContainerView > .ads_content_container').should('be.visible');\ncy.get('.BoostDashboardView').should('be.visible');\ncy.get('.dashboard_controls').should('be.visible');",
              "err": {},
              "uuid": "bbf634f0-9c3f-47f1-861b-8fb582e185d6",
              "parentUUID": "fa07efee-eafa-4678-a636-3780a29d52b1",
              "isHook": false,
              "skipped": false
            },
            {
              "title": "Update Insights",
              "fullTitle": "Boost Update Insights",
              "timedOut": null,
              "duration": 568,
              "state": "passed",
              "speed": "fast",
              "pass": true,
              "fail": false,
              "pending": false,
              "context": null,
              "code": "cy.get('.date-range-container').click();\ncy.get('[data-range-key=\"Last 90 Days\"]').click();\ncy.get('.AdsRecommendationsContainerView > .ads_content_container').should('be.visible');",
              "err": {},
              "uuid": "841177db-bddc-4df4-8437-282b8e27e561",
              "parentUUID": "fa07efee-eafa-4678-a636-3780a29d52b1",
              "isHook": false,
              "skipped": false
            },
            {
              "title": "Create Audience - C2805",
              "fullTitle": "Boost Create Audience - C2805",
              "timedOut": null,
              "duration": 8806,
              "state": "passed",
              "speed": "medium",
              "pass": true,
              "fail": false,
              "pending": false,
              "context": null,
              "code": "Cypress.on('uncaught:exception', (err, runnable) => {\n  return false;\n});\ncy.visit('/admin/account/3854/office/0/project/320406/boost_audiences');\ncy.wait('@boostaud');\ncy.get('.btn_create_audience').click();\ncy.get('.audience_name').type('Audiencee-' + Hdate); // cy.wait(4000)\n// cy.get('#s2id_autogen30 > .select2-choices').type('batman')\n// cy.xpath('/html/body/div[21]/ul/li[1]/div/div[2]').click()\ncy.get('.primary_button').click();",
              "err": {},
              "uuid": "176cb575-35cf-497c-a916-120cde4687a9",
              "parentUUID": "fa07efee-eafa-4678-a636-3780a29d52b1",
              "isHook": false,
              "skipped": false
            },
            {
              "title": "Delete Audience - C2806",
              "fullTitle": "Boost Delete Audience - C2806",
              "timedOut": null,
              "duration": 10128,
              "state": "passed",
              "speed": "slow",
              "pass": true,
              "fail": false,
              "pending": false,
              "context": null,
              "code": "cy.visit('/admin/account/3854/office/0/project/320406/boost_audiences');\ncy.wait('@boostaud');\ncy.wait('@auddrp');\ncy.get(':nth-child(3) > .AdItemView > .item_row > .action > .label_check').click();\ncy.get('.delete').click();\ncy.get('.primary_button').click();",
              "err": {},
              "uuid": "aa2c43b1-6da8-4176-8842-d8194d8ef194",
              "parentUUID": "fa07efee-eafa-4678-a636-3780a29d52b1",
              "isHook": false,
              "skipped": false
            },
            {
              "title": "Navigating to Boost/Edit Audience ",
              "fullTitle": "Boost Navigating to Boost/Edit Audience ",
              "timedOut": null,
              "duration": 12511,
              "state": "passed",
              "speed": "slow",
              "pass": true,
              "fail": false,
              "pending": false,
              "context": null,
              "code": "Cypress.on('uncaught:exception', (err, runnable) => {\n  return false;\n});\ncy.visit('/admin/account/3854/office/0/project/320406/boost_audiences');\ncy.wait('@boostaud');\ncy.wait('@auddrp');\ncy.wait('@err'); //    cy.get('div[data-href=\"boost\"] > .section-heading > .section-label').should('contain.text', 'Boost')\n//    cy.wait(4000)\n//    cy.get('[data-href=\"boost_audiences\"]').click()\ncy.get('.AdItemView > .item_row > .action > .label_check').eq(4).click();\ncy.get('.edit').click();\ncy.wait('@Aud');\ncy.get('.audience_name').type('editBoostaud');\ncy.get('.primary_button').click();\ncy.wait('@auddrp');",
              "err": {},
              "uuid": "745e8b8c-29d1-4c24-87b1-5255050a0ffb",
              "parentUUID": "fa07efee-eafa-4678-a636-3780a29d52b1",
              "isHook": false,
              "skipped": false
            },
            {
              "title": "Management - C2807",
              "fullTitle": "Boost Management - C2807",
              "timedOut": null,
              "duration": 15360,
              "state": "passed",
              "speed": "slow",
              "pass": true,
              "fail": false,
              "pending": false,
              "context": null,
              "code": "cy.visit('/admin/account/3854/office/0/project/320406/boost_management');\ncy.get('[data-href=\"boost_management\"]').click();\ncy.wait('@boostmgmt');\ncy.get('.control_btn_group > .active').click();\ncy.wait('@boostpg');\ncy.get('.campaign > .field_input > .promote_input').type('Batman'); // cy.contains('Custom Objective Per Ad').click()\n// cy.xpath('//*[contains(text(),\"Reach\")][@class=\"select2-result-label\"]').click()\ncy.contains('.select2-choice', 'Use Location Default Audience').click();\ncy.wait('@auddrp'); // cy.xpath(\"//*[contains(text(),'Audience')]\").first().click({force:true})\ncy.contains('[class=\"select2-result-label\"][role=\"option\"]', 'Audience-').first().click();\ncy.get('.prefixed_input > .promote_input').type('99');\ncy.get('.date-range-container').click();\ncy.get('[data-range-key=\"Last 30 Days\"]').click();\ncy.get(':nth-child(1) > .post_checkbox > .label_check').click();\ncy.get('.primary_button').click();\ncy.log('Boost Created Successfully !');",
              "err": {},
              "uuid": "db108187-ee00-46a3-86c5-9790318b8f4c",
              "parentUUID": "fa07efee-eafa-4678-a636-3780a29d52b1",
              "isHook": false,
              "skipped": false
            },
            {
              "title": "Pause Ads",
              "fullTitle": "Boost Pause Ads",
              "timedOut": null,
              "duration": 10572,
              "state": "failed",
              "speed": null,
              "pass": false,
              "fail": true,
              "pending": false,
              "context": "{\n  \"title\": \"cypress-mochawesome-reporter-screenshots\",\n  \"value\": [\n    [\n      {\n        \"title\": \"Failed screenshot\",\n        \"value\": \"\\\\Boost.cy.js\\\\Boost -- Pause Ads (failed).png\"\n      }\n    ]\n  ]\n}",
              "code": "cy.visit('/admin/account/3854/office/0/project/320406/boost_management');\ncy.wait('@boostmgmt');\ncy.get('.dropdown').click();\ncy.get('.overflow_menu_item').click();",
              "err": {
                "message": "AssertionError: Timed out retrying after 4000ms: Expected to find element: `.dropdown`, but never found it.",
                "estack": "AssertionError: Timed out retrying after 4000ms: Expected to find element: `.dropdown`, but never found it.\n    at Context.eval (https://sneaky.meetsoci.com/__cypress/tests?p=cypress\\e2e\\Boost.cy.js:193:8)",
                "diff": null
              },
              "uuid": "705ddcc7-4dc7-45f1-a34c-3dc60bb83655",
              "parentUUID": "fa07efee-eafa-4678-a636-3780a29d52b1",
              "isHook": false,
              "skipped": false
            },
            {
              "title": "Notifications - C2808",
              "fullTitle": "Boost Notifications - C2808",
              "timedOut": null,
              "duration": 7290,
              "state": "passed",
              "speed": "medium",
              "pass": true,
              "fail": false,
              "pending": false,
              "context": null,
              "code": "cy.visit('/admin/account/3854/office/0/project/320406/boost_notif');\ncy.wait('@notif');\ncy.get('.single_notif_container').first().should('be.visible');",
              "err": {},
              "uuid": "007b7d95-d939-4bb6-bbc6-abbc13195ec8",
              "parentUUID": "fa07efee-eafa-4678-a636-3780a29d52b1",
              "isHook": false,
              "skipped": false
            },
            {
              "title": "Resolve Notifications - C2809",
              "fullTitle": "Boost Resolve Notifications - C2809",
              "timedOut": null,
              "duration": 10832,
              "state": "passed",
              "speed": "slow",
              "pass": true,
              "fail": false,
              "pending": false,
              "context": null,
              "code": "cy.visit('/admin/account/3854/office/0/project/320406/boost_notif');\ncy.wait('@notif');\ncy.wait('@err');\ncy.get('.resolve-selected > .label_check').click();\ncy.wait(4000);\ncy.get('.resolve_Selected').should('be.enabled');\ncy.get('.resolve_Selected').click();\ncy.get('.secondary_button').click();\ncy.get('.resolve_All').click();\ncy.get('.primary_button').click();",
              "err": {},
              "uuid": "75fe2fda-259b-4780-b173-203251b6a1d3",
              "parentUUID": "fa07efee-eafa-4678-a636-3780a29d52b1",
              "isHook": false,
              "skipped": false
            }
          ],
          "suites": [],
          "passes": [
            "bbf634f0-9c3f-47f1-861b-8fb582e185d6",
            "841177db-bddc-4df4-8437-282b8e27e561",
            "176cb575-35cf-497c-a916-120cde4687a9",
            "aa2c43b1-6da8-4176-8842-d8194d8ef194",
            "745e8b8c-29d1-4c24-87b1-5255050a0ffb",
            "db108187-ee00-46a3-86c5-9790318b8f4c",
            "007b7d95-d939-4bb6-bbc6-abbc13195ec8",
            "75fe2fda-259b-4780-b173-203251b6a1d3"
          ],
          "failures": [
            "705ddcc7-4dc7-45f1-a34c-3dc60bb83655"
          ],
          "pending": [],
          "skipped": [],
          "duration": 90065,
          "root": false,
          "rootEmpty": false,
          "_timeout": 2000
        }
      ],
      "passes": [],
      "failures": [],
      "pending": [],
      "skipped": [],
      "duration": 0,
      "root": true,
      "rootEmpty": true,
      "_timeout": 2000
    }
  ],
  "meta": {
    "mocha": {
      "version": "7.0.1"
    },
    "mochawesome": {
      "options": {
        "quiet": false,
        "reportFilename": "mochawesome",
        "saveHtml": false,
        "saveJson": true,
        "consoleReporter": "spec",
        "useInlineDiffs": false,
        "code": true
      },
      "version": "7.1.3"
    },
    "marge": {
      "options": {
        "charts": true,
        "reportDir": "cypress\\reports\\.jsons",
        "reportPageTitle": "Demo-title1",
        "embeddedScreenshots": true,
        "inlineAssets": true,
        "saveAllAttempts": false,
        "overwrite": false,
        "html": false,
        "json": true
      },
      "version": "6.2.0"
    }
  }
}