{
  "stats": {
    "suites": 0,
    "tests": 1,
    "passes": 1,
    "pending": 0,
    "failures": 0,
    "start": "2022-08-04T08:28:36.043Z",
    "end": "2022-08-04T08:28:50.169Z",
    "duration": 14126,
    "testsRegistered": 1,
    "passPercent": 100,
    "pendingPercent": 0,
    "other": 0,
    "hasOther": false,
    "skipped": 0,
    "hasSkipped": false
  },
  "results": [
    {
      "uuid": "7382979c-140b-42c7-81e6-e674aa2685df",
      "title": "",
      "fullFile": "cypress\\e2e\\Admin.cy.js",
      "file": "cypress\\e2e\\Admin.cy.js",
      "beforeHooks": [],
      "afterHooks": [],
      "tests": [
        {
          "title": "login",
          "fullTitle": "login",
          "timedOut": null,
          "duration": 14100,
          "state": "passed",
          "speed": "slow",
          "pass": true,
          "fail": false,
          "pending": false,
          "context": null,
          "code": "loginPage.toURL();\nloginPage.userName();\nloginPage.password();\nloginPage.clickSignIn();",
          "err": {},
          "uuid": "8424dcbd-5ae0-46c3-9b15-f4a6daa8ecbd",
          "parentUUID": "7382979c-140b-42c7-81e6-e674aa2685df",
          "isHook": false,
          "skipped": false
        }
      ],
      "suites": [],
      "passes": [
        "8424dcbd-5ae0-46c3-9b15-f4a6daa8ecbd"
      ],
      "failures": [],
      "pending": [],
      "skipped": [],
      "duration": 14100,
      "root": true,
      "rootEmpty": false,
      "_timeout": 2000
    }
  ],
  "meta": {
    "mocha": {
      "version": "7.0.1"
    },
    "mochawesome": {
      "options": {
        "quiet": false,
        "reportFilename": "mochawesome",
        "saveHtml": false,
        "saveJson": true,
        "consoleReporter": "spec",
        "useInlineDiffs": false,
        "code": true
      },
      "version": "7.1.3"
    },
    "marge": {
      "options": {
        "charts": true,
        "reportDir": "cypress\\reports\\.jsons",
        "reportPageTitle": "Demo-title1",
        "embeddedScreenshots": true,
        "inlineAssets": true,
        "saveAllAttempts": false,
        "overwrite": false,
        "html": false,
        "json": true
      },
      "version": "6.2.0"
    }
  }
}