{
  "stats": {
    "suites": 1,
    "tests": 1,
    "passes": 1,
    "pending": 0,
    "failures": 0,
    "start": "2022-08-29T05:03:17.549Z",
    "end": "2022-08-29T05:04:13.277Z",
    "duration": 55728,
    "testsRegistered": 1,
    "passPercent": 100,
    "pendingPercent": 0,
    "other": 0,
    "hasOther": false,
    "skipped": 0,
    "hasSkipped": false
  },
  "results": [
    {
      "uuid": "916301b9-1217-4d1f-8bf9-725e69218712",
      "title": "",
      "fullFile": "cypress\\e2e\\Listings.cy.js",
      "file": "cypress\\e2e\\Listings.cy.js",
      "beforeHooks": [],
      "afterHooks": [],
      "tests": [],
      "suites": [
        {
          "uuid": "adda039c-41fc-4f0f-a004-f2e945db2f6f",
          "title": "Listings",
          "fullFile": "",
          "file": "",
          "beforeHooks": [],
          "afterHooks": [],
          "tests": [
            {
              "title": "Edit Primary category - C3038",
              "fullTitle": "Listings Edit Primary category - C3038",
              "timedOut": null,
              "duration": 55584,
              "state": "passed",
              "speed": "slow",
              "pass": true,
              "fail": false,
              "pending": false,
              "context": null,
              "code": "Listing.Account();\nListing.settingsGear();\nListing.enableAllListings();\nListing.locationEdit();\ncy.contains('.ui-tabs-nav > .ui-state-default', 'Categories & Attributes').click();\ncy.get('.select2-search-choice > .select2-search-choice-close').click();\ncy.get('.primary_section').find('.input_container').click();\ncy.get('.select2-result-label').eq(4).click();\ncy.get('.btn_save').click();",
              "err": {},
              "uuid": "b7a70d4d-6b3c-4031-ba90-62a0ff36a9a4",
              "parentUUID": "adda039c-41fc-4f0f-a004-f2e945db2f6f",
              "isHook": false,
              "skipped": false
            }
          ],
          "suites": [],
          "passes": [
            "b7a70d4d-6b3c-4031-ba90-62a0ff36a9a4"
          ],
          "failures": [],
          "pending": [],
          "skipped": [],
          "duration": 55584,
          "root": false,
          "rootEmpty": false,
          "_timeout": 2000
        }
      ],
      "passes": [],
      "failures": [],
      "pending": [],
      "skipped": [],
      "duration": 0,
      "root": true,
      "rootEmpty": true,
      "_timeout": 2000
    }
  ],
  "meta": {
    "mocha": {
      "version": "7.0.1"
    },
    "mochawesome": {
      "options": {
        "quiet": false,
        "reportFilename": "mochawesome",
        "saveHtml": false,
        "saveJson": true,
        "consoleReporter": "spec",
        "useInlineDiffs": false,
        "code": true
      },
      "version": "7.1.3"
    },
    "marge": {
      "options": {
        "charts": true,
        "reportDir": "cypress\\reports\\.jsons",
        "reportPageTitle": "Demo-title1",
        "embeddedScreenshots": true,
        "inlineAssets": true,
        "saveAllAttempts": false,
        "overwrite": false,
        "html": false,
        "json": true
      },
      "version": "6.2.0"
    }
  }
}