{
  "stats": {
    "suites": 1,
    "tests": 24,
    "passes": 24,
    "pending": 1,
    "failures": -1,
    "start": "2024-05-24T11:51:48.861Z",
    "end": "2024-05-24T12:06:30.502Z",
    "duration": 881641,
    "testsRegistered": 25,
    "passPercent": 100,
    "pendingPercent": 4,
    "other": 1,
    "hasOther": true,
    "skipped": 1,
    "hasSkipped": true
  },
  "results": [
    {
      "uuid": "c260b1f5-f7fd-4bee-be7f-1ffb37af5d03",
      "title": "",
      "fullFile": "cypress\\e2e\\Post.cy.js",
      "file": "cypress\\e2e\\Post.cy.js",
      "beforeHooks": [],
      "afterHooks": [],
      "tests": [],
      "suites": [
        {
          "uuid": "4c9366bf-57b7-44cf-b2c5-368753d9c795",
          "title": "Locations/Social",
          "fullFile": "",
          "file": "",
          "beforeHooks": [],
          "afterHooks": [],
          "tests": [
            {
              "title": "login",
              "fullTitle": "Locations/Social login",
              "timedOut": null,
              "duration": 46812,
              "state": "passed",
              "speed": "slow",
              "pass": true,
              "fail": false,
              "pending": false,
              "context": null,
              "code": "cy.visit('/'); // cy.login('santosh')\n// cy.get('#password_login > :nth-child(2) > .input_email').type('skakade@meetsoci.com')\n// cy.get('.input_password').type('Logitech@2').type('{enter}')\n// cy.wait(5000)\ncy.url().should('include', '3854');\ncy.get('.admin_logo').should('be.visible');\ncy.title().should('eq', 'SOCi - Social Media Management... Solved'); // cy.wait(6000)\n// cy.get('#select2-chosen-4').click()\n// cy.contains('A-zone').click()\n// cy.wait(5000)",
              "err": {},
              "uuid": "4be04298-3bd8-4c39-8254-50122a5f5299",
              "parentUUID": "4c9366bf-57b7-44cf-b2c5-368753d9c795",
              "isHook": false,
              "skipped": false
            },
            {
              "title": " Publisher Status Check",
              "fullTitle": "Locations/Social  Publisher Status Check",
              "timedOut": null,
              "duration": 12939,
              "state": "passed",
              "speed": "slow",
              "pass": true,
              "fail": false,
              "pending": false,
              "context": null,
              "code": "cy.visit('/admin/account/3854/office/0/project/320406/social_hub#514735/feed');\ncy.wait('@Publisher');\ncy.request('/admin/account/3854/office/0/project/320406/social_hub?no_sidebar=1&no_layout=11').as('Publisher1');\ncy.get('@Publisher1').should('have.property', 'status', 200);",
              "err": {},
              "uuid": "b73226ca-c099-43de-8a03-b3242b516429",
              "parentUUID": "4c9366bf-57b7-44cf-b2c5-368753d9c795",
              "isHook": false,
              "skipped": false
            },
            {
              "title": "Create Location & Switch to Location - C2768, 69",
              "fullTitle": "Locations/Social Create Location & Switch to Location - C2768, 69",
              "timedOut": null,
              "duration": 30403,
              "state": "passed",
              "speed": "slow",
              "pass": true,
              "fail": false,
              "pending": false,
              "context": null,
              "code": "cy.visit('/admin/account/3854/locations');\ncy.get('.control_wrapper > .icon_button').click();\ncy.get('.location_name > .FormFieldView > .field_container > .input_container > .SingleLineInputView > input').type('AAAuto-Loc-to-D');\ncy.get('.primary_button').click({\n  force: true\n});\ncy.wait(5000);\ncy.get('.manage_networks_buttons > .gray_button').click();",
              "err": {},
              "uuid": "9633a231-f4a8-487f-9490-db7d1652d5b0",
              "parentUUID": "4c9366bf-57b7-44cf-b2c5-368753d9c795",
              "isHook": false,
              "skipped": false
            },
            {
              "title": "Edit Location - C2770",
              "fullTitle": "Locations/Social Edit Location - C2770",
              "timedOut": null,
              "duration": 51456,
              "state": "passed",
              "speed": "slow",
              "pass": true,
              "fail": false,
              "pending": false,
              "context": null,
              "code": "cy.visit('/admin/account/3854/office/0/project/321267');\ncy.wait(5000);\ncy.get('.project_details_button > .fa').click();\ncy.wait(5000);\ncy.get('.listings_name > .FormFieldView > .field_container > .input_container > .NetworkSingleLineInputView > :nth-child(1) > .network_container > :nth-child(1) > input').type('Edit'); // cy.get('.listings_name > .FormFieldView > .field_container > .input_container > .NetworkSingleLineInputView > :nth-child(1) > .network_container > :nth-child(1) > input[placeholder=\"No data\"]').type('Edit')\ncy.get('.btn_save').click(); //Clearing the Earlier step (Going back)\ncy.get('.project_details_button > .fa').click();\ncy.wait(5000);\ncy.get('.listings_name > .FormFieldView > .field_container > .input_container > .NetworkSingleLineInputView > :nth-child(1) > .network_container > :nth-child(1) > input').type('Edit').type('{selectAll}{backspace}');\ncy.get('.btn_save').click();",
              "err": {},
              "uuid": "5c9cf51f-0100-47c9-853d-50e3ded0ee1d",
              "parentUUID": "4c9366bf-57b7-44cf-b2c5-368753d9c795",
              "isHook": false,
              "skipped": false
            },
            {
              "title": "Delete Location - C2771",
              "fullTitle": "Locations/Social Delete Location - C2771",
              "timedOut": null,
              "duration": 34073,
              "state": "passed",
              "speed": "slow",
              "pass": true,
              "fail": false,
              "pending": false,
              "context": null,
              "code": "cy.visit('/admin/account/3854');\ncy.wait(5000);\ncy.get('#select2-chosen-4').click(); // cy.get('[class=\"select2-results\"][id=\"select2-results-4\"]').scrollTo('bottom')\ncy.contains('AAAuto-Loc-to-D').click();\ncy.wait(4000);\ncy.get('.project_details_button > .fa').click();\ncy.wait(5000);\ncy.get('.btn_delete').click();\ncy.get('.ui-dialog-buttonset > .primary_button').click();\ncy.wait(4000);",
              "err": {},
              "uuid": "88d09940-be5f-479b-9732-c16bbae7984a",
              "parentUUID": "4c9366bf-57b7-44cf-b2c5-368753d9c795",
              "isHook": false,
              "skipped": false
            },
            {
              "title": "UnCheck CAG",
              "fullTitle": "Locations/Social UnCheck CAG",
              "timedOut": null,
              "duration": 46529,
              "state": "passed",
              "speed": "slow",
              "pass": true,
              "fail": false,
              "pending": false,
              "context": null,
              "code": "cy.visit('/admin/account/3854/office/0/project/320512/scheduler_dashboard/week?t__SuggestedContentTab=Create');\ncy.wait(5000);\ncy.get('.control_wrapper > .fa-thumbs-up').click();\ncy.wait(4000);\ncy.get('.require_approval_block > .label_check').children('input').check({\n  force: true\n});\ncy.wait(4000);\ncy.contains('.label_check', 'Require Client Approval of future outgoing posts').click();\ncy.get('.secondary_button').click();",
              "err": {},
              "uuid": "6d592ff2-1058-4b60-9c21-d20c7af540a9",
              "parentUUID": "4c9366bf-57b7-44cf-b2c5-368753d9c795",
              "isHook": false,
              "skipped": false
            },
            {
              "title": "Social - C2773",
              "fullTitle": "Locations/Social Social - C2773",
              "timedOut": null,
              "duration": 32952,
              "state": "passed",
              "speed": "slow",
              "pass": true,
              "fail": false,
              "pending": false,
              "context": null,
              "code": "Cypress.on('uncaught:exception', (err, runnable) => {\n  // returning false here prevents Cypress from\n  // failing the test\n  return false;\n});\ncy.visit('/admin/account/3854/office/0/project/320512/scheduler_dashboard/week?t__SuggestedContentTab=Create');\ncy.wait(5000);\ncy.get('@getpublisher');\ncy.contains('Social').click(); // cy.wait(5000)\ncy.get('.btn_postnow').click(); // cy.wait(7000)\ncy.get('.EditPostView');\ncy.wait(5000);\ncy.get('.ComponentMessageEditor').type(xMen[Math.floor(Math.random() * 6)]); // cy.wait(4000)\ncy.get('.instagramNetwork').click(); // cy.get('.schedule > .label_check').click()\ncy.get('.gray_button').click();\ncy.wait(5000);",
              "err": {},
              "uuid": "1450cfaf-9f9f-489f-98af-caf9285325a5",
              "parentUUID": "4c9366bf-57b7-44cf-b2c5-368753d9c795",
              "isHook": false,
              "skipped": false
            },
            {
              "title": "Check Instagram",
              "fullTitle": "Locations/Social Check Instagram",
              "timedOut": null,
              "duration": 4329,
              "state": "passed",
              "speed": "fast",
              "pass": true,
              "fail": false,
              "pending": false,
              "context": null,
              "code": "// Going Back\ncy.get('.btn_postnow').click();\ncy.wait(4000);\ncy.get('.instagramNetwork').click();",
              "err": {},
              "uuid": "caac6dde-fff6-49ed-8ed4-d2a3208934f1",
              "parentUUID": "4c9366bf-57b7-44cf-b2c5-368753d9c795",
              "isHook": false,
              "skipped": false
            },
            {
              "title": "Post dynamic text on meta fields - C2775",
              "fullTitle": "Locations/Social Post dynamic text on meta fields - C2775",
              "timedOut": null,
              "duration": 34023,
              "state": "passed",
              "speed": "slow",
              "pass": true,
              "fail": false,
              "pending": false,
              "context": null,
              "code": "Cypress.on('uncaught:exception', (err, runnable) => {\n  return false;\n});\ncy.visit('/admin/account/3854/office/0/project/320406/scheduler_dashboard/week?t__SuggestedContentTab=Create');\ncy.wait(5000);\ncy.get('.btn_postnow').click();\ncy.wait(4000);\ncy.get('.ComponentMessageEditor').type('{%Name}' + '\\n' + '{%Website URL}', {\n  parseSpecialCharSequences: false\n});\ncy.get('.instagramNetwork').click();\ncy.get('.gray_button').click();",
              "err": {},
              "uuid": "13004d5a-3e8e-4793-9d90-ba206432cf1f",
              "parentUUID": "4c9366bf-57b7-44cf-b2c5-368753d9c795",
              "isHook": false,
              "skipped": false
            },
            {
              "title": "Schedule a Post - C2777",
              "fullTitle": "Locations/Social Schedule a Post - C2777",
              "timedOut": null,
              "duration": 43006,
              "state": "passed",
              "speed": "slow",
              "pass": true,
              "fail": false,
              "pending": false,
              "context": null,
              "code": "cy.visit('/admin/account/3854/office/0/project/320406/scheduler_dashboard/week?t__SuggestedContentTab=Create');\ncy.wait(6000);\ncy.get('.btn_postnow').click();\ncy.wait(4000);\ncy.get('.ComponentMessageEditor > .message_editable').type('Schedule Post');\ncy.wait(4000);\ncy.get('.btn_choose_image').click();\ncy.wait(4000);\ncy.get('.visual_container').first().click();\ncy.wait(4000);\ncy.get('.schedule > .label_check').children('input').check({\n  force: true\n});\ncy.wait(3000);\ncy.get('.gray_button').click();",
              "err": {},
              "uuid": "a31ca3d1-f677-4dfe-84d6-2f408a053dfd",
              "parentUUID": "4c9366bf-57b7-44cf-b2c5-368753d9c795",
              "isHook": false,
              "skipped": false
            },
            {
              "title": "Post Upload image",
              "fullTitle": "Locations/Social Post Upload image",
              "timedOut": null,
              "duration": 43256,
              "state": "passed",
              "speed": "slow",
              "pass": true,
              "fail": false,
              "pending": false,
              "context": null,
              "code": "const filepath = 'tesla.jpg';\ncy.visit('/admin/account/3854/office/0/project/320512/scheduler_dashboard/week?t__SuggestedContentTab=Create');\ncy.wait(5000);\ncy.contains('Social').click();\ncy.wait(5000);\ncy.get('.btn_postnow').click();\ncy.wait(5000);\ncy.get('.ComponentMessageEditor').type('Upload test- tesla');\ncy.wait(4000);\ncy.get('input[type=\"file\"]').eq(1).attachFile(filepath);\ncy.contains('.gray_button', 'Post Now').click();",
              "err": {},
              "uuid": "3b6431e7-0596-4197-a9bb-9db90ccc6c06",
              "parentUUID": "4c9366bf-57b7-44cf-b2c5-368753d9c795",
              "isHook": false,
              "skipped": false
            },
            {
              "title": "Post with Image - C2774",
              "fullTitle": "Locations/Social Post with Image - C2774",
              "timedOut": null,
              "duration": 39834,
              "state": "passed",
              "speed": "slow",
              "pass": true,
              "fail": false,
              "pending": false,
              "context": null,
              "code": "Cypress.on('uncaught:exception', (err, runnable) => {\n  // returning false here prevents Cypress from\n  // failing the test\n  return false;\n});\ncy.visit('/admin/account/3854/office/0/project/320512/scheduler_dashboard/week?t__SuggestedContentTab=Create');\ncy.wait(5000);\ncy.contains('Social').click();\ncy.wait(5000);\ncy.url().should('include', 'scheduler');\ncy.get('.btn_postnow').click();\ncy.get('.btn_choose_image').click();\ncy.get('[data-id=\"22603673\"] > .visual_container').click();\ncy.get('.ComponentMessageEditor').type('textwithImg');\ncy.get('.schedule > .label_check').click();\ncy.get('.gray_button').click();\ncy.wait(5000);",
              "err": {},
              "uuid": "6da0fd03-66a8-45ee-b10c-ddca60646728",
              "parentUUID": "4c9366bf-57b7-44cf-b2c5-368753d9c795",
              "isHook": false,
              "skipped": false
            },
            {
              "title": "Delete Published - C2782",
              "fullTitle": "Locations/Social Delete Published - C2782",
              "timedOut": null,
              "duration": 82372,
              "state": "passed",
              "speed": "slow",
              "pass": true,
              "fail": false,
              "pending": false,
              "context": null,
              "code": "cy.visit('/admin/account/3854/office/0/project/321267/scheduler_dashboard/week?t__SuggestedContentTab=Create');\ncy.wait(6000);\ncy.get('.btn_postnow').click();\ncy.wait(4000);\ncy.get('.ComponentMessageEditor').type('Post to delete');\ncy.wait(5000);\ncy.get('.instagramNetwork').click();\ncy.get('.gray_button').click();\ncy.wait(6000);\ncy.visit('/admin/account/3854/office/0/project/321267/scheduler_dashboard/week?t__SuggestedContentTab=Create');\ncy.wait(6000);\ncy.get('.facebook > .msg_container > .message_main').first().click();\ncy.wait(4000);\ncy.get('.edit_buttons > .warning_button').click(); // cy.get('[class=\"icon_button warning_button btn_del_message\"][title=\"Unpublish\"]').click()\ncy.wait(4000); // cy.contains('primary_button gray_button btn_submit', 'Unpublish').click()\n// cy.get('.DlgUtilityConfirm > .bbm-modal > .bbm-modal__bottombar > .primary_button').click({force:true})\n// cy.get('.DlgUtilityConfirm > .bbm-modal > .bbm-modal__bottombar').find('.primary_button').click({force:true})\ncy.contains('.DlgUtilityConfirm > .bbm-modal > .bbm-modal__bottombar > .primary_button', 'Unpublish').click({\n  force: true\n});",
              "err": {},
              "uuid": "adf0e75b-4f91-405c-a463-26458b0eed0d",
              "parentUUID": "4c9366bf-57b7-44cf-b2c5-368753d9c795",
              "isHook": false,
              "skipped": false
            },
            {
              "title": "URL shortner-C2785",
              "fullTitle": "Locations/Social URL shortner-C2785",
              "timedOut": null,
              "duration": 44985,
              "state": "passed",
              "speed": "slow",
              "pass": true,
              "fail": false,
              "pending": false,
              "context": null,
              "code": "Cypress.on('uncaught:exception', (err, runnable) => {\n  return false;\n});\ncy.visit('/admin/account/3854/office/0/project/321267/scheduler_dashboard/week?t__SuggestedContentTab=Create');\ncy.wait(6000);\ncy.get('.btn_postnow').click();\ncy.get('.btn_bitly').click();\ncy.get('.bbm-modal__section > input').type(CompleteURL);\ncy.get('.DlgUtilityInput > .bbm-modal > .bbm-modal__bottombar > .primary_button').click();\ncy.wait(7000);\ncy.get('.schedule > .label_check').click();\ncy.get('.ComponentMessageEditor').contains('bit.ly');\ncy.get('.gray_button').click();",
              "err": {},
              "uuid": "74c0ef06-5500-47b8-917a-769945374fe7",
              "parentUUID": "4c9366bf-57b7-44cf-b2c5-368753d9c795",
              "isHook": false,
              "skipped": false
            },
            {
              "title": "CAG",
              "fullTitle": "Locations/Social CAG",
              "timedOut": null,
              "duration": 0,
              "state": "pending",
              "speed": null,
              "pass": false,
              "fail": false,
              "pending": false,
              "context": null,
              "code": "let CAGLink = 'https://sneaky.meetsoci.com/approve?id=320406&token=1634799451';\ncy.visit('/admin/account/3854/office/0/project/320406/scheduler_dashboard/week?t__SuggestedContentTab=Create');\ncy.wait(5000);\ncy.get('.control_wrapper > .fa-thumbs-up').click();\ncy.get('.require_approval_block > .label_check').click();\ncy.get('.input_approval_url').type('{selectAll}');\ncy.get('.secondary_button').click(); //  .then( newWin=>{\n//     cy.wrap(newWin).type({ctrl}+{c})\n//     cy.visit({ctrl}+{v}, {failOnStatusCode: false})\n// })\ncy.get('.btn_postnow').click(); // cy.get('[data-hour=\"5\"] > .day_6').click()\ncy.get('.btn_choose_image').click();\ncy.get('[data-id=\"22603673\"] > .visual_container').click();\ncy.get('.ComponentMessageEditor').type('textwithImg');\ncy.get('.schedule > .label_check').click();\ncy.get('.gray_button').click();\ncy.visit(CAGLink);",
              "err": {},
              "uuid": "d96226af-d0cd-496b-94d5-ba6a68c59392",
              "parentUUID": "4c9366bf-57b7-44cf-b2c5-368753d9c795",
              "isHook": false,
              "skipped": true
            },
            {
              "title": "Future Post & Edit - C2778",
              "fullTitle": "Locations/Social Future Post & Edit - C2778",
              "timedOut": null,
              "duration": 64306,
              "state": "passed",
              "speed": "slow",
              "pass": true,
              "fail": false,
              "pending": false,
              "context": null,
              "code": "cy.visit('/admin/account/3854/office/0/project/320512/scheduler_dashboard/week?t__SuggestedContentTab=Create');\ncy.wait(5000);\ncy.get('.control_wrapper > .fa-thumbs-up').click();\ncy.wait(4000);\ncy.get('.require_approval_block > .label_check').children('input').check({\n  force: true\n});\ncy.get('.secondary_button').click();\ncy.wait(5000);\nfor (let i = 0; i < 9; i++) {\n  cy.get('.fa-angle-right').click();\n}\ncy.wait(4000);\ncy.get('[data-hour=\"20\"]').last().click();\ncy.wait(5000);\ncy.get('.ComponentMessageEditor').type('Future CAG-Post');\ncy.get('.btn_choose_image').click({\n  force: true\n});\ncy.wait(5000);\ncy.get('.visual_container').first().click();\ncy.wait(5000);\ncy.get('.gray_button').click();\ncy.wait(10000); //to edit\n// cy.get('[data-hour=\"20\"]').last().click()\ncy.log('Editing now');\ncy.get('.facebook > .msg_container > .message_main').click();\ncy.wait(4000);\ncy.get('.message_editable').type('Edited');\ncy.get('.gray_button').click({\n  force: true\n});\ncy.wait(5000);",
              "err": {},
              "uuid": "4428d8a3-460c-4ebe-9048-f43bb0dd6ebb",
              "parentUUID": "4c9366bf-57b7-44cf-b2c5-368753d9c795",
              "isHook": false,
              "skipped": false
            },
            {
              "title": "Reschedule Future Post - C2779,80",
              "fullTitle": "Locations/Social Reschedule Future Post - C2779,80",
              "timedOut": null,
              "duration": 4240,
              "state": "passed",
              "speed": "fast",
              "pass": true,
              "fail": false,
              "pending": false,
              "context": null,
              "code": "cy.get('.facebook > .msg_container > .message_main').click();\ncy.wait(4000);\ncy.get('.check_schedule_data > .first').click();\ncy.wait(3000);\ncy.get('.peak_and_add_container > .white_button').click();\ncy.get('.gray_button').click();\ncy.wait(5000);",
              "err": {},
              "uuid": "5fb74e36-a48c-4101-9f18-c6928fc686b3",
              "parentUUID": "4c9366bf-57b7-44cf-b2c5-368753d9c795",
              "isHook": false,
              "skipped": false
            },
            {
              "title": "Delete a future Post - C2781",
              "fullTitle": "Locations/Social Delete a future Post - C2781",
              "timedOut": null,
              "duration": 4071,
              "state": "passed",
              "speed": "fast",
              "pass": true,
              "fail": false,
              "pending": false,
              "context": null,
              "code": "cy.get('.facebook > .msg_container > .message_main').click();\ncy.wait(4000);\ncy.get('.btn_delete').click();\ncy.wait(4000);\ncy.get('.DlgUtilityConfirm > .bbm-modal > .bbm-modal__bottombar > .primary_button').click({\n  force: true\n});",
              "err": {},
              "uuid": "8fae4e0c-a61e-4f4e-8245-350145f95fd4",
              "parentUUID": "4c9366bf-57b7-44cf-b2c5-368753d9c795",
              "isHook": false,
              "skipped": false
            },
            {
              "title": "Approve a Post - C2783",
              "fullTitle": "Locations/Social Approve a Post - C2783",
              "timedOut": null,
              "duration": 29701,
              "state": "passed",
              "speed": "slow",
              "pass": true,
              "fail": false,
              "pending": false,
              "context": null,
              "code": "cy.visit(Smoke22CAG);\ncy.wait(4000);\ncy.contains('.approval_post_body > .approval_actions_area > .btn_approval_approve', 'Approve').first().click();",
              "err": {},
              "uuid": "e848c736-e995-4d68-8485-e5fd7ecd5596",
              "parentUUID": "4c9366bf-57b7-44cf-b2c5-368753d9c795",
              "isHook": false,
              "skipped": false
            },
            {
              "title": "Reject a Post - C2784",
              "fullTitle": "Locations/Social Reject a Post - C2784",
              "timedOut": null,
              "duration": 17993,
              "state": "passed",
              "speed": "slow",
              "pass": true,
              "fail": false,
              "pending": false,
              "context": null,
              "code": "cy.visit(Smoke22CAG); // cy.wait(4000)\ncy.wait(5000);\ncy.contains('.approval_post_body > .approval_actions_area > .btn_approval_reject', 'Reject').first().click(); // #post_49343982 > .approval_post_body > .rejection_actions_area > .rejection_textarea_container > .rejection_textarea\ncy.get('[class=\"rejection_textarea\"][name=\"reject_reason\"][placeholder=\"Explain why you are rejecting this message.\"]').first().type('Reject for test');\ncy.contains('.approval_post_body > .rejection_actions_area > .rejection_buttons_area > .btn_approval_reject_confirm', 'Confirm Rejection').click();",
              "err": {},
              "uuid": "80aebfeb-d457-420e-afa5-f58e6311fad9",
              "parentUUID": "4c9366bf-57b7-44cf-b2c5-368753d9c795",
              "isHook": false,
              "skipped": false
            },
            {
              "title": "Create Post Plans - C2786",
              "fullTitle": "Locations/Social Create Post Plans - C2786",
              "timedOut": null,
              "duration": 43410,
              "state": "passed",
              "speed": "slow",
              "pass": true,
              "fail": false,
              "pending": false,
              "context": null,
              "code": "cy.visit('/admin/account/3854/office/0/project/320512/scheduler_dashboard/week?t__SuggestedContentTab=Create');\ncy.wait(5000);\ncy.get('.btn_plans').click();\ncy.get('.primary_button').click();\ncy.get('.title').type('Post Planz');\ncy.get(':nth-child(4) > .label_check').click();\ncy.get(':nth-child(5) > .label_check').click();\ncy.get('div.allow_duplicates > .label_check').click();\ncy.contains('.select2-chosen', 'All libraries').click();\ncy.wait(4000); // cy.get('[class=\"select2-input\"][role=\"combobox\"]').last().click()\n// cy.get('.select2-input').last().type('___Loc-level-lib') //working css selectors path\ncy.xpath('/descendant::input[starts-with(@id,\"s2id_autogen\")][32]').type('___Loc-level-lib');\ncy.wait(5000);\ncy.get('.content_selector_element').click();\ncy.wait(5000);\ncy.get('.btn_next').click();\ncy.wait(5000);",
              "err": {},
              "uuid": "c58529b0-49fb-4f46-9471-6a1bd5cdd9c0",
              "parentUUID": "4c9366bf-57b7-44cf-b2c5-368753d9c795",
              "isHook": false,
              "skipped": false
            },
            {
              "title": "Delete Post Plans - C2787",
              "fullTitle": "Locations/Social Delete Post Plans - C2787",
              "timedOut": null,
              "duration": 48629,
              "state": "passed",
              "speed": "slow",
              "pass": true,
              "fail": false,
              "pending": false,
              "context": null,
              "code": "cy.visit('/admin/account/3854/office/0/project/320512/scheduler_dashboard/week?t__SuggestedContentTab=Create');\ncy.wait(5000);\ncy.get('.btn_plans').click();\ncy.wait(4000);\ncy.get(':nth-child(1) > .type_recurring > .plan_actions > .gray_button').click();\ncy.get('.DlgUtilityConfirm > .bbm-modal > .bbm-modal__bottombar > .primary_button').click({\n  force: true\n});\ncy.get('.bbm-modal__bottombar > .btn_cancel').click();",
              "err": {},
              "uuid": "e634a65f-4d2c-4aeb-b9f2-9204ac9add77",
              "parentUUID": "4c9366bf-57b7-44cf-b2c5-368753d9c795",
              "isHook": false,
              "skipped": false
            },
            {
              "title": "Dicovery Page - C2788",
              "fullTitle": "Locations/Social Dicovery Page - C2788",
              "timedOut": null,
              "duration": 45141,
              "state": "passed",
              "speed": "slow",
              "pass": true,
              "fail": false,
              "pending": false,
              "context": null,
              "code": "cy.visit('/admin/account/3854/office/0/project/320406/digger/rss');\ncy.wait(6000);\ncy.get('#plan_bar').should('be.visible');",
              "err": {},
              "uuid": "2519d5fb-ebd9-4d85-b4cb-d1e21dbbbab4",
              "parentUUID": "4c9366bf-57b7-44cf-b2c5-368753d9c795",
              "isHook": false,
              "skipped": false
            },
            {
              "title": "Queued Post - C2789",
              "fullTitle": "Locations/Social Queued Post - C2789",
              "timedOut": null,
              "duration": 21556,
              "state": "passed",
              "speed": "slow",
              "pass": true,
              "fail": false,
              "pending": false,
              "context": null,
              "code": "cy.visit('/admin/account/3854/upcoming');\ncy.wait(5000);\ncy.get('.message_inner').first().should('be.visible');",
              "err": {},
              "uuid": "20dc529b-93f1-412d-8c3b-f31834e02f60",
              "parentUUID": "4c9366bf-57b7-44cf-b2c5-368753d9c795",
              "isHook": false,
              "skipped": false
            },
            {
              "title": "Published Posts - C2790",
              "fullTitle": "Locations/Social Published Posts - C2790",
              "timedOut": null,
              "duration": 55149,
              "state": "passed",
              "speed": "slow",
              "pass": true,
              "fail": false,
              "pending": false,
              "context": null,
              "code": "cy.visit('/admin/account/3854/office/0/project/320512/social_hub#513749/feed');\ncy.wait('@Published'); // cy.wait(6000)\ncy.get('.message_inner').first().should('be.visible');",
              "err": {},
              "uuid": "e6076741-7382-48ea-9970-6f06cf72ee0e",
              "parentUUID": "4c9366bf-57b7-44cf-b2c5-368753d9c795",
              "isHook": false,
              "skipped": false
            }
          ],
          "suites": [],
          "passes": [
            "4be04298-3bd8-4c39-8254-50122a5f5299",
            "b73226ca-c099-43de-8a03-b3242b516429",
            "9633a231-f4a8-487f-9490-db7d1652d5b0",
            "5c9cf51f-0100-47c9-853d-50e3ded0ee1d",
            "88d09940-be5f-479b-9732-c16bbae7984a",
            "6d592ff2-1058-4b60-9c21-d20c7af540a9",
            "1450cfaf-9f9f-489f-98af-caf9285325a5",
            "caac6dde-fff6-49ed-8ed4-d2a3208934f1",
            "13004d5a-3e8e-4793-9d90-ba206432cf1f",
            "a31ca3d1-f677-4dfe-84d6-2f408a053dfd",
            "3b6431e7-0596-4197-a9bb-9db90ccc6c06",
            "6da0fd03-66a8-45ee-b10c-ddca60646728",
            "adf0e75b-4f91-405c-a463-26458b0eed0d",
            "74c0ef06-5500-47b8-917a-769945374fe7",
            "4428d8a3-460c-4ebe-9048-f43bb0dd6ebb",
            "5fb74e36-a48c-4101-9f18-c6928fc686b3",
            "8fae4e0c-a61e-4f4e-8245-350145f95fd4",
            "e848c736-e995-4d68-8485-e5fd7ecd5596",
            "80aebfeb-d457-420e-afa5-f58e6311fad9",
            "c58529b0-49fb-4f46-9471-6a1bd5cdd9c0",
            "e634a65f-4d2c-4aeb-b9f2-9204ac9add77",
            "2519d5fb-ebd9-4d85-b4cb-d1e21dbbbab4",
            "20dc529b-93f1-412d-8c3b-f31834e02f60",
            "e6076741-7382-48ea-9970-6f06cf72ee0e"
          ],
          "failures": [],
          "pending": [],
          "skipped": [
            "d96226af-d0cd-496b-94d5-ba6a68c59392"
          ],
          "duration": 881165,
          "root": false,
          "rootEmpty": false,
          "_timeout": 2000
        }
      ],
      "passes": [],
      "failures": [],
      "pending": [],
      "skipped": [],
      "duration": 0,
      "root": true,
      "rootEmpty": true,
      "_timeout": 2000
    }
  ],
  "meta": {
    "mocha": {
      "version": "7.0.1"
    },
    "mochawesome": {
      "options": {
        "quiet": false,
        "reportFilename": "mochawesome",
        "saveHtml": false,
        "saveJson": true,
        "consoleReporter": "spec",
        "useInlineDiffs": false,
        "code": true
      },
      "version": "7.1.3"
    },
    "marge": {
      "options": {
        "charts": true,
        "reportDir": "cypress\\reports\\.jsons",
        "reportPageTitle": "Demo-title1",
        "embeddedScreenshots": true,
        "inlineAssets": true,
        "saveAllAttempts": false,
        "overwrite": false,
        "html": false,
        "json": true
      },
      "version": "6.2.0"
    }
  }
}