{
  "stats": {
    "suites": 1,
    "tests": 29,
    "passes": 28,
    "pending": 0,
    "failures": 1,
    "start": "2022-11-21T06:35:37.333Z",
    "end": "2022-11-21T06:41:05.484Z",
    "duration": 328151,
    "testsRegistered": 29,
    "passPercent": 96.55172413793103,
    "pendingPercent": 0,
    "other": 0,
    "hasOther": false,
    "skipped": 0,
    "hasSkipped": false
  },
  "results": [
    {
      "uuid": "6abf7bd3-2a24-47db-80a1-2826c6ea0503",
      "title": "",
      "fullFile": "cypress\\e2e\\Listening.cy.js",
      "file": "cypress\\e2e\\Listening.cy.js",
      "beforeHooks": [],
      "afterHooks": [],
      "tests": [],
      "suites": [
        {
          "uuid": "af4fd0f0-5cea-4614-9208-f2bb0c32ead5",
          "title": "Listening",
          "fullFile": "",
          "file": "",
          "beforeHooks": [],
          "afterHooks": [],
          "tests": [
            {
              "title": "Insights Page-C2932,33",
              "fullTitle": "Listening Insights Page-C2932,33",
              "timedOut": null,
              "duration": 16486,
              "state": "failed",
              "speed": null,
              "pass": false,
              "fail": true,
              "pending": false,
              "context": "{\n  \"title\": \"cypress-mochawesome-reporter-screenshots\",\n  \"value\": [\n    [\n      {\n        \"title\": \"Failed screenshot\",\n        \"value\": \"\\\\Listening.cy.js\\\\Listening -- Insights Page-C2932,33 (failed).png\"\n      }\n    ]\n  ]\n}",
              "code": "cy.visit('/admin/account/3854/brand_engagements/2816'); // cy.wait(4000)\ncy.wait('@listen', {\n  timeout: 1000\n});\ncy.wait('@charts'); // cy.wait(5000)\ncy.get('g.highcharts-legend-item.highcharts-column-series.highcharts-color-0.highcharts-series-0 > rect').first().trigger('mouseover');\ncy.get('g.highcharts-legend-item.highcharts-column-series.highcharts-color-0.highcharts-series-0 > rect').last().trigger('mouseover');",
              "err": {
                "message": "CypressError: Timed out retrying after 5000ms: `cy.wait()` timed out waiting `5000ms` for the 1st request to the route: `charts`. No request ever occurred.\n\nhttps://on.cypress.io/wait",
                "estack": "CypressError: Timed out retrying after 5000ms: `cy.wait()` timed out waiting `5000ms` for the 1st request to the route: `charts`. No request ever occurred.\n\nhttps://on.cypress.io/wait\n    at cypressErr (https://sneaky.meetsoci.com/__cypress/runner/cypress_runner.js:170751:18)\n    at Object.errByPath (https://sneaky.meetsoci.com/__cypress/runner/cypress_runner.js:170820:10)\n    at checkForXhr (https://sneaky.meetsoci.com/__cypress/runner/cypress_runner.js:156210:92)\n    at https://sneaky.meetsoci.com/__cypress/runner/cypress_runner.js:156233:28\n    at tryCatcher (https://sneaky.meetsoci.com/__cypress/runner/cypress_runner.js:11318:23)\n    at Promise.attempt.Promise.try (https://sneaky.meetsoci.com/__cypress/runner/cypress_runner.js:8592:29)\n    at whenStable (https://sneaky.meetsoci.com/__cypress/runner/cypress_runner.js:162678:65)\n    at https://sneaky.meetsoci.com/__cypress/runner/cypress_runner.js:162132:14\n    at tryCatcher (https://sneaky.meetsoci.com/__cypress/runner/cypress_runner.js:11318:23)\n    at Promise._settlePromiseFromHandler (https://sneaky.meetsoci.com/__cypress/runner/cypress_runner.js:9253:31)\n    at Promise._settlePromise (https://sneaky.meetsoci.com/__cypress/runner/cypress_runner.js:9310:18)\n    at Promise._settlePromise0 (https://sneaky.meetsoci.com/__cypress/runner/cypress_runner.js:9355:10)\n    at Promise._settlePromises (https://sneaky.meetsoci.com/__cypress/runner/cypress_runner.js:9435:18)\n    at Promise._fulfill (https://sneaky.meetsoci.com/__cypress/runner/cypress_runner.js:9379:18)\n    at https://sneaky.meetsoci.com/__cypress/runner/cypress_runner.js:10993:46\nFrom Your Spec Code:\n    at Context.eval (https://sneaky.meetsoci.com/__cypress/tests?p=cypress\\e2e\\Listening.cy.js:123:8)",
                "diff": null
              },
              "uuid": "edc27c34-062b-4b44-9617-87719bf0cffb",
              "parentUUID": "af4fd0f0-5cea-4614-9208-f2bb0c32ead5",
              "isHook": false,
              "skipped": false
            },
            {
              "title": "Export XLSX-C2934",
              "fullTitle": "Listening Export XLSX-C2934",
              "timedOut": null,
              "duration": 16793,
              "state": "passed",
              "speed": "slow",
              "pass": true,
              "fail": false,
              "pending": false,
              "context": null,
              "code": "Cypress.on('fail', (error, runnable) => {\n  return false;\n});\ncy.visit('/admin/account/3854/brand_engagements/2816');\ncy.wait('@listen'); // cy.wait('@charts')\n// cy.get('.action_buttons > .icon_button').click()\ncy.get('.action_buttons > .icon_button').click({\n  force: true\n});\ncy.wait('@download'); // cy.get('.action_buttons > .icon_button').click()\ncy.get('.item_container > .ReportItemView > .item_row > .btn').first().click({\n  force: true\n});",
              "err": {},
              "uuid": "14874004-f8ca-4bcc-abad-c0c6658a45be",
              "parentUUID": "af4fd0f0-5cea-4614-9208-f2bb0c32ead5",
              "isHook": false,
              "skipped": false
            },
            {
              "title": "Engagements/Add tag-C2936",
              "fullTitle": "Listening Engagements/Add tag-C2936",
              "timedOut": null,
              "duration": 12593,
              "state": "passed",
              "speed": "slow",
              "pass": true,
              "fail": false,
              "pending": false,
              "context": null,
              "code": "cy.visit('/admin/account/3854/brand_engagements/2816');\ncy.wait('@listen');\ncy.contains('[data-name=\"all\"] > :nth-child(1) > .component_tab_text', 'All Engagements').click(); // cy.wait('@charts')\ncy.get('.show_duplicates').click({\n  force: true\n});\ncy.wait('@allEng');\ncy.get(':nth-child(2) > .hpanel > .panel-body > :nth-child(2) > .interaction > .btn-group > .btn-tag').last().click({\n  force: true\n});\ncy.get('.select2-input').last().type('Taggy');\ncy.get('.primary_button').click();\ncy.get('[data-cy=\"toast_message\"]').should('have.text', '\\n\\t\\tTags saved\\n\\t\\t\\n\\t');",
              "err": {},
              "uuid": "bb8aeaac-7485-4d2a-a3f2-b6c48fc4e100",
              "parentUUID": "af4fd0f0-5cea-4614-9208-f2bb0c32ead5",
              "isHook": false,
              "skipped": false
            },
            {
              "title": "Assign task-C2935",
              "fullTitle": "Listening Assign task-C2935",
              "timedOut": null,
              "duration": 14467,
              "state": "passed",
              "speed": "slow",
              "pass": true,
              "fail": false,
              "pending": false,
              "context": null,
              "code": "cy.visit('/admin/account/3854/brand_engagements/2816');\ncy.wait('@listen');\ncy.contains('[data-name=\"all\"] > :nth-child(1) > .component_tab_text', 'All Engagements').click();\ncy.wait('@allEng');\ncy.get('.btn-assign').first().click();\ncy.get('.bbm-modal__section').find('.select2-choice > .select2-arrow').click();\ncy.contains('.select2-result-label', 'Santosh Kakade Demo Account').click({\n  force: true\n});\ncy.get('.primary_button').click();\ncy.get('[data-cy=\"toast_message\"]').should('have.text', '\\n\\t\\tTask assigned\\n\\t\\t\\n\\t');",
              "err": {},
              "uuid": "86c0cf58-daa5-4b25-8fdd-07c6d0d7b307",
              "parentUUID": "af4fd0f0-5cea-4614-9208-f2bb0c32ead5",
              "isHook": false,
              "skipped": false
            },
            {
              "title": "Respond To a Task-C2937",
              "fullTitle": "Listening Respond To a Task-C2937",
              "timedOut": null,
              "duration": 13321,
              "state": "passed",
              "speed": "slow",
              "pass": true,
              "fail": false,
              "pending": false,
              "context": null,
              "code": "cy.visit('/admin/account/3854/brand_engagements/2816');\ncy.wait('@listen');\ncy.contains('[data-name=\"all\"] > :nth-child(1) > .component_tab_text', 'All Engagements').click();\ncy.wait('@allEng');\ncy.get('.interaction > .icon_button').first().click();\ncy.get('.message_editable').type('Thank you to response');\ncy.get('.bbm-modal__bottombar > .btn_cancel').click(); // cy.wait('@charts')",
              "err": {},
              "uuid": "b872ae16-be99-48b2-a950-c994909b9279",
              "parentUUID": "af4fd0f0-5cea-4614-9208-f2bb0c32ead5",
              "isHook": false,
              "skipped": false
            },
            {
              "title": "Resolve a task-C2938",
              "fullTitle": "Listening Resolve a task-C2938",
              "timedOut": null,
              "duration": 8838,
              "state": "passed",
              "speed": "medium",
              "pass": true,
              "fail": false,
              "pending": false,
              "context": null,
              "code": "cy.visit('/admin/account/3854/brand_engagements/2816');\ncy.wait('@listen');\ncy.contains('[data-name=\"all\"] > :nth-child(1) > .component_tab_text', 'All Engagements').click();\ncy.wait('@allEng');\ncy.get('.notif_checkbox > .label_check').first().click();\ncy.get('.resolve_Selected').click();\ncy.get('.primary_button').click();",
              "err": {},
              "uuid": "1c9a5ca6-d7ee-48ae-8851-e4158394e79c",
              "parentUUID": "af4fd0f0-5cea-4614-9208-f2bb0c32ead5",
              "isHook": false,
              "skipped": false
            },
            {
              "title": "Archive a task-C2939",
              "fullTitle": "Listening Archive a task-C2939",
              "timedOut": null,
              "duration": 14437,
              "state": "passed",
              "speed": "slow",
              "pass": true,
              "fail": false,
              "pending": false,
              "context": null,
              "code": "cy.visit('/admin/account/3854/brand_engagements/2816');\ncy.wait('@listen');\ncy.contains('[data-name=\"all\"] > :nth-child(1) > .component_tab_text', 'All Engagements').click();\ncy.wait('@allEng');\ncy.get('.btn-archive').first().click();\ncy.get('.primary_button').click(); // cy.wait('@charts')\ncy.get('[data-cy=\"toast_message\"]').should('have.text', '\\n\\t\\tTask archived\\n\\t\\t\\n\\t');",
              "err": {},
              "uuid": "81071fc0-852a-4a78-bf93-38db7966bb38",
              "parentUUID": "af4fd0f0-5cea-4614-9208-f2bb0c32ead5",
              "isHook": false,
              "skipped": false
            },
            {
              "title": "Unarchive a task-C",
              "fullTitle": "Listening Unarchive a task-C",
              "timedOut": null,
              "duration": 13599,
              "state": "passed",
              "speed": "slow",
              "pass": true,
              "fail": false,
              "pending": false,
              "context": null,
              "code": "cy.visit('/admin/account/3854/brand_engagements/2816');\ncy.wait('@listen');\ncy.contains('[data-name=\"all\"] > :nth-child(1) > .component_tab_text', 'All Engagements').click();\ncy.wait('@allEng');\ncy.get('.btn-archive').first().click();\ncy.get('.primary_button').click();\ncy.wait('@allEng'); // cy.wait('@unarchive')\ncy.get('[data-cy=\"toast_message\"]').should('have.text', '\\n\\t\\tTask Unarchived\\n\\t\\t\\n\\t');",
              "err": {},
              "uuid": "0a532f26-caa2-498c-a7bf-0ec9b1a11d14",
              "parentUUID": "af4fd0f0-5cea-4614-9208-f2bb0c32ead5",
              "isHook": false,
              "skipped": false
            },
            {
              "title": "Delete a Task-C2940",
              "fullTitle": "Listening Delete a Task-C2940",
              "timedOut": null,
              "duration": 10443,
              "state": "passed",
              "speed": "slow",
              "pass": true,
              "fail": false,
              "pending": false,
              "context": null,
              "code": "cy.visit('/admin/account/3854/brand_engagements/2816');\ncy.wait('@listen');\ncy.contains('[data-name=\"all\"] > :nth-child(1) > .component_tab_text', 'All Engagements').click();\ncy.wait('@allEng');\ncy.get('.show_duplicates').click({\n  force: true\n});\ncy.wait('@allEng');\ncy.get('.btn-delete').last().click(); // :nth-child(17) > .hpanel > .panel-body > :nth-child(2) > .interaction > .btn-group > .btn-delete\ncy.contains('.primary_button', 'Confirm').click({\n  force: true\n});",
              "err": {},
              "uuid": "a3683664-14c4-4921-8d04-5a1e6f7c3d76",
              "parentUUID": "af4fd0f0-5cea-4614-9208-f2bb0c32ead5",
              "isHook": false,
              "skipped": false
            },
            {
              "title": "Undelete-C",
              "fullTitle": "Listening Undelete-C",
              "timedOut": null,
              "duration": 8984,
              "state": "passed",
              "speed": "medium",
              "pass": true,
              "fail": false,
              "pending": false,
              "context": null,
              "code": "cy.visit('/admin/account/3854/brand_engagements/2816');\ncy.wait('@listen');\ncy.contains('[data-name=\"all\"] > :nth-child(1) > .component_tab_text', 'All Engagements').click();\ncy.wait('@allEng');\ncy.get('.show_duplicates').click({\n  force: true\n});\ncy.wait('@allEng');\ncy.get('.btn-delete').last().click(); // cy.wait('@charts')\ncy.contains('.primary_button', 'Confirm').click({\n  force: true\n});",
              "err": {},
              "uuid": "b9d4e7b9-8a30-4035-b415-17b1435135ed",
              "parentUUID": "af4fd0f0-5cea-4614-9208-f2bb0c32ead5",
              "isHook": false,
              "skipped": false
            },
            {
              "title": "Resolve a Task-C2941",
              "fullTitle": "Listening Resolve a Task-C2941",
              "timedOut": null,
              "duration": 9694,
              "state": "passed",
              "speed": "medium",
              "pass": true,
              "fail": false,
              "pending": false,
              "context": null,
              "code": "cy.visit('/admin/account/3854/brand_engagements/2816');\ncy.wait('@listen');\ncy.contains('[data-name=\"all\"] > :nth-child(1) > .component_tab_text', 'All Engagements').click();\ncy.wait('@allEng');\ncy.get('.notif_checkbox > .label_check').first().click();\ncy.get('.resolve_Selected').click();\ncy.contains('.primary_button', 'Confirm').click({\n  force: true\n});\ncy.wait('@allEng');",
              "err": {},
              "uuid": "9bdc5938-183e-4b0d-a4ec-1aad4314cdb8",
              "parentUUID": "af4fd0f0-5cea-4614-9208-f2bb0c32ead5",
              "isHook": false,
              "skipped": false
            },
            {
              "title": "Resolve All-C2942",
              "fullTitle": "Listening Resolve All-C2942",
              "timedOut": null,
              "duration": 456,
              "state": "passed",
              "speed": "fast",
              "pass": true,
              "fail": false,
              "pending": false,
              "context": null,
              "code": "cy.get('.resolve_All').click();\ncy.contains('.primary_button', 'Confirm').click({\n  force: true\n});",
              "err": {},
              "uuid": "b9f1d0c2-2b2c-4add-b9de-c300628e39f6",
              "parentUUID": "af4fd0f0-5cea-4614-9208-f2bb0c32ead5",
              "isHook": false,
              "skipped": false
            },
            {
              "title": "Archive All-C2943",
              "fullTitle": "Listening Archive All-C2943",
              "timedOut": null,
              "duration": 4241,
              "state": "passed",
              "speed": "fast",
              "pass": true,
              "fail": false,
              "pending": false,
              "context": null,
              "code": "cy.get('.archive_All').click();\ncy.contains('.primary_button', 'Confirm').click({\n  force: true\n}); // cy.wait(5000)\ncy.wait('@allEng');",
              "err": {},
              "uuid": "9120bc04-f62d-4fe0-9622-b4d510cdaecc",
              "parentUUID": "af4fd0f0-5cea-4614-9208-f2bb0c32ead5",
              "isHook": false,
              "skipped": false
            },
            {
              "title": "Archive Selected-C2944",
              "fullTitle": "Listening Archive Selected-C2944",
              "timedOut": null,
              "duration": 5415,
              "state": "passed",
              "speed": "medium",
              "pass": true,
              "fail": false,
              "pending": false,
              "context": null,
              "code": "cy.get('.notif_checkbox > .label_check').first().click();\ncy.get('.archive_Selected').click();\ncy.wait('@allEng');",
              "err": {},
              "uuid": "125dc579-245e-4505-ac1f-8d9320f2d92a",
              "parentUUID": "af4fd0f0-5cea-4614-9208-f2bb0c32ead5",
              "isHook": false,
              "skipped": false
            },
            {
              "title": "elements on the panel in All Engagements Tab-C2945",
              "fullTitle": "Listening elements on the panel in All Engagements Tab-C2945",
              "timedOut": null,
              "duration": 5815,
              "state": "passed",
              "speed": "medium",
              "pass": true,
              "fail": false,
              "pending": false,
              "context": null,
              "code": "cy.visit('/admin/account/3854/brand_engagements/2816');\ncy.wait('@listen');\ncy.contains('[data-name=\"all\"] > :nth-child(1) > .component_tab_text', 'All Engagements').click();\ncy.wait('@allEng');\ncy.contains('.select2-chosen', 'Sentiment').should('be.visible');\ncy.contains('.select2-chosen', 'Network').should('be.visible');\ncy.contains('.select2-chosen', 'Locations/Groups').should('be.visible');\ncy.get('.date-range-container').should('be.visible');\ncy.get('[class=\"selector_button \"][ref=\"selector_button\"]').should('be.visible');\ncy.get('[class=\"filter_container keywords\"][data-filter=\"keywords\"]').should('be.visible');\ncy.get('[class=\"filter_container tags\"][data-filter=\"tags\"]').should('be.visible');",
              "err": {},
              "uuid": "1bec69e9-2959-468a-ba74-9d774e04df9c",
              "parentUUID": "af4fd0f0-5cea-4614-9208-f2bb0c32ead5",
              "isHook": false,
              "skipped": false
            },
            {
              "title": "Elements on Sentiment-C2946",
              "fullTitle": "Listening Elements on Sentiment-C2946",
              "timedOut": null,
              "duration": 11328,
              "state": "passed",
              "speed": "slow",
              "pass": true,
              "fail": false,
              "pending": false,
              "context": null,
              "code": "cy.visit('/admin/account/3854/brand_engagements/2816');\ncy.wait('@listen');\ncy.contains('[data-name=\"all\"] > :nth-child(1) > .component_tab_text', 'All Engagements').click();\ncy.wait('@allEng');\ncy.contains('.select2-chosen', 'Sentiment').click(); // cy.wait('@charts')\ncy.contains('[class=\"select2-result-label\"]', 'Positive').click();\ncy.wait('@charts');\ncy.wait('@allEng');\ncy.contains('[title=\"Edit Sentiment\"]', 'Positive').should('be.visible');\ncy.contains('.select2-chosen', 'Positive').click(); // cy.wait(3000)\ncy.reload(); // cy.wait(5000)\ncy.wait('@listen');\ncy.contains('[data-name=\"all\"] > :nth-child(1) > .component_tab_text', 'All Engagements').click();\ncy.wait('@allEng');\ncy.wait('@charts');\ncy.contains('.select2-chosen', 'Sentiment').click();\ncy.wait('@charts');\ncy.contains('[class=\"select2-result-label\"]', 'Negative').click();\ncy.wait('@allEng');",
              "err": {},
              "uuid": "b2659212-ed5a-42a5-b1af-a034eab265f3",
              "parentUUID": "af4fd0f0-5cea-4614-9208-f2bb0c32ead5",
              "isHook": false,
              "skipped": false
            },
            {
              "title": "Elements on Network-C2947",
              "fullTitle": "Listening Elements on Network-C2947",
              "timedOut": null,
              "duration": 11159,
              "state": "passed",
              "speed": "slow",
              "pass": true,
              "fail": false,
              "pending": false,
              "context": null,
              "code": "cy.visit('/admin/account/3854/brand_engagements/2816');\ncy.wait('@listen');\ncy.contains('[data-name=\"all\"] > :nth-child(1) > .component_tab_text', 'All Engagements').click();\ncy.wait('@allEng');\ncy.get('[class=\"filter_container network\"][data-filter=\"network\"]').click();\ncy.contains('.select2-result-label', 'Facebook').click({\n  force: true\n});\ncy.wait(5000);\ncy.get('[class=\"filter_container network\"][data-filter=\"network\"]').click();\ncy.contains('.select2-result-label', 'Twitter').click({\n  force: true\n});",
              "err": {},
              "uuid": "888e28e0-13ea-4ffc-9ea8-cc15e573435f",
              "parentUUID": "af4fd0f0-5cea-4614-9208-f2bb0c32ead5",
              "isHook": false,
              "skipped": false
            },
            {
              "title": "DatePicker Data-C2948",
              "fullTitle": "Listening DatePicker Data-C2948",
              "timedOut": null,
              "duration": 7905,
              "state": "passed",
              "speed": "medium",
              "pass": true,
              "fail": false,
              "pending": false,
              "context": null,
              "code": "cy.visit('/admin/account/3854/brand_engagements/2816');\ncy.wait('@listen');\ncy.contains('[data-name=\"all\"] > :nth-child(1) > .component_tab_text', 'All Engagements').click();\ncy.wait('@allEng');\ncy.get('.date-range-container').click();\ncy.get('[data-range-key=\"All Time\"]').click();\ncy.wait('@allEng');\ncy.get('.date-range-container').click();\ncy.get('[data-range-key=\"Last 6 months\"]').click();",
              "err": {},
              "uuid": "987b8f03-7302-4ce1-a15c-a7e958ea9d82",
              "parentUUID": "af4fd0f0-5cea-4614-9208-f2bb0c32ead5",
              "isHook": false,
              "skipped": false
            },
            {
              "title": "Panel - Locations/Groups-C2949,50",
              "fullTitle": "Listening Panel - Locations/Groups-C2949,50",
              "timedOut": null,
              "duration": 8849,
              "state": "passed",
              "speed": "medium",
              "pass": true,
              "fail": false,
              "pending": false,
              "context": null,
              "code": "cy.visit('/admin/account/3854/brand_engagements/2816');\ncy.wait('@listen');\ncy.contains('[data-name=\"all\"] > :nth-child(1) > .component_tab_text', 'All Engagements').click();\ncy.wait('@allEng');\ncy.contains('.select2-chosen', 'Locations/Groups').click();\ncy.wait('@drpdwn');\ncy.contains('.content_selector_element', 'AUTO group').click();",
              "err": {},
              "uuid": "9bf3f309-fc39-4258-af08-639b19036627",
              "parentUUID": "af4fd0f0-5cea-4614-9208-f2bb0c32ead5",
              "isHook": false,
              "skipped": false
            },
            {
              "title": "Search-C2951",
              "fullTitle": "Listening Search-C2951",
              "timedOut": null,
              "duration": 5473,
              "state": "passed",
              "speed": "medium",
              "pass": true,
              "fail": false,
              "pending": false,
              "context": null,
              "code": "cy.visit('/admin/account/3854/brand_engagements/2816');\ncy.wait('@listen');\ncy.contains('[data-name=\"all\"] > :nth-child(1) > .component_tab_text', 'All Engagements').click();\ncy.wait('@allEng');\ncy.get('[placeholder=\"Search...\"]').type('Mocha');",
              "err": {},
              "uuid": "e8df2a0b-39ce-4ae9-988c-46c4a9a28e53",
              "parentUUID": "af4fd0f0-5cea-4614-9208-f2bb0c32ead5",
              "isHook": false,
              "skipped": false
            },
            {
              "title": "Tags-C2952",
              "fullTitle": "Listening Tags-C2952",
              "timedOut": null,
              "duration": 11998,
              "state": "passed",
              "speed": "slow",
              "pass": true,
              "fail": false,
              "pending": false,
              "context": null,
              "code": "cy.visit('/admin/account/3854/brand_engagements/2816');\ncy.wait('@listen');\ncy.contains('[data-name=\"all\"] > :nth-child(1) > .component_tab_text', 'All Engagements').click();\ncy.wait('@allEng');\ncy.get('[placeholder=\"Tags\"]').type('Tag');\ncy.wait('@allEng');\ncy.get('.col-xs-9 > .attr > .tags > .tag').should('be.visible');\ncy.get('.col-xs-9 > .attr > .tags > .tag').should('have.text', 'Tag');",
              "err": {},
              "uuid": "0ce51f97-513f-4afd-9d28-0f405c051c3e",
              "parentUUID": "af4fd0f0-5cea-4614-9208-f2bb0c32ead5",
              "isHook": false,
              "skipped": false
            },
            {
              "title": "Rules Verification-C2953",
              "fullTitle": "Listening Rules Verification-C2953",
              "timedOut": null,
              "duration": 6848,
              "state": "passed",
              "speed": "medium",
              "pass": true,
              "fail": false,
              "pending": false,
              "context": null,
              "code": "cy.visit('/admin/account/3854/brand_engagements/2816');\ncy.wait('@listen');\ncy.get('[data-name=\"rules\"]').click();\ncy.wait('@rules');\ncy.get('.rules_counter').should('be.visible');\ncy.get('.btn_add_text').should('be.visible');\ncy.get('.btn_export').should('be.visible');\ncy.get('.warning_button').should('be.visible');\ncy.get('.label').should('be.visible');\ncy.get('.ButtonSubscription').should('be.visible');\ncy.get('.MonitoringRulesView').should('be.visible');",
              "err": {},
              "uuid": "1d43ecf4-d455-4762-ad49-1e17b104cd2e",
              "parentUUID": "af4fd0f0-5cea-4614-9208-f2bb0c32ead5",
              "isHook": false,
              "skipped": false
            },
            {
              "title": "Create Rule-C2954",
              "fullTitle": "Listening Create Rule-C2954",
              "timedOut": null,
              "duration": 5468,
              "state": "passed",
              "speed": "medium",
              "pass": true,
              "fail": false,
              "pending": false,
              "context": null,
              "code": "cy.visit('/admin/account/3854/brand_engagements/2816');\ncy.wait('@listen');\ncy.get('[data-name=\"rules\"]').click();\ncy.wait('@rules');\ncy.get('.btn_add_text').click();\ncy.get('.rule_name').type(Hdate + 'AAA1');\ncy.get('.primary_button').click({\n  force: true\n});",
              "err": {},
              "uuid": "78f246b5-9740-4d83-afd7-f0cc3e838770",
              "parentUUID": "af4fd0f0-5cea-4614-9208-f2bb0c32ead5",
              "isHook": false,
              "skipped": false
            },
            {
              "title": "Pin a Rule-C2955",
              "fullTitle": "Listening Pin a Rule-C2955",
              "timedOut": null,
              "duration": 6757,
              "state": "passed",
              "speed": "medium",
              "pass": true,
              "fail": false,
              "pending": false,
              "context": null,
              "code": "cy.visit('/admin/account/3854/brand_engagements/2816');\ncy.wait('@listen');\ncy.get('[data-name=\"rules\"]').click();\ncy.wait('@rules');\ncy.contains('.label', 'More ').click();\ncy.contains('span[title=\"rule14\"]', 'rule14').siblings('input').check({\n  force: true\n});\ncy.contains('.component_tab_text', 'rule14').should('be.visible');",
              "err": {},
              "uuid": "c38f6e1f-2249-422c-b20f-062edf9cef0c",
              "parentUUID": "af4fd0f0-5cea-4614-9208-f2bb0c32ead5",
              "isHook": false,
              "skipped": false
            },
            {
              "title": "Uncheck the pinned-C",
              "fullTitle": "Listening Uncheck the pinned-C",
              "timedOut": null,
              "duration": 1264,
              "state": "passed",
              "speed": "fast",
              "pass": true,
              "fail": false,
              "pending": false,
              "context": null,
              "code": "cy.contains('.label', 'More ').click();\ncy.contains('span[title=\"rule14\"]', 'rule14').click({\n  force: true\n});\ncy.wait('@rules');",
              "err": {},
              "uuid": "46458a15-63bc-43b8-b9da-082d23b0bc5f",
              "parentUUID": "af4fd0f0-5cea-4614-9208-f2bb0c32ead5",
              "isHook": false,
              "skipped": false
            },
            {
              "title": "Edit rule-C2956",
              "fullTitle": "Listening Edit rule-C2956",
              "timedOut": null,
              "duration": 11107,
              "state": "passed",
              "speed": "slow",
              "pass": true,
              "fail": false,
              "pending": false,
              "context": null,
              "code": "cy.visit('/admin/account/3854/brand_engagements/2816');\ncy.wait('@listen');\ncy.get('[data-name=\"rules\"]').click();\ncy.wait('@rules');\ncy.get('.btn_rule_edit').first().click(); // :nth-child(1) > .hpanel > .panel-body > :nth-child(1) > .interaction > .btn-group > .btn_rule_edit\ncy.get('.rule_name').type('Edit');\ncy.get('.bbm-modal__bottombar > .active').click();\ncy.get('[data-cy=\"toast_message\"]').should('have.text', '\\n\\t\\tRule updated!\\n\\t\\t\\n\\t');",
              "err": {},
              "uuid": "cffd13ce-876c-4758-99e8-3c0c8daef0c3",
              "parentUUID": "af4fd0f0-5cea-4614-9208-f2bb0c32ead5",
              "isHook": false,
              "skipped": false
            },
            {
              "title": "Delete A Rule-C2957",
              "fullTitle": "Listening Delete A Rule-C2957",
              "timedOut": null,
              "duration": 6866,
              "state": "passed",
              "speed": "medium",
              "pass": true,
              "fail": false,
              "pending": false,
              "context": null,
              "code": "cy.visit('/admin/account/3854/brand_engagements/2816');\ncy.wait('@listen');\ncy.get('[data-name=\"rules\"]').click();\ncy.wait('@rules');\ncy.contains('p[class=\"rule-name\"]', 'AAA1').parents('[class=\"panel-body\"]').find('[aria-label=\"delete\"]').click();\ncy.get('.primary_button').click({\n  force: true\n});",
              "err": {},
              "uuid": "7caf69cf-d93c-4547-9118-a5f416c2bcaa",
              "parentUUID": "af4fd0f0-5cea-4614-9208-f2bb0c32ead5",
              "isHook": false,
              "skipped": false
            },
            {
              "title": "Export Rules/Export specific-C2959",
              "fullTitle": "Listening Export Rules/Export specific-C2959",
              "timedOut": null,
              "duration": 10119,
              "state": "passed",
              "speed": "slow",
              "pass": true,
              "fail": false,
              "pending": false,
              "context": null,
              "code": "Cypress.on('fail', (error, runnable) => {\n  return false;\n});\ncy.visit('/admin/account/3854/brand_engagements/2816');\ncy.wait('@listen');\ncy.get('[data-name=\"rules\"]').click();\ncy.wait('@rules');\ncy.get('.btn_export').click();\ncy.wait('@charts');",
              "err": {},
              "uuid": "2afc4840-7280-4cd5-a15c-922d1037237a",
              "parentUUID": "af4fd0f0-5cea-4614-9208-f2bb0c32ead5",
              "isHook": false,
              "skipped": false
            },
            {
              "title": "Export Specific-C2958",
              "fullTitle": "Listening Export Specific-C2958",
              "timedOut": null,
              "duration": 66922,
              "state": "passed",
              "speed": "slow",
              "pass": true,
              "fail": false,
              "pending": false,
              "context": null,
              "code": "Cypress.on('fail', (error, runnable) => {\n  return false;\n});\ncy.visit('/admin/account/3854/brand_engagements/2816');\ncy.wait('@listen');\ncy.get('[data-name=\"rules\"]').click();\ncy.wait('@rules');\ncy.contains('p[class=\"rule-name\"]', 'Sneakrule24').parents('[class=\"panel-body\"]').find('[aria-label=\"download\"]').click(); // cy.wait(5000)\ncy.wait('@charts');",
              "err": {},
              "uuid": "507b3a1f-8dde-46cd-9c3f-150f9d876d94",
              "parentUUID": "af4fd0f0-5cea-4614-9208-f2bb0c32ead5",
              "isHook": false,
              "skipped": false
            }
          ],
          "suites": [],
          "passes": [
            "14874004-f8ca-4bcc-abad-c0c6658a45be",
            "bb8aeaac-7485-4d2a-a3f2-b6c48fc4e100",
            "86c0cf58-daa5-4b25-8fdd-07c6d0d7b307",
            "b872ae16-be99-48b2-a950-c994909b9279",
            "1c9a5ca6-d7ee-48ae-8851-e4158394e79c",
            "81071fc0-852a-4a78-bf93-38db7966bb38",
            "0a532f26-caa2-498c-a7bf-0ec9b1a11d14",
            "a3683664-14c4-4921-8d04-5a1e6f7c3d76",
            "b9d4e7b9-8a30-4035-b415-17b1435135ed",
            "9bdc5938-183e-4b0d-a4ec-1aad4314cdb8",
            "b9f1d0c2-2b2c-4add-b9de-c300628e39f6",
            "9120bc04-f62d-4fe0-9622-b4d510cdaecc",
            "125dc579-245e-4505-ac1f-8d9320f2d92a",
            "1bec69e9-2959-468a-ba74-9d774e04df9c",
            "b2659212-ed5a-42a5-b1af-a034eab265f3",
            "888e28e0-13ea-4ffc-9ea8-cc15e573435f",
            "987b8f03-7302-4ce1-a15c-a7e958ea9d82",
            "9bf3f309-fc39-4258-af08-639b19036627",
            "e8df2a0b-39ce-4ae9-988c-46c4a9a28e53",
            "0ce51f97-513f-4afd-9d28-0f405c051c3e",
            "1d43ecf4-d455-4762-ad49-1e17b104cd2e",
            "78f246b5-9740-4d83-afd7-f0cc3e838770",
            "c38f6e1f-2249-422c-b20f-062edf9cef0c",
            "46458a15-63bc-43b8-b9da-082d23b0bc5f",
            "cffd13ce-876c-4758-99e8-3c0c8daef0c3",
            "7caf69cf-d93c-4547-9118-a5f416c2bcaa",
            "2afc4840-7280-4cd5-a15c-922d1037237a",
            "507b3a1f-8dde-46cd-9c3f-150f9d876d94"
          ],
          "failures": [
            "edc27c34-062b-4b44-9617-87719bf0cffb"
          ],
          "pending": [],
          "skipped": [],
          "duration": 327645,
          "root": false,
          "rootEmpty": false,
          "_timeout": 2000
        }
      ],
      "passes": [],
      "failures": [],
      "pending": [],
      "skipped": [],
      "duration": 0,
      "root": true,
      "rootEmpty": true,
      "_timeout": 2000
    }
  ],
  "meta": {
    "mocha": {
      "version": "7.0.1"
    },
    "mochawesome": {
      "options": {
        "quiet": false,
        "reportFilename": "mochawesome",
        "saveHtml": false,
        "saveJson": true,
        "consoleReporter": "spec",
        "useInlineDiffs": false,
        "code": true
      },
      "version": "7.1.3"
    },
    "marge": {
      "options": {
        "charts": true,
        "reportDir": "cypress\\reports\\.jsons",
        "reportPageTitle": "Demo-title1",
        "embeddedScreenshots": true,
        "inlineAssets": true,
        "saveAllAttempts": false,
        "overwrite": false,
        "html": false,
        "json": true
      },
      "version": "6.2.0"
    }
  }
}