{
  "stats": {
    "suites": 2,
    "tests": 1,
    "passes": 0,
    "pending": 27,
    "failures": -26,
    "start": "2024-05-24T11:19:18.721Z",
    "end": "2024-05-24T11:19:18.792Z",
    "duration": 71,
    "testsRegistered": 27,
    "passPercent": null,
    "pendingPercent": 100,
    "other": 26,
    "hasOther": true,
    "skipped": 27,
    "hasSkipped": true
  },
  "results": [
    {
      "uuid": "09d8a309-7d5b-4056-a5ed-04ac06b9902b",
      "title": "",
      "fullFile": "cypress\\e2e\\ignite.cy.js",
      "file": "cypress\\e2e\\ignite.cy.js",
      "beforeHooks": [],
      "afterHooks": [],
      "tests": [],
      "suites": [
        {
          "uuid": "1619da8f-6669-40d6-b6fa-0627428494d2",
          "title": "Ignite",
          "fullFile": "",
          "file": "",
          "beforeHooks": [],
          "afterHooks": [],
          "tests": [],
          "suites": [
            {
              "uuid": "d49a453e-90c7-4a41-888f-9d323385cc6c",
              "title": "Prod",
              "fullFile": "",
              "file": "",
              "beforeHooks": [],
              "afterHooks": [],
              "tests": [
                {
                  "title": "attnew",
                  "fullTitle": "Ignite Prod attnew",
                  "timedOut": null,
                  "duration": 0,
                  "state": "pending",
                  "speed": null,
                  "pass": false,
                  "fail": false,
                  "pending": false,
                  "context": null,
                  "code": "cy.visit('https://www.att.com/stores/new-jersey/westfield/215721');\ncy.wait(7000);\ncy.get(\".Text.attgn-page.w2gi-backbone\").then($obj => {\n  if ($obj.find(\".fsrInvite\").length > 0) {\n    cy.contains('.fsrButton__inviteDecline', 'No thanks').click();\n  } else {\n    cy.get('#search_input').clear({\n      force: true\n    });\n  }\n});\ncy.get('#search_input').type('50131');\ncy.wait(4000);\ncy.get('#search_button').click();",
                  "err": {},
                  "uuid": "554fe0d1-ac2c-44cb-8a60-9b52c7665842",
                  "parentUUID": "d49a453e-90c7-4a41-888f-9d323385cc6c",
                  "isHook": false,
                  "skipped": true
                },
                {
                  "title": "att",
                  "fullTitle": "Ignite Prod att",
                  "timedOut": null,
                  "duration": 0,
                  "state": "pending",
                  "speed": null,
                  "pass": false,
                  "fail": false,
                  "pending": false,
                  "context": null,
                  "code": "cy.visit('https://www.att.com/stores/new-jersey/westfield/215721');\ncy.wait(9000);\ncy.get('#fsrFullScreenContainer').then(main => {\n  console.log(main.find(\".fsrInvite\")); // if(main.find(\"No thanks\").length > 0  ){\n  //     cy.contains('No thanks').click()\n  // }\n}); // jquery text approach\n// cy.contains('.fsrButton__inviteDecline', 'No thanks').click()\n// cy.get('#main').then(($main) =>{\n//     if($main.text().includes('No thanks')) {\n//         cy.contains('.fsrButton__inviteDecline', 'No thanks').click()\n//     }else{\n//         cy.get('#search_input').clear({force:true})\n//     }\n// })\n// storing in variable \n// const nothanks = cy.contains('.fsrButton__inviteDecline', 'No thanks').should('exist')\n// if(nothanks){\n//     nothanks.click()\n// }else\n// {\n//     cy.get('#search_input')\n// }\n// whole element \n// cy.contains('.fsrButton__inviteDecline', 'No thanks').should('exist').then(($el)=>{\n//     if($el){\n//         cy.contains('.fsrButton__inviteDecline', 'No thanks').click()\n//     }else{\n//         cy.get('#search_input').clear()\n//     }\n// })\n// cy.wait(4000)\n// cy.get('.ButtonRedesign--primary').click()\n// cy.contains('Decline optional cookies').shadow().click({force:true})\n// cy.get('#gpc-banner-container').shadow().contains('Decline optional cookies').click()\n// cy.wait(8000)\n// cy.get('.Banner-wrapper').should('be.visible')\n// cy.get('.LocationPage').should('be.visible')\n// cy.get('.ButtonRedesign--primary').should('be.visible')\n// cy.get('#directionsBTN > .c-get-directions-button-wrapper > .c-get-directions-button').should('be.visible')\n// cy.get('#search_input').type('50131')\n// cy.get('#search_button').click()\n// // cy.get('[data-id=\"1\"]').should('be.visible')\n// // cy.get('.LocationPage > :nth-child(3)').should('be.visible')",
                  "err": {},
                  "uuid": "68ed09b5-91f1-4ed8-980f-88e0d2858eb5",
                  "parentUUID": "d49a453e-90c7-4a41-888f-9d323385cc6c",
                  "isHook": false,
                  "skipped": true
                },
                {
                  "title": "NorthFace",
                  "fullTitle": "Ignite Prod NorthFace",
                  "timedOut": null,
                  "duration": 0,
                  "state": "pending",
                  "speed": null,
                  "pass": false,
                  "fail": false,
                  "pending": false,
                  "context": null,
                  "code": "cy.visit('https://locations.thenorthface.com');\ncy.wait(5000);\ncy.get('#search_input').type('50266');\ncy.get('.button-search').click(); // cy.get(':nth-child(1) > .lblfilter > span').click()\ncy.get(':nth-child(1) > .poi-item > .poi_box').should('be.visible');\ncy.get(':nth-child(2) > .poi-item > .poi_box').should('be.visible');\ncy.get('#search_input').clear();\ncy.get('#search_input').type('50131');\ncy.get('.button-search').click();\ncy.get(':nth-child(1) > .poi-item > .poi_box').should('be.visible');\ncy.get(':nth-child(2) > .poi-item > .poi_box').should('be.visible');\ncy.get('#search_input').clear();\ncy.get('#search_input').type('Santa Clara');\ncy.get('.button-search').click();\ncy.wait(5000);\ncy.get(':nth-child(1) > .poi-item > .poi_box').should('be.visible');\ncy.get(':nth-child(2) > .poi-item > .poi_box').should('be.visible'); // cy.get('.address-wrapper').eq(0).should('have.text', '\\n                                        2855 stevens creek boulevard, santa clara, CA 95050\\n                                    ')\ncy.get(':nth-child(1) > .poi-item > .poi_box > .address-wrapper').then(function (e) {\n  const t = e.text();\n  expect(t).to.contains('santa clara');\n});\ncy.get('.filter-toggle').click();\ncy.get(':nth-child(1) > .lblfilter').click();\ncy.get(':nth-child(2) > .lblfilter').click();\ncy.get('.filter-toggle').click();\ncy.wait(4000);\ncy.get(':nth-child(1) > .poi-item > .poi_box').should('be.visible');",
                  "err": {},
                  "uuid": "d0e4f4d6-b356-4b36-b8c7-15f3b35b044e",
                  "parentUUID": "d49a453e-90c7-4a41-888f-9d323385cc6c",
                  "isHook": false,
                  "skipped": true
                },
                {
                  "title": "DSG",
                  "fullTitle": "Ignite Prod DSG",
                  "timedOut": null,
                  "duration": 0,
                  "state": "pending",
                  "speed": null,
                  "pass": false,
                  "fail": false,
                  "pending": false,
                  "context": null,
                  "code": "cy.visit('https://storelocator.dickssportinggoods.com');\ncy.wait(7000);\ncy.reload();\ncy.wait(7000);\ncy.get('#search_address').type('50266');\ncy.get('#search_button').click();\ncy.wait(6000);\ncy.get('tr[recnum=\"1\"] > :nth-child(1) > .location_row').should('be.visible');\ncy.get('tr[recnum=\"1\"] > :nth-child(1) > .location_row').click();\ncy.get('tr[recnum=\"1\"] > :nth-child(1) > .location_row > .col_4 > .actions > .get_directions > a > span.ga_w2gi_loc').click();\ncy.get('[style=\"width: 330px; height: 270px; position: relative;\"] > .mainbubblecontent > .mainbubbletabcontent > .activetabcontent > .bubble_directions > .bubble_form_2 > .bubble_input').type('50266'); // cy.get('.bubble_form_2 > .bubble_input[name=\"addressline\"]').type('50266')\n// cy.contains('.bubble_form_2 > .bubble_go ga_w2gi_loc',  'SUMBIT').click({force:true})\n// cy.get('input[class=\"bubble_go ga_w2gi_loc\"]').click({force: true})\n// cy.xpath(\"/descendant::form[contains(@onsubmit,'return')][2]//input[contains(@class,'bubble_go')]\").click()\ncy.get('[style=\"width: 330px; height: 270px; position: relative;\"] > .mainbubblecontent > .mainbubbletabcontent > .activetabcontent > .bubble_directions > .bubble_form_2 > .bubble_go').click();\ncy.contains('.address_line1', '50266').should('be.visible');",
                  "err": {},
                  "uuid": "a9d1925b-78fc-4092-9994-2e52568d6f65",
                  "parentUUID": "d49a453e-90c7-4a41-888f-9d323385cc6c",
                  "isHook": false,
                  "skipped": true
                },
                {
                  "title": "Vans",
                  "fullTitle": "Ignite Prod Vans",
                  "timedOut": null,
                  "duration": 0,
                  "state": "pending",
                  "speed": null,
                  "pass": false,
                  "fail": false,
                  "pending": false,
                  "context": null,
                  "code": "cy.visit('https://locations.vans.com/');\ncy.wait(5000);\ncy.get('#search_address').clear();\ncy.get('#search_address').type('50266'); // cy.get('select').click()\n// cy.get('#searchBtn').click()\ncy.get('#collection_poi > ul > :nth-child(1) > .cd-store-wrap > .cd-store-content > .store-contact-location > .map-mark').click();\ncy.get('[style=\"width: 276px; height: 245px; position: relative;\"] > .mainbubblecontent > .mainbubbletabcontent > .activetabcontent > [style=\"padding-top: 0.7em;\"] > form > #bubble-input').type('50266');\ncy.get('[style=\"width: 276px; height: 245px; position: relative;\"] > .mainbubblecontent > .mainbubbletabcontent > .activetabcontent > [style=\"padding-top: 0.7em;\"] > form > [type=\"submit\"]').click();",
                  "err": {},
                  "uuid": "dfffd4d7-03fc-4b57-8e3b-3d6c7c4691d6",
                  "parentUUID": "d49a453e-90c7-4a41-888f-9d323385cc6c",
                  "isHook": false,
                  "skipped": true
                },
                {
                  "title": "Office Depot",
                  "fullTitle": "Ignite Prod Office Depot",
                  "timedOut": null,
                  "duration": 0,
                  "state": "pending",
                  "speed": null,
                  "pass": false,
                  "fail": false,
                  "pending": false,
                  "context": null,
                  "code": "cy.visit('https://hosted.where2getit.com/officedepotprinting/index.html');\ncy.wait(5000); // cy.get('#search_country').click()\ncy.get('#search_input').type('50266');\ncy.get('.button-search').click();\ncy.get('#poi').should('be.visible');\ncy.get(':nth-child(1) > .poi-item > .sub_poi_wrapper > .poi_box').should('be.visible'); //select the search results \ncy.get(':nth-child(1) > .poi-item > .sub_poi_wrapper > .poi_box').click(); //entering for get direction & get direction\ncy.get('#input_moreinfo').type('50131');\ncy.get('#button_moreinfo > img').click();\ncy.get('.content-list').should('be.visible'); //back to search results\ncy.get('#search_return').click();",
                  "err": {},
                  "uuid": "2a1944df-3802-446b-89a4-53383dae4dc3",
                  "parentUUID": "d49a453e-90c7-4a41-888f-9d323385cc6c",
                  "isHook": false,
                  "skipped": true
                },
                {
                  "title": "New One",
                  "fullTitle": "Ignite Prod New One",
                  "timedOut": null,
                  "duration": 0,
                  "state": "pending",
                  "speed": null,
                  "pass": false,
                  "fail": false,
                  "pending": false,
                  "context": null,
                  "code": "cy.visit('http://hosted.where2getit.com/officedepottech/index.html');\ncy.wait(5000);\ncy.get('#search_input').type('50266');\ncy.get('.button-search').click();\ncy.get('#poi').should('be.visible');\ncy.get(':nth-child(1) > .poi-item > .sub_poi_wrapper > .poi_box').should('be.visible'); //select the search results \ncy.get(':nth-child(1) > .poi-item > .sub_poi_wrapper > .poi_box').click(); //entering for get direction & get direction\ncy.get('#input_moreinfo').type('50131');\ncy.get('#button_moreinfo > img').click();\ncy.get('.content-list').should('be.visible'); //back to search results\ncy.get('#search_return').click();",
                  "err": {},
                  "uuid": "96776055-4d2c-45f2-88ff-bd05cdc5e630",
                  "parentUUID": "d49a453e-90c7-4a41-888f-9d323385cc6c",
                  "isHook": false,
                  "skipped": true
                },
                {
                  "title": "Cheesecake",
                  "fullTitle": "Ignite Prod Cheesecake",
                  "timedOut": null,
                  "duration": 0,
                  "state": "pending",
                  "speed": null,
                  "pass": false,
                  "fail": false,
                  "pending": false,
                  "context": null,
                  "code": "cy.visit('http://hosted.where2getit.com/cheesecaketest/index.html');\ncy.wait(5000);\ncy.get('.zmdi').click();\ncy.get('.search-box').type('50266');\ncy.get('#search_button').click();\ncy.get('.poi-item').should('be.visible'); //Filters \ncy.reload();\ncy.wait(5000);\ncy.get('.zmdi').click();\ncy.get('.filterToggle').click();\ncy.get('#show-stores-checkbox').click({\n  force: true\n});\ncy.get('#show-stores-checkbox1').click({\n  force: true\n});\ncy.get('#show-stores-checkbox2').click({\n  force: true\n});\ncy.get('#show-stores-checkbox3').click({\n  force: true\n});",
                  "err": {},
                  "uuid": "ec943363-525f-46bf-b5d5-5343e21c64d4",
                  "parentUUID": "d49a453e-90c7-4a41-888f-9d323385cc6c",
                  "isHook": false,
                  "skipped": true
                },
                {
                  "title": "Burlingtondemo",
                  "fullTitle": "Ignite Prod Burlingtondemo",
                  "timedOut": null,
                  "duration": 0,
                  "state": "pending",
                  "speed": null,
                  "pass": false,
                  "fail": false,
                  "pending": false,
                  "context": null,
                  "code": "cy.visit('http://hosted.where2getit.com/burlingtondemo/index.html');\ncy.wait(5000);\ncy.get('#search_input').type('50266');\ncy.get('.button-search').click();\ncy.get('.sub_poi_wrapper').should('be.visible');\ncy.get('.sub_poi_wrapper').click(); //Get Directions\ncy.get('#input_moreinfo').type('50131');\ncy.get('#button_moreinfo > img').click();\ncy.get('#poi').should('be.visible');\ncy.get('.wrapper').should('be.visible');\ncy.get('#search_return').click();",
                  "err": {},
                  "uuid": "3dafba0d-5c8f-4c2e-94ce-c0a7c91a0903",
                  "parentUUID": "d49a453e-90c7-4a41-888f-9d323385cc6c",
                  "isHook": false,
                  "skipped": true
                },
                {
                  "title": "TraderJoes",
                  "fullTitle": "Ignite Prod TraderJoes",
                  "timedOut": null,
                  "duration": 0,
                  "state": "pending",
                  "speed": null,
                  "pass": false,
                  "fail": false,
                  "pending": false,
                  "context": null,
                  "code": "cy.visit('http://hosted.where2getit.com/testtraderjoestest/index.html');\ncy.wait(5000);\ncy.get('.zmdi').click();\ncy.get('.search-box').type('50266');\ncy.get('#search_button').click();\ncy.get('.poi-item').should('be.visible');\ncy.get('.poi_address > :nth-child(1) > a').click();\ncy.get('.direction_address').type('50131');\ncy.get('.search_arrow').click();\ncy.get('.content-list').should('be.visible');\ncy.get('.searchagain').click();",
                  "err": {},
                  "uuid": "fbf28d41-7664-4db5-aa47-a535ca7c201a",
                  "parentUUID": "d49a453e-90c7-4a41-888f-9d323385cc6c",
                  "isHook": false,
                  "skipped": true
                },
                {
                  "title": "Verify Home Page",
                  "fullTitle": "Ignite Prod Verify Home Page",
                  "timedOut": null,
                  "duration": 0,
                  "state": "pending",
                  "speed": null,
                  "pass": false,
                  "fail": false,
                  "pending": false,
                  "context": null,
                  "code": "cy.visit('https://benjerry.where2getit.com/');\ncy.wait(5000);\ncy.get('span:contains(\"Address or Postcode\")').should('be.visible');\ncy.get('input#inputaddress').should('be.visible');\ncy.get('select#search_country').should('be.visible');\ncy.get('input#search_button').should('be.visible');\ncy.get('span:contains(\"Offers Catering\")').should('be.visible');\ncy.get('input#CATERING').should('be.visible');\ncy.get('span:contains(\"Offers Ice Cream Cakes\")').should('be.visible');\ncy.get('input#CAKESFORSALE').should('be.visible');",
                  "err": {},
                  "uuid": "5ee17bf2-19a5-4b72-9205-09a1b612117f",
                  "parentUUID": "d49a453e-90c7-4a41-888f-9d323385cc6c",
                  "isHook": false,
                  "skipped": true
                },
                {
                  "title": "culvers",
                  "fullTitle": "Ignite Prod culvers",
                  "timedOut": null,
                  "duration": 0,
                  "state": "pending",
                  "speed": null,
                  "pass": false,
                  "fail": false,
                  "pending": false,
                  "context": null,
                  "code": "cy.visit('https://hosted.where2getit.com/culvers/index.2019.html');\ncy.wait(5000);\ncy.get('#search_input').type('50266');\ncy.get('.locator-search__bar > .button-search').click();\ncy.wait(5000);\ncy.get('[data-id=\"0\"]').should('be.visible');\ncy.get('[data-id=\"0\"] > .col_cont > .column_one').click();\ncy.get(':nth-child(12) > .input-custom').click();\ncy.get(':nth-child(13) > .input-custom').click();\ncy.get('[style=\"margin-top:15px;\"] > .input-custom').click();",
                  "err": {},
                  "uuid": "3c627b9d-f579-4bd5-a424-b2c1fe216580",
                  "parentUUID": "d49a453e-90c7-4a41-888f-9d323385cc6c",
                  "isHook": false,
                  "skipped": true
                },
                {
                  "title": "samashmusic",
                  "fullTitle": "Ignite Prod samashmusic",
                  "timedOut": null,
                  "duration": 0,
                  "state": "pending",
                  "speed": null,
                  "pass": false,
                  "fail": false,
                  "pending": false,
                  "context": null,
                  "code": "//SEARCH\ncy.visit('http://hosted.where2getit.com/samashmusic/index.html');\ncy.wait(5000);\ncy.get('.search-btn-wrapper > button.ga_w2gi_loc > .ga_w2gi_loc').click();\ncy.get('#search_input').type('90046');\ncy.get('.button-search-wrapper > .button-search').click(); //BY STATE\ncy.get('.close-searchbox').click();\ncy.get('.state-btn-wrapper > button.ga_w2gi_loc > .ga_w2gi_loc').click();\ncy.get('#state_pulldown').select('Arizona (1)'); // FILTERS\ncy.get('.close-state_select').click();\ncy.get('.filter-btn-wrapper > button.ga_w2gi_loc > .ga_w2gi_loc').click();\ncy.get('[tabindex=\"11\"] > .ga_w2gi_loc').click();\ncy.get('[tabindex=\"12\"] > .ga_w2gi_loc').click();\ncy.get('[tabindex=\"13\"] > .ga_w2gi_loc').click();\ncy.get('#filters > :nth-child(4) > .ga_w2gi_loc').click();\ncy.get(':nth-child(5) > .ga_w2gi_loc').click();\ncy.get(':nth-child(6) > .ga_w2gi_loc').click();\ncy.get(':nth-child(7) > .ga_w2gi_loc').click();",
                  "err": {},
                  "uuid": "04b121d8-b852-470e-ad06-6c439a572df7",
                  "parentUUID": "d49a453e-90c7-4a41-888f-9d323385cc6c",
                  "isHook": false,
                  "skipped": true
                },
                {
                  "title": "Golf galaxy",
                  "fullTitle": "Ignite Prod Golf galaxy",
                  "timedOut": null,
                  "duration": 0,
                  "state": "pending",
                  "speed": null,
                  "pass": false,
                  "fail": false,
                  "pending": false,
                  "context": null,
                  "code": "cy.visit('https://storelocator.golfgalaxy.com/index.html');\ncy.wait(4000);\ncy.reload();\ncy.wait(6000);\ncy.get('#search_input').type('50131');\ncy.get('.button-search').click();\ncy.wait(5000);\ncy.get('#search_input').clear();\ncy.get('#search_input').type('50266');\ncy.get('.button-search').click();",
                  "err": {},
                  "uuid": "0b5770c7-24a1-4236-a3d7-7bdfadaa664a",
                  "parentUUID": "d49a453e-90c7-4a41-888f-9d323385cc6c",
                  "isHook": false,
                  "skipped": true
                },
                {
                  "title": "Labcorp",
                  "fullTitle": "Ignite Prod Labcorp",
                  "timedOut": null,
                  "duration": 0,
                  "state": "pending",
                  "speed": null,
                  "pass": false,
                  "fail": false,
                  "pending": false,
                  "context": null,
                  "code": "cy.visit('http://hosted.where2getit.com/labcorp/index.html');\ncy.wait(5000);\ncy.get('.zmdi').click();\ncy.get('.search-box').type('50266');\ncy.get('#search_button').click();\ncy.get('[data-id=\"0\"]').should('be.visible');\ncy.get('.search-box').clear();\ncy.get('.search-box').type('550131');\ncy.get('#search_button').click();\ncy.get('[data-id=\"0\"]').should('be.visible');",
                  "err": {},
                  "uuid": "f2eab88b-d57f-4c7b-a332-8a1d7af3ad5d",
                  "parentUUID": "d49a453e-90c7-4a41-888f-9d323385cc6c",
                  "isHook": false,
                  "skipped": true
                },
                {
                  "title": "rossdressforless",
                  "fullTitle": "Ignite Prod rossdressforless",
                  "timedOut": null,
                  "duration": 0,
                  "state": "pending",
                  "speed": null,
                  "pass": false,
                  "fail": false,
                  "pending": false,
                  "context": null,
                  "code": "cy.visit('http://hosted.where2getit.com/testrossdressforlesstest/index.html');\ncy.wait(5000);\ncy.get('.zmdi').click();\ncy.get('.search-box').type('50266');\ncy.get('#search_button').click();\ncy.get('[data-id=\"0\"]').should('be.visible');",
                  "err": {},
                  "uuid": "13856eb9-495f-45a8-a7ae-4702dec10474",
                  "parentUUID": "d49a453e-90c7-4a41-888f-9d323385cc6c",
                  "isHook": false,
                  "skipped": true
                },
                {
                  "title": "skecherscz",
                  "fullTitle": "Ignite Prod skecherscz",
                  "timedOut": null,
                  "duration": 0,
                  "state": "pending",
                  "speed": null,
                  "pass": false,
                  "fail": false,
                  "pending": false,
                  "context": null,
                  "code": "cy.visit('http://hosted.where2getit.com/skecherscz/index.html');\nHosted.search();\nHosted.selectFilters();",
                  "err": {},
                  "uuid": "655eadd3-6b7c-4b72-bdd8-963b3f98105c",
                  "parentUUID": "d49a453e-90c7-4a41-888f-9d323385cc6c",
                  "isHook": false,
                  "skipped": true
                },
                {
                  "title": "skechersde",
                  "fullTitle": "Ignite Prod skechersde",
                  "timedOut": null,
                  "duration": 0,
                  "state": "pending",
                  "speed": null,
                  "pass": false,
                  "fail": false,
                  "pending": false,
                  "context": null,
                  "code": "cy.visit('http://hosted.where2getit.com/skechersde/index.html');\nHosted.search();\nHosted.selectFilters();",
                  "err": {},
                  "uuid": "9bdb02dc-3857-4c2f-bcb9-073aae4163ad",
                  "parentUUID": "d49a453e-90c7-4a41-888f-9d323385cc6c",
                  "isHook": false,
                  "skipped": true
                },
                {
                  "title": "skechersfr",
                  "fullTitle": "Ignite Prod skechersfr",
                  "timedOut": null,
                  "duration": 0,
                  "state": "pending",
                  "speed": null,
                  "pass": false,
                  "fail": false,
                  "pending": false,
                  "context": null,
                  "code": "cy.visit('http://hosted.where2getit.com/skechersfr/index.html');\nHosted.search();\nHosted.selectFilters();",
                  "err": {},
                  "uuid": "c79f90d5-d31d-4504-9355-0f20bccd413b",
                  "parentUUID": "d49a453e-90c7-4a41-888f-9d323385cc6c",
                  "isHook": false,
                  "skipped": true
                },
                {
                  "title": "skechershu",
                  "fullTitle": "Ignite Prod skechershu",
                  "timedOut": null,
                  "duration": 0,
                  "state": "pending",
                  "speed": null,
                  "pass": false,
                  "fail": false,
                  "pending": false,
                  "context": null,
                  "code": "cy.visit('http://hosted.where2getit.com/skechershu/index.html');\nHosted.search();\nHosted.selectFilters();",
                  "err": {},
                  "uuid": "3f40ce1a-aad1-481c-b85e-3d92f578c073",
                  "parentUUID": "d49a453e-90c7-4a41-888f-9d323385cc6c",
                  "isHook": false,
                  "skipped": true
                },
                {
                  "title": "skechersit",
                  "fullTitle": "Ignite Prod skechersit",
                  "timedOut": null,
                  "duration": 0,
                  "state": "pending",
                  "speed": null,
                  "pass": false,
                  "fail": false,
                  "pending": false,
                  "context": null,
                  "code": "cy.visit('http://hosted.where2getit.com/skechersit/index.html');\nHosted.search();\nHosted.selectFilters();",
                  "err": {},
                  "uuid": "1d7abe2e-0694-4e6b-82f3-73d9cf00abf5",
                  "parentUUID": "d49a453e-90c7-4a41-888f-9d323385cc6c",
                  "isHook": false,
                  "skipped": true
                },
                {
                  "title": "skechersjp",
                  "fullTitle": "Ignite Prod skechersjp",
                  "timedOut": null,
                  "duration": 0,
                  "state": "pending",
                  "speed": null,
                  "pass": false,
                  "fail": false,
                  "pending": false,
                  "context": null,
                  "code": "cy.visit('http://hosted.where2getit.com/skechersjp/index.html');\nHosted.search();\nHosted.selectFilters();",
                  "err": {},
                  "uuid": "ea846660-6322-4ae4-96f6-44f3684ce290",
                  "parentUUID": "d49a453e-90c7-4a41-888f-9d323385cc6c",
                  "isHook": false,
                  "skipped": true
                },
                {
                  "title": "skechersla",
                  "fullTitle": "Ignite Prod skechersla",
                  "timedOut": null,
                  "duration": 0,
                  "state": "pending",
                  "speed": null,
                  "pass": false,
                  "fail": false,
                  "pending": false,
                  "context": null,
                  "code": "cy.visit('http://hosted.where2getit.com/skechersla/index.html');\nHosted.search();\nHosted.selectFilters();",
                  "err": {},
                  "uuid": "c10df4a2-215f-49ac-9420-df1e68ad0571",
                  "parentUUID": "d49a453e-90c7-4a41-888f-9d323385cc6c",
                  "isHook": false,
                  "skipped": true
                },
                {
                  "title": "skechersnl",
                  "fullTitle": "Ignite Prod skechersnl",
                  "timedOut": null,
                  "duration": 0,
                  "state": "pending",
                  "speed": null,
                  "pass": false,
                  "fail": false,
                  "pending": false,
                  "context": null,
                  "code": "cy.visit('http://hosted.where2getit.com/skechersnl/index.html');\ncy.wait(4000);\nHosted.search();\nHosted.selectFilters();",
                  "err": {},
                  "uuid": "3b76a78a-eebd-40a1-8a44-ffc85224849f",
                  "parentUUID": "d49a453e-90c7-4a41-888f-9d323385cc6c",
                  "isHook": false,
                  "skipped": true
                },
                {
                  "title": "amazon",
                  "fullTitle": "Ignite Prod amazon",
                  "timedOut": null,
                  "duration": 0,
                  "state": "pending",
                  "speed": null,
                  "pass": false,
                  "fail": false,
                  "pending": false,
                  "context": null,
                  "code": "cy.visit('https://hosted.meetsoci.com/amazonfreshfc/index.html');\ncy.wait(5000);\nHosted.search();\ncy.get('#filter_button > img').click();\ncy.get('#filter1').click();\ncy.get('#filter2').click();\ncy.get('#filter3').click();\ncy.get('#filter4').click();\ncy.get('.closeFilters').click();",
                  "err": {},
                  "uuid": "a95c7a87-0c81-45bf-8575-b3432797dcdd",
                  "parentUUID": "d49a453e-90c7-4a41-888f-9d323385cc6c",
                  "isHook": false,
                  "skipped": true
                },
                {
                  "title": "amazon fresh",
                  "fullTitle": "Ignite Prod amazon fresh",
                  "timedOut": null,
                  "duration": 0,
                  "state": "pending",
                  "speed": null,
                  "pass": false,
                  "fail": false,
                  "pending": false,
                  "context": null,
                  "code": "cy.visit('https://hosted.where2getit.com/amazonfresh/index.html');\ncy.wait(4000);\nHosted.search();\ncy.get('#filter_button').click();\ncy.get(':nth-child(2) > .filter_unselected').click();\ncy.get(':nth-child(3) > .filter_unselected').click();\ncy.get(':nth-child(4) > .filter_unselected').click();\ncy.get(':nth-child(5) > .filter_unselected').click();\ncy.get('#apply_button').click();",
                  "err": {},
                  "uuid": "cfb36e20-5574-4b50-8bca-4bfe6f5b1e70",
                  "parentUUID": "d49a453e-90c7-4a41-888f-9d323385cc6c",
                  "isHook": false,
                  "skipped": true
                },
                {
                  "title": "baseettfurniture",
                  "fullTitle": "Ignite Prod baseettfurniture",
                  "timedOut": null,
                  "duration": 0,
                  "state": "pending",
                  "speed": null,
                  "pass": false,
                  "fail": false,
                  "pending": false,
                  "context": null,
                  "code": "cy.visit('http://hosted.where2getit.com/bassettfurniture/index.html');\ncy.wait(5000);\ncy.get('.filter_btn').click();\ncy.get(':nth-child(1) > label').click();\ncy.get('ul > :nth-child(2) > label').click();\ncy.get(':nth-child(3) > label').click();\ncy.get(':nth-child(4) > label').click();\ncy.get(':nth-child(5) > label').click();\ncy.get(':nth-child(6) > label').click();\ncy.get(':nth-child(7) > label').click();\ncy.get(':nth-child(8) > label').click();\ncy.get('.filter_btn').click();\ncy.get('#search_input').clear();\ncy.get('#search_input').type('90046 {enter}');\ncy.wait(5000);\ncy.get('.poi-item').first().should('be.visible');\ncy.get('#search_input').clear();\ncy.get('#search_input').type('santa clara {enter}');\ncy.wait(5000);\ncy.get('.poi-item').first().should('be.visible');",
                  "err": {},
                  "uuid": "abd78c1c-ac37-49ef-ac15-9eb3480ed4d5",
                  "parentUUID": "d49a453e-90c7-4a41-888f-9d323385cc6c",
                  "isHook": false,
                  "skipped": true
                }
              ],
              "suites": [],
              "passes": [],
              "failures": [],
              "pending": [],
              "skipped": [
                "554fe0d1-ac2c-44cb-8a60-9b52c7665842",
                "68ed09b5-91f1-4ed8-980f-88e0d2858eb5",
                "d0e4f4d6-b356-4b36-b8c7-15f3b35b044e",
                "a9d1925b-78fc-4092-9994-2e52568d6f65",
                "dfffd4d7-03fc-4b57-8e3b-3d6c7c4691d6",
                "2a1944df-3802-446b-89a4-53383dae4dc3",
                "96776055-4d2c-45f2-88ff-bd05cdc5e630",
                "ec943363-525f-46bf-b5d5-5343e21c64d4",
                "3dafba0d-5c8f-4c2e-94ce-c0a7c91a0903",
                "fbf28d41-7664-4db5-aa47-a535ca7c201a",
                "5ee17bf2-19a5-4b72-9205-09a1b612117f",
                "3c627b9d-f579-4bd5-a424-b2c1fe216580",
                "04b121d8-b852-470e-ad06-6c439a572df7",
                "0b5770c7-24a1-4236-a3d7-7bdfadaa664a",
                "f2eab88b-d57f-4c7b-a332-8a1d7af3ad5d",
                "13856eb9-495f-45a8-a7ae-4702dec10474",
                "655eadd3-6b7c-4b72-bdd8-963b3f98105c",
                "9bdb02dc-3857-4c2f-bcb9-073aae4163ad",
                "c79f90d5-d31d-4504-9355-0f20bccd413b",
                "3f40ce1a-aad1-481c-b85e-3d92f578c073",
                "1d7abe2e-0694-4e6b-82f3-73d9cf00abf5",
                "ea846660-6322-4ae4-96f6-44f3684ce290",
                "c10df4a2-215f-49ac-9420-df1e68ad0571",
                "3b76a78a-eebd-40a1-8a44-ffc85224849f",
                "a95c7a87-0c81-45bf-8575-b3432797dcdd",
                "cfb36e20-5574-4b50-8bca-4bfe6f5b1e70",
                "abd78c1c-ac37-49ef-ac15-9eb3480ed4d5"
              ],
              "duration": 0,
              "root": false,
              "rootEmpty": false,
              "_timeout": 2000
            }
          ],
          "passes": [],
          "failures": [],
          "pending": [],
          "skipped": [],
          "duration": 0,
          "root": false,
          "rootEmpty": false,
          "_timeout": 2000
        }
      ],
      "passes": [],
      "failures": [],
      "pending": [],
      "skipped": [],
      "duration": 0,
      "root": true,
      "rootEmpty": true,
      "_timeout": 2000
    }
  ],
  "meta": {
    "mocha": {
      "version": "7.0.1"
    },
    "mochawesome": {
      "options": {
        "quiet": false,
        "reportFilename": "mochawesome",
        "saveHtml": false,
        "saveJson": true,
        "consoleReporter": "spec",
        "useInlineDiffs": false,
        "code": true
      },
      "version": "7.1.3"
    },
    "marge": {
      "options": {
        "charts": true,
        "reportDir": "cypress\\reports\\.jsons",
        "reportPageTitle": "Demo-title1",
        "embeddedScreenshots": true,
        "inlineAssets": true,
        "saveAllAttempts": false,
        "overwrite": false,
        "html": false,
        "json": true
      },
      "version": "6.2.0"
    }
  }
}